(1) A->B->A (Сх. акс. 1)
(2) (A->B)->(A->B->C)->A->C (Сх. акс. 2)
(3) A&B->A (Сх. акс. 4)
(4) A&B->B (Сх. акс. 5)
(5) A->B->A&B (Сх. акс. 3)
(6) A->A|B (Сх. акс. 6)
(7) B->A|B (Сх. акс. 7)
(8) (A->Q)->(B->Q)->A|B->Q (Сх. акс. 8)
(9) (A->B)->(A->!B)->!A (Сх. акс. 9)
(10) !!A->A (Сх. акс. 10)
(11) @xA(x)->A(y) (Сх. акс. 11)
(12) A(y)->?yA(y) (Сх. акс. 12)
(13) a=b->a'=b' (Акс. А1)
(14) a=b->a=c->b=c (Акс. А2)
(15) a'=b'->a=b (Акс. А3)
(16) !a'=0 (Акс. А4)
(17) a+b'=(a+b)' (Акс. А5)
(18) a+0=a (Акс. А6)
(19) a*b'=a*b+a (Акс. А8)
(20) A(0)&@x(A(x)->A(x'))->A(x) (Акс. А9)

