|-P(a)->@xP(a)
P(a)->P(a)->P(a)
P(a)->(P(a)->P(a))->P(a)
(P(a)->P(a)->P(a))->(P(a)->(P(a)->P(a))->P(a))->P(a)->P(a)
(P(a)->(P(a)->P(a))->P(a))->P(a)->P(a)
P(a)->P(a)
A->A->A
(A->A->A)->P(a)->A->A->A
P(a)->A->A->A
P(a)->(A->A->A)->P(a)
(P(a)->(A->A->A)->P(a))->P(a)->P(a)->(A->A->A)->P(a)
P(a)->P(a)->(A->A->A)->P(a)
(P(a)->P(a))->(P(a)->P(a)->(A->A->A)->P(a))->P(a)->(A->A->A)->P(a)
(P(a)->P(a)->(A->A->A)->P(a))->P(a)->(A->A->A)->P(a)
P(a)->(A->A->A)->P(a)
P(a)->(A->A->A)->P(a)
P(a)&(A->A->A)->P(a)
(P(a)&(A->A->A)->P(a))->P(a)&(A->A->A)->P(a)&(A->A->A)->P(a)
P(a)&(A->A->A)->P(a)&(A->A->A)->P(a)
P(a)&(A->A->A)->A->A->A
(P(a)&(A->A->A)->A->A->A)->P(a)&(A->A->A)->P(a)&(A->A->A)->A->A->A
P(a)&(A->A->A)->P(a)&(A->A->A)->A->A->A
P(a)&(A->A->A)->P(a)&(A->A->A)->P(a)&(A->A->A)
P(a)&(A->A->A)->(P(a)&(A->A->A)->P(a)&(A->A->A))->P(a)&(A->A->A)
(P(a)&(A->A->A)->P(a)&(A->A->A)->P(a)&(A->A->A))->(P(a)&(A->A->A)->(P(a)&(A->A->A)->P(a)&(A->A->A))->P(a)&(A->A->A))->P(a)&(A->A->A)->P(a)&(A->A->A)
(P(a)&(A->A->A)->(P(a)&(A->A->A)->P(a)&(A->A->A))->P(a)&(A->A->A))->P(a)&(A->A->A)->P(a)&(A->A->A)
P(a)&(A->A->A)->P(a)&(A->A->A)
(P(a)&(A->A->A)->P(a)&(A->A->A))->(P(a)&(A->A->A)->P(a)&(A->A->A)->P(a))->P(a)&(A->A->A)->P(a)
(P(a)&(A->A->A)->P(a)&(A->A->A)->P(a))->P(a)&(A->A->A)->P(a)
P(a)&(A->A->A)->P(a)
(P(a)&(A->A->A)->P(a)&(A->A->A))->(P(a)&(A->A->A)->P(a)&(A->A->A)->A->A->A)->P(a)&(A->A->A)->A->A->A
(P(a)&(A->A->A)->P(a)&(A->A->A)->A->A->A)->P(a)&(A->A->A)->A->A->A
P(a)&(A->A->A)->A->A->A
(P(a)->(A->A->A)->P(a))->P(a)&(A->A->A)->P(a)->(A->A->A)->P(a)
P(a)&(A->A->A)->P(a)->(A->A->A)->P(a)
(P(a)&(A->A->A)->P(a))->(P(a)&(A->A->A)->P(a)->(A->A->A)->P(a))->P(a)&(A->A->A)->(A->A->A)->P(a)
(P(a)&(A->A->A)->P(a)->(A->A->A)->P(a))->P(a)&(A->A->A)->(A->A->A)->P(a)
P(a)&(A->A->A)->(A->A->A)->P(a)
(P(a)&(A->A->A)->A->A->A)->(P(a)&(A->A->A)->(A->A->A)->P(a))->P(a)&(A->A->A)->P(a)
(P(a)&(A->A->A)->(A->A->A)->P(a))->P(a)&(A->A->A)->P(a)
P(a)&(A->A->A)->P(a)
P(a)&(A->A->A)->@xP(a)
P(a)->P(a)->P(a)
P(a)->(P(a)->P(a))->P(a)
(P(a)->P(a)->P(a))->(P(a)->(P(a)->P(a))->P(a))->P(a)->P(a)
(P(a)->(P(a)->P(a))->P(a))->P(a)->P(a)
P(a)->P(a)
P(a)->(A->A->A)->P(a)
(P(a)->(A->A->A)->P(a))->P(a)->P(a)->(A->A->A)->P(a)
P(a)->P(a)->(A->A->A)->P(a)
(P(a)->P(a))->(P(a)->P(a)->(A->A->A)->P(a))->P(a)->(A->A->A)->P(a)
(P(a)->P(a)->(A->A->A)->P(a))->P(a)->(A->A->A)->P(a)
P(a)->(A->A->A)->P(a)
(A->A->A)->(A->A->A)->A->A->A
((A->A->A)->(A->A->A)->A->A->A)->P(a)->(A->A->A)->(A->A->A)->A->A->A
P(a)->(A->A->A)->(A->A->A)->A->A->A
(A->A->A)->((A->A->A)->A->A->A)->A->A->A
((A->A->A)->((A->A->A)->A->A->A)->A->A->A)->P(a)->(A->A->A)->((A->A->A)->A->A->A)->A->A->A
P(a)->(A->A->A)->((A->A->A)->A->A->A)->A->A->A
((A->A->A)->(A->A->A)->A->A->A)->((A->A->A)->((A->A->A)->A->A->A)->A->A->A)->(A->A->A)->A->A->A
(((A->A->A)->(A->A->A)->A->A->A)->((A->A->A)->((A->A->A)->A->A->A)->A->A->A)->(A->A->A)->A->A->A)->P(a)->((A->A->A)->(A->A->A)->A->A->A)->((A->A->A)->((A->A->A)->A->A->A)->A->A->A)->(A->A->A)->A->A->A
P(a)->((A->A->A)->(A->A->A)->A->A->A)->((A->A->A)->((A->A->A)->A->A->A)->A->A->A)->(A->A->A)->A->A->A
(P(a)->(A->A->A)->(A->A->A)->A->A->A)->(P(a)->((A->A->A)->(A->A->A)->A->A->A)->((A->A->A)->((A->A->A)->A->A->A)->A->A->A)->(A->A->A)->A->A->A)->P(a)->((A->A->A)->((A->A->A)->A->A->A)->A->A->A)->(A->A->A)->A->A->A
(P(a)->((A->A->A)->(A->A->A)->A->A->A)->((A->A->A)->((A->A->A)->A->A->A)->A->A->A)->(A->A->A)->A->A->A)->P(a)->((A->A->A)->((A->A->A)->A->A->A)->A->A->A)->(A->A->A)->A->A->A
P(a)->((A->A->A)->((A->A->A)->A->A->A)->A->A->A)->(A->A->A)->A->A->A
(P(a)->(A->A->A)->((A->A->A)->A->A->A)->A->A->A)->(P(a)->((A->A->A)->((A->A->A)->A->A->A)->A->A->A)->(A->A->A)->A->A->A)->P(a)->(A->A->A)->A->A->A
(P(a)->((A->A->A)->((A->A->A)->A->A->A)->A->A->A)->(A->A->A)->A->A->A)->P(a)->(A->A->A)->A->A->A
P(a)->(A->A->A)->A->A->A
P(a)->(A->A->A)->P(a)&(A->A->A)
(P(a)->(A->A->A)->P(a)&(A->A->A))->P(a)->P(a)->(A->A->A)->P(a)&(A->A->A)
P(a)->P(a)->(A->A->A)->P(a)&(A->A->A)
(P(a)->(A->A->A)->P(a)&(A->A->A))->(A->A->A)->P(a)->(A->A->A)->P(a)&(A->A->A)
((P(a)->(A->A->A)->P(a)&(A->A->A))->(A->A->A)->P(a)->(A->A->A)->P(a)&(A->A->A))->P(a)->(P(a)->(A->A->A)->P(a)&(A->A->A))->(A->A->A)->P(a)->(A->A->A)->P(a)&(A->A->A)
P(a)->(P(a)->(A->A->A)->P(a)&(A->A->A))->(A->A->A)->P(a)->(A->A->A)->P(a)&(A->A->A)
(P(a)->P(a)->(A->A->A)->P(a)&(A->A->A))->(P(a)->(P(a)->(A->A->A)->P(a)&(A->A->A))->(A->A->A)->P(a)->(A->A->A)->P(a)&(A->A->A))->P(a)->(A->A->A)->P(a)->(A->A->A)->P(a)&(A->A->A)
(P(a)->(P(a)->(A->A->A)->P(a)&(A->A->A))->(A->A->A)->P(a)->(A->A->A)->P(a)&(A->A->A))->P(a)->(A->A->A)->P(a)->(A->A->A)->P(a)&(A->A->A)
P(a)->(A->A->A)->P(a)->(A->A->A)->P(a)&(A->A->A)
((A->A->A)->P(a))->((A->A->A)->P(a)->(A->A->A)->P(a)&(A->A->A))->(A->A->A)->(A->A->A)->P(a)&(A->A->A)
(((A->A->A)->P(a))->((A->A->A)->P(a)->(A->A->A)->P(a)&(A->A->A))->(A->A->A)->(A->A->A)->P(a)&(A->A->A))->P(a)->((A->A->A)->P(a))->((A->A->A)->P(a)->(A->A->A)->P(a)&(A->A->A))->(A->A->A)->(A->A->A)->P(a)&(A->A->A)
P(a)->((A->A->A)->P(a))->((A->A->A)->P(a)->(A->A->A)->P(a)&(A->A->A))->(A->A->A)->(A->A->A)->P(a)&(A->A->A)
(P(a)->(A->A->A)->P(a))->(P(a)->((A->A->A)->P(a))->((A->A->A)->P(a)->(A->A->A)->P(a)&(A->A->A))->(A->A->A)->(A->A->A)->P(a)&(A->A->A))->P(a)->((A->A->A)->P(a)->(A->A->A)->P(a)&(A->A->A))->(A->A->A)->(A->A->A)->P(a)&(A->A->A)
(P(a)->((A->A->A)->P(a))->((A->A->A)->P(a)->(A->A->A)->P(a)&(A->A->A))->(A->A->A)->(A->A->A)->P(a)&(A->A->A))->P(a)->((A->A->A)->P(a)->(A->A->A)->P(a)&(A->A->A))->(A->A->A)->(A->A->A)->P(a)&(A->A->A)
P(a)->((A->A->A)->P(a)->(A->A->A)->P(a)&(A->A->A))->(A->A->A)->(A->A->A)->P(a)&(A->A->A)
(P(a)->(A->A->A)->P(a)->(A->A->A)->P(a)&(A->A->A))->(P(a)->((A->A->A)->P(a)->(A->A->A)->P(a)&(A->A->A))->(A->A->A)->(A->A->A)->P(a)&(A->A->A))->P(a)->(A->A->A)->(A->A->A)->P(a)&(A->A->A)
(P(a)->((A->A->A)->P(a)->(A->A->A)->P(a)&(A->A->A))->(A->A->A)->(A->A->A)->P(a)&(A->A->A))->P(a)->(A->A->A)->(A->A->A)->P(a)&(A->A->A)
P(a)->(A->A->A)->(A->A->A)->P(a)&(A->A->A)
((A->A->A)->A->A->A)->((A->A->A)->(A->A->A)->P(a)&(A->A->A))->(A->A->A)->P(a)&(A->A->A)
(((A->A->A)->A->A->A)->((A->A->A)->(A->A->A)->P(a)&(A->A->A))->(A->A->A)->P(a)&(A->A->A))->P(a)->((A->A->A)->A->A->A)->((A->A->A)->(A->A->A)->P(a)&(A->A->A))->(A->A->A)->P(a)&(A->A->A)
P(a)->((A->A->A)->A->A->A)->((A->A->A)->(A->A->A)->P(a)&(A->A->A))->(A->A->A)->P(a)&(A->A->A)
(P(a)->(A->A->A)->A->A->A)->(P(a)->((A->A->A)->A->A->A)->((A->A->A)->(A->A->A)->P(a)&(A->A->A))->(A->A->A)->P(a)&(A->A->A))->P(a)->((A->A->A)->(A->A->A)->P(a)&(A->A->A))->(A->A->A)->P(a)&(A->A->A)
(P(a)->((A->A->A)->A->A->A)->((A->A->A)->(A->A->A)->P(a)&(A->A->A))->(A->A->A)->P(a)&(A->A->A))->P(a)->((A->A->A)->(A->A->A)->P(a)&(A->A->A))->(A->A->A)->P(a)&(A->A->A)
P(a)->((A->A->A)->(A->A->A)->P(a)&(A->A->A))->(A->A->A)->P(a)&(A->A->A)
(P(a)->P(a))->(P(a)->P(a)->(A->A->A)->P(a)&(A->A->A))->P(a)->(A->A->A)->P(a)&(A->A->A)
(P(a)->P(a)->(A->A->A)->P(a)&(A->A->A))->P(a)->(A->A->A)->P(a)&(A->A->A)
P(a)->(A->A->A)->P(a)&(A->A->A)
(P(a)&(A->A->A)->@xP(a))->P(a)->P(a)&(A->A->A)->@xP(a)
P(a)->P(a)&(A->A->A)->@xP(a)
(P(a)&(A->A->A)->@xP(a))->(A->A->A)->P(a)&(A->A->A)->@xP(a)
((P(a)&(A->A->A)->@xP(a))->(A->A->A)->P(a)&(A->A->A)->@xP(a))->P(a)->(P(a)&(A->A->A)->@xP(a))->(A->A->A)->P(a)&(A->A->A)->@xP(a)
P(a)->(P(a)&(A->A->A)->@xP(a))->(A->A->A)->P(a)&(A->A->A)->@xP(a)
(P(a)->P(a)&(A->A->A)->@xP(a))->(P(a)->(P(a)&(A->A->A)->@xP(a))->(A->A->A)->P(a)&(A->A->A)->@xP(a))->P(a)->(A->A->A)->P(a)&(A->A->A)->@xP(a)
(P(a)->(P(a)&(A->A->A)->@xP(a))->(A->A->A)->P(a)&(A->A->A)->@xP(a))->P(a)->(A->A->A)->P(a)&(A->A->A)->@xP(a)
P(a)->(A->A->A)->P(a)&(A->A->A)->@xP(a)
((A->A->A)->P(a)&(A->A->A))->((A->A->A)->P(a)&(A->A->A)->@xP(a))->(A->A->A)->@xP(a)
(((A->A->A)->P(a)&(A->A->A))->((A->A->A)->P(a)&(A->A->A)->@xP(a))->(A->A->A)->@xP(a))->P(a)->((A->A->A)->P(a)&(A->A->A))->((A->A->A)->P(a)&(A->A->A)->@xP(a))->(A->A->A)->@xP(a)
P(a)->((A->A->A)->P(a)&(A->A->A))->((A->A->A)->P(a)&(A->A->A)->@xP(a))->(A->A->A)->@xP(a)
(P(a)->(A->A->A)->P(a)&(A->A->A))->(P(a)->((A->A->A)->P(a)&(A->A->A))->((A->A->A)->P(a)&(A->A->A)->@xP(a))->(A->A->A)->@xP(a))->P(a)->((A->A->A)->P(a)&(A->A->A)->@xP(a))->(A->A->A)->@xP(a)
(P(a)->((A->A->A)->P(a)&(A->A->A))->((A->A->A)->P(a)&(A->A->A)->@xP(a))->(A->A->A)->@xP(a))->P(a)->((A->A->A)->P(a)&(A->A->A)->@xP(a))->(A->A->A)->@xP(a)
P(a)->((A->A->A)->P(a)&(A->A->A)->@xP(a))->(A->A->A)->@xP(a)
(P(a)->(A->A->A)->P(a)&(A->A->A)->@xP(a))->(P(a)->((A->A->A)->P(a)&(A->A->A)->@xP(a))->(A->A->A)->@xP(a))->P(a)->(A->A->A)->@xP(a)
(P(a)->((A->A->A)->P(a)&(A->A->A)->@xP(a))->(A->A->A)->@xP(a))->P(a)->(A->A->A)->@xP(a)
P(a)->(A->A->A)->@xP(a)
(P(a)->A->A->A)->(P(a)->(A->A->A)->@xP(a))->P(a)->@xP(a)
(P(a)->(A->A->A)->@xP(a))->P(a)->@xP(a)
P(a)->@xP(a)

