|-P(b)->?aP(a)->(A->A->A)->P(a)
P(b)->P(b)->P(b)
P(b)->(P(b)->P(b))->P(b)
(P(b)->P(b)->P(b))->(P(b)->(P(b)->P(b))->P(b))->P(b)->P(b)
(P(b)->(P(b)->P(b))->P(b))->P(b)->P(b)
P(b)->P(b)
P(b)->(A->A->A)->P(b)
(P(b)->(A->A->A)->P(b))->P(b)->P(b)->(A->A->A)->P(b)
P(b)->P(b)->(A->A->A)->P(b)
(P(b)->P(b))->(P(b)->P(b)->(A->A->A)->P(b))->P(b)->(A->A->A)->P(b)
(P(b)->P(b)->(A->A->A)->P(b))->P(b)->(A->A->A)->P(b)
P(b)->(A->A->A)->P(b)
((A->A->A)->P(b))->P(a)->(A->A->A)->P(b)
(((A->A->A)->P(b))->P(a)->(A->A->A)->P(b))->P(b)->((A->A->A)->P(b))->P(a)->(A->A->A)->P(b)
P(b)->((A->A->A)->P(b))->P(a)->(A->A->A)->P(b)
(P(b)->(A->A->A)->P(b))->(P(b)->((A->A->A)->P(b))->P(a)->(A->A->A)->P(b))->P(b)->P(a)->(A->A->A)->P(b)
(P(b)->((A->A->A)->P(b))->P(a)->(A->A->A)->P(b))->P(b)->P(a)->(A->A->A)->P(b)
P(b)->P(a)->(A->A->A)->P(b)
P(b)->P(a)->(A->A->A)->P(b)
P(b)->P(b)->P(b)
(P(b)->P(b)->P(b))->P(a)->P(b)->P(b)->P(b)
P(a)->P(b)->P(b)->P(b)
P(b)->(P(b)->P(b))->P(b)
(P(b)->(P(b)->P(b))->P(b))->P(a)->P(b)->(P(b)->P(b))->P(b)
P(a)->P(b)->(P(b)->P(b))->P(b)
(P(b)->P(b)->P(b))->(P(b)->(P(b)->P(b))->P(b))->P(b)->P(b)
((P(b)->P(b)->P(b))->(P(b)->(P(b)->P(b))->P(b))->P(b)->P(b))->P(a)->(P(b)->P(b)->P(b))->(P(b)->(P(b)->P(b))->P(b))->P(b)->P(b)
P(a)->(P(b)->P(b)->P(b))->(P(b)->(P(b)->P(b))->P(b))->P(b)->P(b)
(P(a)->P(b)->P(b)->P(b))->(P(a)->(P(b)->P(b)->P(b))->(P(b)->(P(b)->P(b))->P(b))->P(b)->P(b))->P(a)->(P(b)->(P(b)->P(b))->P(b))->P(b)->P(b)
(P(a)->(P(b)->P(b)->P(b))->(P(b)->(P(b)->P(b))->P(b))->P(b)->P(b))->P(a)->(P(b)->(P(b)->P(b))->P(b))->P(b)->P(b)
P(a)->(P(b)->(P(b)->P(b))->P(b))->P(b)->P(b)
(P(a)->P(b)->(P(b)->P(b))->P(b))->(P(a)->(P(b)->(P(b)->P(b))->P(b))->P(b)->P(b))->P(a)->P(b)->P(b)
(P(a)->(P(b)->(P(b)->P(b))->P(b))->P(b)->P(b))->P(a)->P(b)->P(b)
P(a)->P(b)->P(b)
P(a)->P(a)->P(a)
P(a)->(P(a)->P(a))->P(a)
(P(a)->P(a)->P(a))->(P(a)->(P(a)->P(a))->P(a))->P(a)->P(a)
(P(a)->(P(a)->P(a))->P(a))->P(a)->P(a)
P(a)->P(a)
P(a)->P(b)->P(a)
(P(a)->P(b)->P(a))->P(a)->P(a)->P(b)->P(a)
P(a)->P(a)->P(b)->P(a)
(P(a)->P(a))->(P(a)->P(a)->P(b)->P(a))->P(a)->P(b)->P(a)
(P(a)->P(a)->P(b)->P(a))->P(a)->P(b)->P(a)
P(a)->P(b)->P(a)
(P(b)->P(a)->(A->A->A)->P(b))->P(a)->P(b)->P(a)->(A->A->A)->P(b)
P(a)->P(b)->P(a)->(A->A->A)->P(b)
(P(b)->P(a)->(A->A->A)->P(b))->P(b)->P(b)->P(a)->(A->A->A)->P(b)
((P(b)->P(a)->(A->A->A)->P(b))->P(b)->P(b)->P(a)->(A->A->A)->P(b))->P(a)->(P(b)->P(a)->(A->A->A)->P(b))->P(b)->P(b)->P(a)->(A->A->A)->P(b)
P(a)->(P(b)->P(a)->(A->A->A)->P(b))->P(b)->P(b)->P(a)->(A->A->A)->P(b)
(P(a)->P(b)->P(a)->(A->A->A)->P(b))->(P(a)->(P(b)->P(a)->(A->A->A)->P(b))->P(b)->P(b)->P(a)->(A->A->A)->P(b))->P(a)->P(b)->P(b)->P(a)->(A->A->A)->P(b)
(P(a)->(P(b)->P(a)->(A->A->A)->P(b))->P(b)->P(b)->P(a)->(A->A->A)->P(b))->P(a)->P(b)->P(b)->P(a)->(A->A->A)->P(b)
P(a)->P(b)->P(b)->P(a)->(A->A->A)->P(b)
(P(b)->P(b))->(P(b)->P(b)->P(a)->(A->A->A)->P(b))->P(b)->P(a)->(A->A->A)->P(b)
((P(b)->P(b))->(P(b)->P(b)->P(a)->(A->A->A)->P(b))->P(b)->P(a)->(A->A->A)->P(b))->P(a)->(P(b)->P(b))->(P(b)->P(b)->P(a)->(A->A->A)->P(b))->P(b)->P(a)->(A->A->A)->P(b)
P(a)->(P(b)->P(b))->(P(b)->P(b)->P(a)->(A->A->A)->P(b))->P(b)->P(a)->(A->A->A)->P(b)
(P(a)->P(b)->P(b))->(P(a)->(P(b)->P(b))->(P(b)->P(b)->P(a)->(A->A->A)->P(b))->P(b)->P(a)->(A->A->A)->P(b))->P(a)->(P(b)->P(b)->P(a)->(A->A->A)->P(b))->P(b)->P(a)->(A->A->A)->P(b)
(P(a)->(P(b)->P(b))->(P(b)->P(b)->P(a)->(A->A->A)->P(b))->P(b)->P(a)->(A->A->A)->P(b))->P(a)->(P(b)->P(b)->P(a)->(A->A->A)->P(b))->P(b)->P(a)->(A->A->A)->P(b)
P(a)->(P(b)->P(b)->P(a)->(A->A->A)->P(b))->P(b)->P(a)->(A->A->A)->P(b)
(P(b)->P(a)->(A->A->A)->P(b))->P(a)->P(b)->P(a)->(A->A->A)->P(b)
P(a)->P(b)->P(a)->(A->A->A)->P(b)
(P(b)->P(a))->(P(b)->P(a)->(A->A->A)->P(b))->P(b)->(A->A->A)->P(b)
((P(b)->P(a))->(P(b)->P(a)->(A->A->A)->P(b))->P(b)->(A->A->A)->P(b))->P(a)->(P(b)->P(a))->(P(b)->P(a)->(A->A->A)->P(b))->P(b)->(A->A->A)->P(b)
P(a)->(P(b)->P(a))->(P(b)->P(a)->(A->A->A)->P(b))->P(b)->(A->A->A)->P(b)
(P(a)->P(b)->P(a))->(P(a)->(P(b)->P(a))->(P(b)->P(a)->(A->A->A)->P(b))->P(b)->(A->A->A)->P(b))->P(a)->(P(b)->P(a)->(A->A->A)->P(b))->P(b)->(A->A->A)->P(b)
(P(a)->(P(b)->P(a))->(P(b)->P(a)->(A->A->A)->P(b))->P(b)->(A->A->A)->P(b))->P(a)->(P(b)->P(a)->(A->A->A)->P(b))->P(b)->(A->A->A)->P(b)
P(a)->(P(b)->P(a)->(A->A->A)->P(b))->P(b)->(A->A->A)->P(b)
(P(a)->P(b)->P(a)->(A->A->A)->P(b))->(P(a)->(P(b)->P(a)->(A->A->A)->P(b))->P(b)->(A->A->A)->P(b))->P(a)->P(b)->(A->A->A)->P(b)
(P(a)->(P(b)->P(a)->(A->A->A)->P(b))->P(b)->(A->A->A)->P(b))->P(a)->P(b)->(A->A->A)->P(b)
P(a)->P(b)->(A->A->A)->P(b)
?aP(a)->P(b)->(A->A->A)->P(b)
?aP(a)->?aP(a)->?aP(a)
(?aP(a)->?aP(a)->?aP(a))->P(b)->?aP(a)->?aP(a)->?aP(a)
P(b)->?aP(a)->?aP(a)->?aP(a)
?aP(a)->(?aP(a)->?aP(a))->?aP(a)
(?aP(a)->(?aP(a)->?aP(a))->?aP(a))->P(b)->?aP(a)->(?aP(a)->?aP(a))->?aP(a)
P(b)->?aP(a)->(?aP(a)->?aP(a))->?aP(a)
(?aP(a)->?aP(a)->?aP(a))->(?aP(a)->(?aP(a)->?aP(a))->?aP(a))->?aP(a)->?aP(a)
((?aP(a)->?aP(a)->?aP(a))->(?aP(a)->(?aP(a)->?aP(a))->?aP(a))->?aP(a)->?aP(a))->P(b)->(?aP(a)->?aP(a)->?aP(a))->(?aP(a)->(?aP(a)->?aP(a))->?aP(a))->?aP(a)->?aP(a)
P(b)->(?aP(a)->?aP(a)->?aP(a))->(?aP(a)->(?aP(a)->?aP(a))->?aP(a))->?aP(a)->?aP(a)
(P(b)->?aP(a)->?aP(a)->?aP(a))->(P(b)->(?aP(a)->?aP(a)->?aP(a))->(?aP(a)->(?aP(a)->?aP(a))->?aP(a))->?aP(a)->?aP(a))->P(b)->(?aP(a)->(?aP(a)->?aP(a))->?aP(a))->?aP(a)->?aP(a)
(P(b)->(?aP(a)->?aP(a)->?aP(a))->(?aP(a)->(?aP(a)->?aP(a))->?aP(a))->?aP(a)->?aP(a))->P(b)->(?aP(a)->(?aP(a)->?aP(a))->?aP(a))->?aP(a)->?aP(a)
P(b)->(?aP(a)->(?aP(a)->?aP(a))->?aP(a))->?aP(a)->?aP(a)
(P(b)->?aP(a)->(?aP(a)->?aP(a))->?aP(a))->(P(b)->(?aP(a)->(?aP(a)->?aP(a))->?aP(a))->?aP(a)->?aP(a))->P(b)->?aP(a)->?aP(a)
(P(b)->(?aP(a)->(?aP(a)->?aP(a))->?aP(a))->?aP(a)->?aP(a))->P(b)->?aP(a)->?aP(a)
P(b)->?aP(a)->?aP(a)
P(b)->P(b)->P(b)
P(b)->(P(b)->P(b))->P(b)
(P(b)->P(b)->P(b))->(P(b)->(P(b)->P(b))->P(b))->P(b)->P(b)
(P(b)->(P(b)->P(b))->P(b))->P(b)->P(b)
P(b)->P(b)
P(b)->?aP(a)->P(b)
(P(b)->?aP(a)->P(b))->P(b)->P(b)->?aP(a)->P(b)
P(b)->P(b)->?aP(a)->P(b)
(P(b)->P(b))->(P(b)->P(b)->?aP(a)->P(b))->P(b)->?aP(a)->P(b)
(P(b)->P(b)->?aP(a)->P(b))->P(b)->?aP(a)->P(b)
P(b)->?aP(a)->P(b)
(?aP(a)->P(b)->(A->A->A)->P(b))->P(b)->?aP(a)->P(b)->(A->A->A)->P(b)
P(b)->?aP(a)->P(b)->(A->A->A)->P(b)
(?aP(a)->P(b)->(A->A->A)->P(b))->?aP(a)->?aP(a)->P(b)->(A->A->A)->P(b)
((?aP(a)->P(b)->(A->A->A)->P(b))->?aP(a)->?aP(a)->P(b)->(A->A->A)->P(b))->P(b)->(?aP(a)->P(b)->(A->A->A)->P(b))->?aP(a)->?aP(a)->P(b)->(A->A->A)->P(b)
P(b)->(?aP(a)->P(b)->(A->A->A)->P(b))->?aP(a)->?aP(a)->P(b)->(A->A->A)->P(b)
(P(b)->?aP(a)->P(b)->(A->A->A)->P(b))->(P(b)->(?aP(a)->P(b)->(A->A->A)->P(b))->?aP(a)->?aP(a)->P(b)->(A->A->A)->P(b))->P(b)->?aP(a)->?aP(a)->P(b)->(A->A->A)->P(b)
(P(b)->(?aP(a)->P(b)->(A->A->A)->P(b))->?aP(a)->?aP(a)->P(b)->(A->A->A)->P(b))->P(b)->?aP(a)->?aP(a)->P(b)->(A->A->A)->P(b)
P(b)->?aP(a)->?aP(a)->P(b)->(A->A->A)->P(b)
(?aP(a)->?aP(a))->(?aP(a)->?aP(a)->P(b)->(A->A->A)->P(b))->?aP(a)->P(b)->(A->A->A)->P(b)
((?aP(a)->?aP(a))->(?aP(a)->?aP(a)->P(b)->(A->A->A)->P(b))->?aP(a)->P(b)->(A->A->A)->P(b))->P(b)->(?aP(a)->?aP(a))->(?aP(a)->?aP(a)->P(b)->(A->A->A)->P(b))->?aP(a)->P(b)->(A->A->A)->P(b)
P(b)->(?aP(a)->?aP(a))->(?aP(a)->?aP(a)->P(b)->(A->A->A)->P(b))->?aP(a)->P(b)->(A->A->A)->P(b)
(P(b)->?aP(a)->?aP(a))->(P(b)->(?aP(a)->?aP(a))->(?aP(a)->?aP(a)->P(b)->(A->A->A)->P(b))->?aP(a)->P(b)->(A->A->A)->P(b))->P(b)->(?aP(a)->?aP(a)->P(b)->(A->A->A)->P(b))->?aP(a)->P(b)->(A->A->A)->P(b)
(P(b)->(?aP(a)->?aP(a))->(?aP(a)->?aP(a)->P(b)->(A->A->A)->P(b))->?aP(a)->P(b)->(A->A->A)->P(b))->P(b)->(?aP(a)->?aP(a)->P(b)->(A->A->A)->P(b))->?aP(a)->P(b)->(A->A->A)->P(b)
P(b)->(?aP(a)->?aP(a)->P(b)->(A->A->A)->P(b))->?aP(a)->P(b)->(A->A->A)->P(b)
(?aP(a)->P(b)->(A->A->A)->P(b))->P(b)->?aP(a)->P(b)->(A->A->A)->P(b)
P(b)->?aP(a)->P(b)->(A->A->A)->P(b)
(?aP(a)->P(b))->(?aP(a)->P(b)->(A->A->A)->P(b))->?aP(a)->(A->A->A)->P(b)
((?aP(a)->P(b))->(?aP(a)->P(b)->(A->A->A)->P(b))->?aP(a)->(A->A->A)->P(b))->P(b)->(?aP(a)->P(b))->(?aP(a)->P(b)->(A->A->A)->P(b))->?aP(a)->(A->A->A)->P(b)
P(b)->(?aP(a)->P(b))->(?aP(a)->P(b)->(A->A->A)->P(b))->?aP(a)->(A->A->A)->P(b)
(P(b)->?aP(a)->P(b))->(P(b)->(?aP(a)->P(b))->(?aP(a)->P(b)->(A->A->A)->P(b))->?aP(a)->(A->A->A)->P(b))->P(b)->(?aP(a)->P(b)->(A->A->A)->P(b))->?aP(a)->(A->A->A)->P(b)
(P(b)->(?aP(a)->P(b))->(?aP(a)->P(b)->(A->A->A)->P(b))->?aP(a)->(A->A->A)->P(b))->P(b)->(?aP(a)->P(b)->(A->A->A)->P(b))->?aP(a)->(A->A->A)->P(b)
P(b)->(?aP(a)->P(b)->(A->A->A)->P(b))->?aP(a)->(A->A->A)->P(b)
(P(b)->?aP(a)->P(b)->(A->A->A)->P(b))->(P(b)->(?aP(a)->P(b)->(A->A->A)->P(b))->?aP(a)->(A->A->A)->P(b))->P(b)->?aP(a)->(A->A->A)->P(b)
(P(b)->(?aP(a)->P(b)->(A->A->A)->P(b))->?aP(a)->(A->A->A)->P(b))->P(b)->?aP(a)->(A->A->A)->P(b)
P(b)->?aP(a)->(A->A->A)->P(b)

