|-@x(@xP(x)&Q(x))->?xP(x)->?xP(x)
P(x)->?xP(x)
(P(x)->?xP(x))->@x(@xP(x)&Q(x))->P(x)->?xP(x)
@x(@xP(x)&Q(x))->P(x)->?xP(x)
@x(@xP(x)&Q(x))->P(x)->?xP(x)
@x(@xP(x)&Q(x))->@x(@xP(x)&Q(x))->@x(@xP(x)&Q(x))
(@x(@xP(x)&Q(x))->@x(@xP(x)&Q(x))->@x(@xP(x)&Q(x)))->P(x)->@x(@xP(x)&Q(x))->@x(@xP(x)&Q(x))->@x(@xP(x)&Q(x))
P(x)->@x(@xP(x)&Q(x))->@x(@xP(x)&Q(x))->@x(@xP(x)&Q(x))
@x(@xP(x)&Q(x))->(@x(@xP(x)&Q(x))->@x(@xP(x)&Q(x)))->@x(@xP(x)&Q(x))
(@x(@xP(x)&Q(x))->(@x(@xP(x)&Q(x))->@x(@xP(x)&Q(x)))->@x(@xP(x)&Q(x)))->P(x)->@x(@xP(x)&Q(x))->(@x(@xP(x)&Q(x))->@x(@xP(x)&Q(x)))->@x(@xP(x)&Q(x))
P(x)->@x(@xP(x)&Q(x))->(@x(@xP(x)&Q(x))->@x(@xP(x)&Q(x)))->@x(@xP(x)&Q(x))
(@x(@xP(x)&Q(x))->@x(@xP(x)&Q(x))->@x(@xP(x)&Q(x)))->(@x(@xP(x)&Q(x))->(@x(@xP(x)&Q(x))->@x(@xP(x)&Q(x)))->@x(@xP(x)&Q(x)))->@x(@xP(x)&Q(x))->@x(@xP(x)&Q(x))
((@x(@xP(x)&Q(x))->@x(@xP(x)&Q(x))->@x(@xP(x)&Q(x)))->(@x(@xP(x)&Q(x))->(@x(@xP(x)&Q(x))->@x(@xP(x)&Q(x)))->@x(@xP(x)&Q(x)))->@x(@xP(x)&Q(x))->@x(@xP(x)&Q(x)))->P(x)->(@x(@xP(x)&Q(x))->@x(@xP(x)&Q(x))->@x(@xP(x)&Q(x)))->(@x(@xP(x)&Q(x))->(@x(@xP(x)&Q(x))->@x(@xP(x)&Q(x)))->@x(@xP(x)&Q(x)))->@x(@xP(x)&Q(x))->@x(@xP(x)&Q(x))
P(x)->(@x(@xP(x)&Q(x))->@x(@xP(x)&Q(x))->@x(@xP(x)&Q(x)))->(@x(@xP(x)&Q(x))->(@x(@xP(x)&Q(x))->@x(@xP(x)&Q(x)))->@x(@xP(x)&Q(x)))->@x(@xP(x)&Q(x))->@x(@xP(x)&Q(x))
(P(x)->@x(@xP(x)&Q(x))->@x(@xP(x)&Q(x))->@x(@xP(x)&Q(x)))->(P(x)->(@x(@xP(x)&Q(x))->@x(@xP(x)&Q(x))->@x(@xP(x)&Q(x)))->(@x(@xP(x)&Q(x))->(@x(@xP(x)&Q(x))->@x(@xP(x)&Q(x)))->@x(@xP(x)&Q(x)))->@x(@xP(x)&Q(x))->@x(@xP(x)&Q(x)))->P(x)->(@x(@xP(x)&Q(x))->(@x(@xP(x)&Q(x))->@x(@xP(x)&Q(x)))->@x(@xP(x)&Q(x)))->@x(@xP(x)&Q(x))->@x(@xP(x)&Q(x))
(P(x)->(@x(@xP(x)&Q(x))->@x(@xP(x)&Q(x))->@x(@xP(x)&Q(x)))->(@x(@xP(x)&Q(x))->(@x(@xP(x)&Q(x))->@x(@xP(x)&Q(x)))->@x(@xP(x)&Q(x)))->@x(@xP(x)&Q(x))->@x(@xP(x)&Q(x)))->P(x)->(@x(@xP(x)&Q(x))->(@x(@xP(x)&Q(x))->@x(@xP(x)&Q(x)))->@x(@xP(x)&Q(x)))->@x(@xP(x)&Q(x))->@x(@xP(x)&Q(x))
P(x)->(@x(@xP(x)&Q(x))->(@x(@xP(x)&Q(x))->@x(@xP(x)&Q(x)))->@x(@xP(x)&Q(x)))->@x(@xP(x)&Q(x))->@x(@xP(x)&Q(x))
(P(x)->@x(@xP(x)&Q(x))->(@x(@xP(x)&Q(x))->@x(@xP(x)&Q(x)))->@x(@xP(x)&Q(x)))->(P(x)->(@x(@xP(x)&Q(x))->(@x(@xP(x)&Q(x))->@x(@xP(x)&Q(x)))->@x(@xP(x)&Q(x)))->@x(@xP(x)&Q(x))->@x(@xP(x)&Q(x)))->P(x)->@x(@xP(x)&Q(x))->@x(@xP(x)&Q(x))
(P(x)->(@x(@xP(x)&Q(x))->(@x(@xP(x)&Q(x))->@x(@xP(x)&Q(x)))->@x(@xP(x)&Q(x)))->@x(@xP(x)&Q(x))->@x(@xP(x)&Q(x)))->P(x)->@x(@xP(x)&Q(x))->@x(@xP(x)&Q(x))
P(x)->@x(@xP(x)&Q(x))->@x(@xP(x)&Q(x))
P(x)->P(x)->P(x)
P(x)->(P(x)->P(x))->P(x)
(P(x)->P(x)->P(x))->(P(x)->(P(x)->P(x))->P(x))->P(x)->P(x)
(P(x)->(P(x)->P(x))->P(x))->P(x)->P(x)
P(x)->P(x)
P(x)->@x(@xP(x)&Q(x))->P(x)
(P(x)->@x(@xP(x)&Q(x))->P(x))->P(x)->P(x)->@x(@xP(x)&Q(x))->P(x)
P(x)->P(x)->@x(@xP(x)&Q(x))->P(x)
(P(x)->P(x))->(P(x)->P(x)->@x(@xP(x)&Q(x))->P(x))->P(x)->@x(@xP(x)&Q(x))->P(x)
(P(x)->P(x)->@x(@xP(x)&Q(x))->P(x))->P(x)->@x(@xP(x)&Q(x))->P(x)
P(x)->@x(@xP(x)&Q(x))->P(x)
(@x(@xP(x)&Q(x))->P(x)->?xP(x))->P(x)->@x(@xP(x)&Q(x))->P(x)->?xP(x)
P(x)->@x(@xP(x)&Q(x))->P(x)->?xP(x)
(@x(@xP(x)&Q(x))->P(x)->?xP(x))->@x(@xP(x)&Q(x))->@x(@xP(x)&Q(x))->P(x)->?xP(x)
((@x(@xP(x)&Q(x))->P(x)->?xP(x))->@x(@xP(x)&Q(x))->@x(@xP(x)&Q(x))->P(x)->?xP(x))->P(x)->(@x(@xP(x)&Q(x))->P(x)->?xP(x))->@x(@xP(x)&Q(x))->@x(@xP(x)&Q(x))->P(x)->?xP(x)
P(x)->(@x(@xP(x)&Q(x))->P(x)->?xP(x))->@x(@xP(x)&Q(x))->@x(@xP(x)&Q(x))->P(x)->?xP(x)
(P(x)->@x(@xP(x)&Q(x))->P(x)->?xP(x))->(P(x)->(@x(@xP(x)&Q(x))->P(x)->?xP(x))->@x(@xP(x)&Q(x))->@x(@xP(x)&Q(x))->P(x)->?xP(x))->P(x)->@x(@xP(x)&Q(x))->@x(@xP(x)&Q(x))->P(x)->?xP(x)
(P(x)->(@x(@xP(x)&Q(x))->P(x)->?xP(x))->@x(@xP(x)&Q(x))->@x(@xP(x)&Q(x))->P(x)->?xP(x))->P(x)->@x(@xP(x)&Q(x))->@x(@xP(x)&Q(x))->P(x)->?xP(x)
P(x)->@x(@xP(x)&Q(x))->@x(@xP(x)&Q(x))->P(x)->?xP(x)
(@x(@xP(x)&Q(x))->@x(@xP(x)&Q(x)))->(@x(@xP(x)&Q(x))->@x(@xP(x)&Q(x))->P(x)->?xP(x))->@x(@xP(x)&Q(x))->P(x)->?xP(x)
((@x(@xP(x)&Q(x))->@x(@xP(x)&Q(x)))->(@x(@xP(x)&Q(x))->@x(@xP(x)&Q(x))->P(x)->?xP(x))->@x(@xP(x)&Q(x))->P(x)->?xP(x))->P(x)->(@x(@xP(x)&Q(x))->@x(@xP(x)&Q(x)))->(@x(@xP(x)&Q(x))->@x(@xP(x)&Q(x))->P(x)->?xP(x))->@x(@xP(x)&Q(x))->P(x)->?xP(x)
P(x)->(@x(@xP(x)&Q(x))->@x(@xP(x)&Q(x)))->(@x(@xP(x)&Q(x))->@x(@xP(x)&Q(x))->P(x)->?xP(x))->@x(@xP(x)&Q(x))->P(x)->?xP(x)
(P(x)->@x(@xP(x)&Q(x))->@x(@xP(x)&Q(x)))->(P(x)->(@x(@xP(x)&Q(x))->@x(@xP(x)&Q(x)))->(@x(@xP(x)&Q(x))->@x(@xP(x)&Q(x))->P(x)->?xP(x))->@x(@xP(x)&Q(x))->P(x)->?xP(x))->P(x)->(@x(@xP(x)&Q(x))->@x(@xP(x)&Q(x))->P(x)->?xP(x))->@x(@xP(x)&Q(x))->P(x)->?xP(x)
(P(x)->(@x(@xP(x)&Q(x))->@x(@xP(x)&Q(x)))->(@x(@xP(x)&Q(x))->@x(@xP(x)&Q(x))->P(x)->?xP(x))->@x(@xP(x)&Q(x))->P(x)->?xP(x))->P(x)->(@x(@xP(x)&Q(x))->@x(@xP(x)&Q(x))->P(x)->?xP(x))->@x(@xP(x)&Q(x))->P(x)->?xP(x)
P(x)->(@x(@xP(x)&Q(x))->@x(@xP(x)&Q(x))->P(x)->?xP(x))->@x(@xP(x)&Q(x))->P(x)->?xP(x)
(@x(@xP(x)&Q(x))->P(x)->?xP(x))->P(x)->@x(@xP(x)&Q(x))->P(x)->?xP(x)
P(x)->@x(@xP(x)&Q(x))->P(x)->?xP(x)
(@x(@xP(x)&Q(x))->P(x))->(@x(@xP(x)&Q(x))->P(x)->?xP(x))->@x(@xP(x)&Q(x))->?xP(x)
((@x(@xP(x)&Q(x))->P(x))->(@x(@xP(x)&Q(x))->P(x)->?xP(x))->@x(@xP(x)&Q(x))->?xP(x))->P(x)->(@x(@xP(x)&Q(x))->P(x))->(@x(@xP(x)&Q(x))->P(x)->?xP(x))->@x(@xP(x)&Q(x))->?xP(x)
P(x)->(@x(@xP(x)&Q(x))->P(x))->(@x(@xP(x)&Q(x))->P(x)->?xP(x))->@x(@xP(x)&Q(x))->?xP(x)
(P(x)->@x(@xP(x)&Q(x))->P(x))->(P(x)->(@x(@xP(x)&Q(x))->P(x))->(@x(@xP(x)&Q(x))->P(x)->?xP(x))->@x(@xP(x)&Q(x))->?xP(x))->P(x)->(@x(@xP(x)&Q(x))->P(x)->?xP(x))->@x(@xP(x)&Q(x))->?xP(x)
(P(x)->(@x(@xP(x)&Q(x))->P(x))->(@x(@xP(x)&Q(x))->P(x)->?xP(x))->@x(@xP(x)&Q(x))->?xP(x))->P(x)->(@x(@xP(x)&Q(x))->P(x)->?xP(x))->@x(@xP(x)&Q(x))->?xP(x)
P(x)->(@x(@xP(x)&Q(x))->P(x)->?xP(x))->@x(@xP(x)&Q(x))->?xP(x)
(P(x)->@x(@xP(x)&Q(x))->P(x)->?xP(x))->(P(x)->(@x(@xP(x)&Q(x))->P(x)->?xP(x))->@x(@xP(x)&Q(x))->?xP(x))->P(x)->@x(@xP(x)&Q(x))->?xP(x)
(P(x)->(@x(@xP(x)&Q(x))->P(x)->?xP(x))->@x(@xP(x)&Q(x))->?xP(x))->P(x)->@x(@xP(x)&Q(x))->?xP(x)
P(x)->@x(@xP(x)&Q(x))->?xP(x)
?xP(x)->@x(@xP(x)&Q(x))->?xP(x)
?xP(x)->?xP(x)->?xP(x)
(?xP(x)->?xP(x)->?xP(x))->@x(@xP(x)&Q(x))->?xP(x)->?xP(x)->?xP(x)
@x(@xP(x)&Q(x))->?xP(x)->?xP(x)->?xP(x)
?xP(x)->(?xP(x)->?xP(x))->?xP(x)
(?xP(x)->(?xP(x)->?xP(x))->?xP(x))->@x(@xP(x)&Q(x))->?xP(x)->(?xP(x)->?xP(x))->?xP(x)
@x(@xP(x)&Q(x))->?xP(x)->(?xP(x)->?xP(x))->?xP(x)
(?xP(x)->?xP(x)->?xP(x))->(?xP(x)->(?xP(x)->?xP(x))->?xP(x))->?xP(x)->?xP(x)
((?xP(x)->?xP(x)->?xP(x))->(?xP(x)->(?xP(x)->?xP(x))->?xP(x))->?xP(x)->?xP(x))->@x(@xP(x)&Q(x))->(?xP(x)->?xP(x)->?xP(x))->(?xP(x)->(?xP(x)->?xP(x))->?xP(x))->?xP(x)->?xP(x)
@x(@xP(x)&Q(x))->(?xP(x)->?xP(x)->?xP(x))->(?xP(x)->(?xP(x)->?xP(x))->?xP(x))->?xP(x)->?xP(x)
(@x(@xP(x)&Q(x))->?xP(x)->?xP(x)->?xP(x))->(@x(@xP(x)&Q(x))->(?xP(x)->?xP(x)->?xP(x))->(?xP(x)->(?xP(x)->?xP(x))->?xP(x))->?xP(x)->?xP(x))->@x(@xP(x)&Q(x))->(?xP(x)->(?xP(x)->?xP(x))->?xP(x))->?xP(x)->?xP(x)
(@x(@xP(x)&Q(x))->(?xP(x)->?xP(x)->?xP(x))->(?xP(x)->(?xP(x)->?xP(x))->?xP(x))->?xP(x)->?xP(x))->@x(@xP(x)&Q(x))->(?xP(x)->(?xP(x)->?xP(x))->?xP(x))->?xP(x)->?xP(x)
@x(@xP(x)&Q(x))->(?xP(x)->(?xP(x)->?xP(x))->?xP(x))->?xP(x)->?xP(x)
(@x(@xP(x)&Q(x))->?xP(x)->(?xP(x)->?xP(x))->?xP(x))->(@x(@xP(x)&Q(x))->(?xP(x)->(?xP(x)->?xP(x))->?xP(x))->?xP(x)->?xP(x))->@x(@xP(x)&Q(x))->?xP(x)->?xP(x)
(@x(@xP(x)&Q(x))->(?xP(x)->(?xP(x)->?xP(x))->?xP(x))->?xP(x)->?xP(x))->@x(@xP(x)&Q(x))->?xP(x)->?xP(x)
@x(@xP(x)&Q(x))->?xP(x)->?xP(x)
@x(@xP(x)&Q(x))->@x(@xP(x)&Q(x))->@x(@xP(x)&Q(x))
@x(@xP(x)&Q(x))->(@x(@xP(x)&Q(x))->@x(@xP(x)&Q(x)))->@x(@xP(x)&Q(x))
(@x(@xP(x)&Q(x))->@x(@xP(x)&Q(x))->@x(@xP(x)&Q(x)))->(@x(@xP(x)&Q(x))->(@x(@xP(x)&Q(x))->@x(@xP(x)&Q(x)))->@x(@xP(x)&Q(x)))->@x(@xP(x)&Q(x))->@x(@xP(x)&Q(x))
(@x(@xP(x)&Q(x))->(@x(@xP(x)&Q(x))->@x(@xP(x)&Q(x)))->@x(@xP(x)&Q(x)))->@x(@xP(x)&Q(x))->@x(@xP(x)&Q(x))
@x(@xP(x)&Q(x))->@x(@xP(x)&Q(x))
@x(@xP(x)&Q(x))->?xP(x)->@x(@xP(x)&Q(x))
(@x(@xP(x)&Q(x))->?xP(x)->@x(@xP(x)&Q(x)))->@x(@xP(x)&Q(x))->@x(@xP(x)&Q(x))->?xP(x)->@x(@xP(x)&Q(x))
@x(@xP(x)&Q(x))->@x(@xP(x)&Q(x))->?xP(x)->@x(@xP(x)&Q(x))
(@x(@xP(x)&Q(x))->@x(@xP(x)&Q(x)))->(@x(@xP(x)&Q(x))->@x(@xP(x)&Q(x))->?xP(x)->@x(@xP(x)&Q(x)))->@x(@xP(x)&Q(x))->?xP(x)->@x(@xP(x)&Q(x))
(@x(@xP(x)&Q(x))->@x(@xP(x)&Q(x))->?xP(x)->@x(@xP(x)&Q(x)))->@x(@xP(x)&Q(x))->?xP(x)->@x(@xP(x)&Q(x))
@x(@xP(x)&Q(x))->?xP(x)->@x(@xP(x)&Q(x))
(?xP(x)->@x(@xP(x)&Q(x))->?xP(x))->@x(@xP(x)&Q(x))->?xP(x)->@x(@xP(x)&Q(x))->?xP(x)
@x(@xP(x)&Q(x))->?xP(x)->@x(@xP(x)&Q(x))->?xP(x)
(?xP(x)->@x(@xP(x)&Q(x))->?xP(x))->?xP(x)->?xP(x)->@x(@xP(x)&Q(x))->?xP(x)
((?xP(x)->@x(@xP(x)&Q(x))->?xP(x))->?xP(x)->?xP(x)->@x(@xP(x)&Q(x))->?xP(x))->@x(@xP(x)&Q(x))->(?xP(x)->@x(@xP(x)&Q(x))->?xP(x))->?xP(x)->?xP(x)->@x(@xP(x)&Q(x))->?xP(x)
@x(@xP(x)&Q(x))->(?xP(x)->@x(@xP(x)&Q(x))->?xP(x))->?xP(x)->?xP(x)->@x(@xP(x)&Q(x))->?xP(x)
(@x(@xP(x)&Q(x))->?xP(x)->@x(@xP(x)&Q(x))->?xP(x))->(@x(@xP(x)&Q(x))->(?xP(x)->@x(@xP(x)&Q(x))->?xP(x))->?xP(x)->?xP(x)->@x(@xP(x)&Q(x))->?xP(x))->@x(@xP(x)&Q(x))->?xP(x)->?xP(x)->@x(@xP(x)&Q(x))->?xP(x)
(@x(@xP(x)&Q(x))->(?xP(x)->@x(@xP(x)&Q(x))->?xP(x))->?xP(x)->?xP(x)->@x(@xP(x)&Q(x))->?xP(x))->@x(@xP(x)&Q(x))->?xP(x)->?xP(x)->@x(@xP(x)&Q(x))->?xP(x)
@x(@xP(x)&Q(x))->?xP(x)->?xP(x)->@x(@xP(x)&Q(x))->?xP(x)
(?xP(x)->?xP(x))->(?xP(x)->?xP(x)->@x(@xP(x)&Q(x))->?xP(x))->?xP(x)->@x(@xP(x)&Q(x))->?xP(x)
((?xP(x)->?xP(x))->(?xP(x)->?xP(x)->@x(@xP(x)&Q(x))->?xP(x))->?xP(x)->@x(@xP(x)&Q(x))->?xP(x))->@x(@xP(x)&Q(x))->(?xP(x)->?xP(x))->(?xP(x)->?xP(x)->@x(@xP(x)&Q(x))->?xP(x))->?xP(x)->@x(@xP(x)&Q(x))->?xP(x)
@x(@xP(x)&Q(x))->(?xP(x)->?xP(x))->(?xP(x)->?xP(x)->@x(@xP(x)&Q(x))->?xP(x))->?xP(x)->@x(@xP(x)&Q(x))->?xP(x)
(@x(@xP(x)&Q(x))->?xP(x)->?xP(x))->(@x(@xP(x)&Q(x))->(?xP(x)->?xP(x))->(?xP(x)->?xP(x)->@x(@xP(x)&Q(x))->?xP(x))->?xP(x)->@x(@xP(x)&Q(x))->?xP(x))->@x(@xP(x)&Q(x))->(?xP(x)->?xP(x)->@x(@xP(x)&Q(x))->?xP(x))->?xP(x)->@x(@xP(x)&Q(x))->?xP(x)
(@x(@xP(x)&Q(x))->(?xP(x)->?xP(x))->(?xP(x)->?xP(x)->@x(@xP(x)&Q(x))->?xP(x))->?xP(x)->@x(@xP(x)&Q(x))->?xP(x))->@x(@xP(x)&Q(x))->(?xP(x)->?xP(x)->@x(@xP(x)&Q(x))->?xP(x))->?xP(x)->@x(@xP(x)&Q(x))->?xP(x)
@x(@xP(x)&Q(x))->(?xP(x)->?xP(x)->@x(@xP(x)&Q(x))->?xP(x))->?xP(x)->@x(@xP(x)&Q(x))->?xP(x)
(?xP(x)->@x(@xP(x)&Q(x))->?xP(x))->@x(@xP(x)&Q(x))->?xP(x)->@x(@xP(x)&Q(x))->?xP(x)
@x(@xP(x)&Q(x))->?xP(x)->@x(@xP(x)&Q(x))->?xP(x)
(?xP(x)->@x(@xP(x)&Q(x)))->(?xP(x)->@x(@xP(x)&Q(x))->?xP(x))->?xP(x)->?xP(x)
((?xP(x)->@x(@xP(x)&Q(x)))->(?xP(x)->@x(@xP(x)&Q(x))->?xP(x))->?xP(x)->?xP(x))->@x(@xP(x)&Q(x))->(?xP(x)->@x(@xP(x)&Q(x)))->(?xP(x)->@x(@xP(x)&Q(x))->?xP(x))->?xP(x)->?xP(x)
@x(@xP(x)&Q(x))->(?xP(x)->@x(@xP(x)&Q(x)))->(?xP(x)->@x(@xP(x)&Q(x))->?xP(x))->?xP(x)->?xP(x)
(@x(@xP(x)&Q(x))->?xP(x)->@x(@xP(x)&Q(x)))->(@x(@xP(x)&Q(x))->(?xP(x)->@x(@xP(x)&Q(x)))->(?xP(x)->@x(@xP(x)&Q(x))->?xP(x))->?xP(x)->?xP(x))->@x(@xP(x)&Q(x))->(?xP(x)->@x(@xP(x)&Q(x))->?xP(x))->?xP(x)->?xP(x)
(@x(@xP(x)&Q(x))->(?xP(x)->@x(@xP(x)&Q(x)))->(?xP(x)->@x(@xP(x)&Q(x))->?xP(x))->?xP(x)->?xP(x))->@x(@xP(x)&Q(x))->(?xP(x)->@x(@xP(x)&Q(x))->?xP(x))->?xP(x)->?xP(x)
@x(@xP(x)&Q(x))->(?xP(x)->@x(@xP(x)&Q(x))->?xP(x))->?xP(x)->?xP(x)
(@x(@xP(x)&Q(x))->?xP(x)->@x(@xP(x)&Q(x))->?xP(x))->(@x(@xP(x)&Q(x))->(?xP(x)->@x(@xP(x)&Q(x))->?xP(x))->?xP(x)->?xP(x))->@x(@xP(x)&Q(x))->?xP(x)->?xP(x)
(@x(@xP(x)&Q(x))->(?xP(x)->@x(@xP(x)&Q(x))->?xP(x))->?xP(x)->?xP(x))->@x(@xP(x)&Q(x))->?xP(x)->?xP(x)
@x(@xP(x)&Q(x))->?xP(x)->?xP(x)

