P(x)|-@x(@xP(x)&Q(x))->@xP(x)
P(x)
P(x)->@x(@xP(x)&Q(x))->P(x)
@x(@xP(x)&Q(x))->P(x)
P(x)->(A&B->A)->P(x)
(P(x)->(A&B->A)->P(x))->@x(@xP(x)&Q(x))->P(x)->(A&B->A)->P(x)
@x(@xP(x)&Q(x))->P(x)->(A&B->A)->P(x)
(@x(@xP(x)&Q(x))->P(x))->(@x(@xP(x)&Q(x))->P(x)->(A&B->A)->P(x))->@x(@xP(x)&Q(x))->(A&B->A)->P(x)
(@x(@xP(x)&Q(x))->P(x)->(A&B->A)->P(x))->@x(@xP(x)&Q(x))->(A&B->A)->P(x)
@x(@xP(x)&Q(x))->(A&B->A)->P(x)
@x(@xP(x)&Q(x))->(A&B->A)->P(x)
@x(@xP(x)&Q(x))&(A&B->A)->@x(@xP(x)&Q(x))
(@x(@xP(x)&Q(x))&(A&B->A)->@x(@xP(x)&Q(x)))->@x(@xP(x)&Q(x))&(A&B->A)->@x(@xP(x)&Q(x))&(A&B->A)->@x(@xP(x)&Q(x))
@x(@xP(x)&Q(x))&(A&B->A)->@x(@xP(x)&Q(x))&(A&B->A)->@x(@xP(x)&Q(x))
@x(@xP(x)&Q(x))&(A&B->A)->A&B->A
(@x(@xP(x)&Q(x))&(A&B->A)->A&B->A)->@x(@xP(x)&Q(x))&(A&B->A)->@x(@xP(x)&Q(x))&(A&B->A)->A&B->A
@x(@xP(x)&Q(x))&(A&B->A)->@x(@xP(x)&Q(x))&(A&B->A)->A&B->A
@x(@xP(x)&Q(x))&(A&B->A)->@x(@xP(x)&Q(x))&(A&B->A)->@x(@xP(x)&Q(x))&(A&B->A)
@x(@xP(x)&Q(x))&(A&B->A)->(@x(@xP(x)&Q(x))&(A&B->A)->@x(@xP(x)&Q(x))&(A&B->A))->@x(@xP(x)&Q(x))&(A&B->A)
(@x(@xP(x)&Q(x))&(A&B->A)->@x(@xP(x)&Q(x))&(A&B->A)->@x(@xP(x)&Q(x))&(A&B->A))->(@x(@xP(x)&Q(x))&(A&B->A)->(@x(@xP(x)&Q(x))&(A&B->A)->@x(@xP(x)&Q(x))&(A&B->A))->@x(@xP(x)&Q(x))&(A&B->A))->@x(@xP(x)&Q(x))&(A&B->A)->@x(@xP(x)&Q(x))&(A&B->A)
(@x(@xP(x)&Q(x))&(A&B->A)->(@x(@xP(x)&Q(x))&(A&B->A)->@x(@xP(x)&Q(x))&(A&B->A))->@x(@xP(x)&Q(x))&(A&B->A))->@x(@xP(x)&Q(x))&(A&B->A)->@x(@xP(x)&Q(x))&(A&B->A)
@x(@xP(x)&Q(x))&(A&B->A)->@x(@xP(x)&Q(x))&(A&B->A)
(@x(@xP(x)&Q(x))&(A&B->A)->@x(@xP(x)&Q(x))&(A&B->A))->(@x(@xP(x)&Q(x))&(A&B->A)->@x(@xP(x)&Q(x))&(A&B->A)->@x(@xP(x)&Q(x)))->@x(@xP(x)&Q(x))&(A&B->A)->@x(@xP(x)&Q(x))
(@x(@xP(x)&Q(x))&(A&B->A)->@x(@xP(x)&Q(x))&(A&B->A)->@x(@xP(x)&Q(x)))->@x(@xP(x)&Q(x))&(A&B->A)->@x(@xP(x)&Q(x))
@x(@xP(x)&Q(x))&(A&B->A)->@x(@xP(x)&Q(x))
(@x(@xP(x)&Q(x))&(A&B->A)->@x(@xP(x)&Q(x))&(A&B->A))->(@x(@xP(x)&Q(x))&(A&B->A)->@x(@xP(x)&Q(x))&(A&B->A)->A&B->A)->@x(@xP(x)&Q(x))&(A&B->A)->A&B->A
(@x(@xP(x)&Q(x))&(A&B->A)->@x(@xP(x)&Q(x))&(A&B->A)->A&B->A)->@x(@xP(x)&Q(x))&(A&B->A)->A&B->A
@x(@xP(x)&Q(x))&(A&B->A)->A&B->A
(@x(@xP(x)&Q(x))->(A&B->A)->P(x))->@x(@xP(x)&Q(x))&(A&B->A)->@x(@xP(x)&Q(x))->(A&B->A)->P(x)
@x(@xP(x)&Q(x))&(A&B->A)->@x(@xP(x)&Q(x))->(A&B->A)->P(x)
(@x(@xP(x)&Q(x))&(A&B->A)->@x(@xP(x)&Q(x)))->(@x(@xP(x)&Q(x))&(A&B->A)->@x(@xP(x)&Q(x))->(A&B->A)->P(x))->@x(@xP(x)&Q(x))&(A&B->A)->(A&B->A)->P(x)
(@x(@xP(x)&Q(x))&(A&B->A)->@x(@xP(x)&Q(x))->(A&B->A)->P(x))->@x(@xP(x)&Q(x))&(A&B->A)->(A&B->A)->P(x)
@x(@xP(x)&Q(x))&(A&B->A)->(A&B->A)->P(x)
(@x(@xP(x)&Q(x))&(A&B->A)->A&B->A)->(@x(@xP(x)&Q(x))&(A&B->A)->(A&B->A)->P(x))->@x(@xP(x)&Q(x))&(A&B->A)->P(x)
(@x(@xP(x)&Q(x))&(A&B->A)->(A&B->A)->P(x))->@x(@xP(x)&Q(x))&(A&B->A)->P(x)
@x(@xP(x)&Q(x))&(A&B->A)->P(x)
@x(@xP(x)&Q(x))&(A&B->A)->@xP(x)
@x(@xP(x)&Q(x))->@x(@xP(x)&Q(x))->@x(@xP(x)&Q(x))
@x(@xP(x)&Q(x))->(@x(@xP(x)&Q(x))->@x(@xP(x)&Q(x)))->@x(@xP(x)&Q(x))
(@x(@xP(x)&Q(x))->@x(@xP(x)&Q(x))->@x(@xP(x)&Q(x)))->(@x(@xP(x)&Q(x))->(@x(@xP(x)&Q(x))->@x(@xP(x)&Q(x)))->@x(@xP(x)&Q(x)))->@x(@xP(x)&Q(x))->@x(@xP(x)&Q(x))
(@x(@xP(x)&Q(x))->(@x(@xP(x)&Q(x))->@x(@xP(x)&Q(x)))->@x(@xP(x)&Q(x)))->@x(@xP(x)&Q(x))->@x(@xP(x)&Q(x))
@x(@xP(x)&Q(x))->@x(@xP(x)&Q(x))
@x(@xP(x)&Q(x))->(A&B->A)->@x(@xP(x)&Q(x))
(@x(@xP(x)&Q(x))->(A&B->A)->@x(@xP(x)&Q(x)))->@x(@xP(x)&Q(x))->@x(@xP(x)&Q(x))->(A&B->A)->@x(@xP(x)&Q(x))
@x(@xP(x)&Q(x))->@x(@xP(x)&Q(x))->(A&B->A)->@x(@xP(x)&Q(x))
(@x(@xP(x)&Q(x))->@x(@xP(x)&Q(x)))->(@x(@xP(x)&Q(x))->@x(@xP(x)&Q(x))->(A&B->A)->@x(@xP(x)&Q(x)))->@x(@xP(x)&Q(x))->(A&B->A)->@x(@xP(x)&Q(x))
(@x(@xP(x)&Q(x))->@x(@xP(x)&Q(x))->(A&B->A)->@x(@xP(x)&Q(x)))->@x(@xP(x)&Q(x))->(A&B->A)->@x(@xP(x)&Q(x))
@x(@xP(x)&Q(x))->(A&B->A)->@x(@xP(x)&Q(x))
(A&B->A)->(A&B->A)->A&B->A
((A&B->A)->(A&B->A)->A&B->A)->@x(@xP(x)&Q(x))->(A&B->A)->(A&B->A)->A&B->A
@x(@xP(x)&Q(x))->(A&B->A)->(A&B->A)->A&B->A
(A&B->A)->((A&B->A)->A&B->A)->A&B->A
((A&B->A)->((A&B->A)->A&B->A)->A&B->A)->@x(@xP(x)&Q(x))->(A&B->A)->((A&B->A)->A&B->A)->A&B->A
@x(@xP(x)&Q(x))->(A&B->A)->((A&B->A)->A&B->A)->A&B->A
((A&B->A)->(A&B->A)->A&B->A)->((A&B->A)->((A&B->A)->A&B->A)->A&B->A)->(A&B->A)->A&B->A
(((A&B->A)->(A&B->A)->A&B->A)->((A&B->A)->((A&B->A)->A&B->A)->A&B->A)->(A&B->A)->A&B->A)->@x(@xP(x)&Q(x))->((A&B->A)->(A&B->A)->A&B->A)->((A&B->A)->((A&B->A)->A&B->A)->A&B->A)->(A&B->A)->A&B->A
@x(@xP(x)&Q(x))->((A&B->A)->(A&B->A)->A&B->A)->((A&B->A)->((A&B->A)->A&B->A)->A&B->A)->(A&B->A)->A&B->A
(@x(@xP(x)&Q(x))->(A&B->A)->(A&B->A)->A&B->A)->(@x(@xP(x)&Q(x))->((A&B->A)->(A&B->A)->A&B->A)->((A&B->A)->((A&B->A)->A&B->A)->A&B->A)->(A&B->A)->A&B->A)->@x(@xP(x)&Q(x))->((A&B->A)->((A&B->A)->A&B->A)->A&B->A)->(A&B->A)->A&B->A
(@x(@xP(x)&Q(x))->((A&B->A)->(A&B->A)->A&B->A)->((A&B->A)->((A&B->A)->A&B->A)->A&B->A)->(A&B->A)->A&B->A)->@x(@xP(x)&Q(x))->((A&B->A)->((A&B->A)->A&B->A)->A&B->A)->(A&B->A)->A&B->A
@x(@xP(x)&Q(x))->((A&B->A)->((A&B->A)->A&B->A)->A&B->A)->(A&B->A)->A&B->A
(@x(@xP(x)&Q(x))->(A&B->A)->((A&B->A)->A&B->A)->A&B->A)->(@x(@xP(x)&Q(x))->((A&B->A)->((A&B->A)->A&B->A)->A&B->A)->(A&B->A)->A&B->A)->@x(@xP(x)&Q(x))->(A&B->A)->A&B->A
(@x(@xP(x)&Q(x))->((A&B->A)->((A&B->A)->A&B->A)->A&B->A)->(A&B->A)->A&B->A)->@x(@xP(x)&Q(x))->(A&B->A)->A&B->A
@x(@xP(x)&Q(x))->(A&B->A)->A&B->A
@x(@xP(x)&Q(x))->(A&B->A)->@x(@xP(x)&Q(x))&(A&B->A)
(@x(@xP(x)&Q(x))->(A&B->A)->@x(@xP(x)&Q(x))&(A&B->A))->@x(@xP(x)&Q(x))->@x(@xP(x)&Q(x))->(A&B->A)->@x(@xP(x)&Q(x))&(A&B->A)
@x(@xP(x)&Q(x))->@x(@xP(x)&Q(x))->(A&B->A)->@x(@xP(x)&Q(x))&(A&B->A)
(@x(@xP(x)&Q(x))->(A&B->A)->@x(@xP(x)&Q(x))&(A&B->A))->(A&B->A)->@x(@xP(x)&Q(x))->(A&B->A)->@x(@xP(x)&Q(x))&(A&B->A)
((@x(@xP(x)&Q(x))->(A&B->A)->@x(@xP(x)&Q(x))&(A&B->A))->(A&B->A)->@x(@xP(x)&Q(x))->(A&B->A)->@x(@xP(x)&Q(x))&(A&B->A))->@x(@xP(x)&Q(x))->(@x(@xP(x)&Q(x))->(A&B->A)->@x(@xP(x)&Q(x))&(A&B->A))->(A&B->A)->@x(@xP(x)&Q(x))->(A&B->A)->@x(@xP(x)&Q(x))&(A&B->A)
@x(@xP(x)&Q(x))->(@x(@xP(x)&Q(x))->(A&B->A)->@x(@xP(x)&Q(x))&(A&B->A))->(A&B->A)->@x(@xP(x)&Q(x))->(A&B->A)->@x(@xP(x)&Q(x))&(A&B->A)
(@x(@xP(x)&Q(x))->@x(@xP(x)&Q(x))->(A&B->A)->@x(@xP(x)&Q(x))&(A&B->A))->(@x(@xP(x)&Q(x))->(@x(@xP(x)&Q(x))->(A&B->A)->@x(@xP(x)&Q(x))&(A&B->A))->(A&B->A)->@x(@xP(x)&Q(x))->(A&B->A)->@x(@xP(x)&Q(x))&(A&B->A))->@x(@xP(x)&Q(x))->(A&B->A)->@x(@xP(x)&Q(x))->(A&B->A)->@x(@xP(x)&Q(x))&(A&B->A)
(@x(@xP(x)&Q(x))->(@x(@xP(x)&Q(x))->(A&B->A)->@x(@xP(x)&Q(x))&(A&B->A))->(A&B->A)->@x(@xP(x)&Q(x))->(A&B->A)->@x(@xP(x)&Q(x))&(A&B->A))->@x(@xP(x)&Q(x))->(A&B->A)->@x(@xP(x)&Q(x))->(A&B->A)->@x(@xP(x)&Q(x))&(A&B->A)
@x(@xP(x)&Q(x))->(A&B->A)->@x(@xP(x)&Q(x))->(A&B->A)->@x(@xP(x)&Q(x))&(A&B->A)
((A&B->A)->@x(@xP(x)&Q(x)))->((A&B->A)->@x(@xP(x)&Q(x))->(A&B->A)->@x(@xP(x)&Q(x))&(A&B->A))->(A&B->A)->(A&B->A)->@x(@xP(x)&Q(x))&(A&B->A)
(((A&B->A)->@x(@xP(x)&Q(x)))->((A&B->A)->@x(@xP(x)&Q(x))->(A&B->A)->@x(@xP(x)&Q(x))&(A&B->A))->(A&B->A)->(A&B->A)->@x(@xP(x)&Q(x))&(A&B->A))->@x(@xP(x)&Q(x))->((A&B->A)->@x(@xP(x)&Q(x)))->((A&B->A)->@x(@xP(x)&Q(x))->(A&B->A)->@x(@xP(x)&Q(x))&(A&B->A))->(A&B->A)->(A&B->A)->@x(@xP(x)&Q(x))&(A&B->A)
@x(@xP(x)&Q(x))->((A&B->A)->@x(@xP(x)&Q(x)))->((A&B->A)->@x(@xP(x)&Q(x))->(A&B->A)->@x(@xP(x)&Q(x))&(A&B->A))->(A&B->A)->(A&B->A)->@x(@xP(x)&Q(x))&(A&B->A)
(@x(@xP(x)&Q(x))->(A&B->A)->@x(@xP(x)&Q(x)))->(@x(@xP(x)&Q(x))->((A&B->A)->@x(@xP(x)&Q(x)))->((A&B->A)->@x(@xP(x)&Q(x))->(A&B->A)->@x(@xP(x)&Q(x))&(A&B->A))->(A&B->A)->(A&B->A)->@x(@xP(x)&Q(x))&(A&B->A))->@x(@xP(x)&Q(x))->((A&B->A)->@x(@xP(x)&Q(x))->(A&B->A)->@x(@xP(x)&Q(x))&(A&B->A))->(A&B->A)->(A&B->A)->@x(@xP(x)&Q(x))&(A&B->A)
(@x(@xP(x)&Q(x))->((A&B->A)->@x(@xP(x)&Q(x)))->((A&B->A)->@x(@xP(x)&Q(x))->(A&B->A)->@x(@xP(x)&Q(x))&(A&B->A))->(A&B->A)->(A&B->A)->@x(@xP(x)&Q(x))&(A&B->A))->@x(@xP(x)&Q(x))->((A&B->A)->@x(@xP(x)&Q(x))->(A&B->A)->@x(@xP(x)&Q(x))&(A&B->A))->(A&B->A)->(A&B->A)->@x(@xP(x)&Q(x))&(A&B->A)
@x(@xP(x)&Q(x))->((A&B->A)->@x(@xP(x)&Q(x))->(A&B->A)->@x(@xP(x)&Q(x))&(A&B->A))->(A&B->A)->(A&B->A)->@x(@xP(x)&Q(x))&(A&B->A)
(@x(@xP(x)&Q(x))->(A&B->A)->@x(@xP(x)&Q(x))->(A&B->A)->@x(@xP(x)&Q(x))&(A&B->A))->(@x(@xP(x)&Q(x))->((A&B->A)->@x(@xP(x)&Q(x))->(A&B->A)->@x(@xP(x)&Q(x))&(A&B->A))->(A&B->A)->(A&B->A)->@x(@xP(x)&Q(x))&(A&B->A))->@x(@xP(x)&Q(x))->(A&B->A)->(A&B->A)->@x(@xP(x)&Q(x))&(A&B->A)
(@x(@xP(x)&Q(x))->((A&B->A)->@x(@xP(x)&Q(x))->(A&B->A)->@x(@xP(x)&Q(x))&(A&B->A))->(A&B->A)->(A&B->A)->@x(@xP(x)&Q(x))&(A&B->A))->@x(@xP(x)&Q(x))->(A&B->A)->(A&B->A)->@x(@xP(x)&Q(x))&(A&B->A)
@x(@xP(x)&Q(x))->(A&B->A)->(A&B->A)->@x(@xP(x)&Q(x))&(A&B->A)
((A&B->A)->A&B->A)->((A&B->A)->(A&B->A)->@x(@xP(x)&Q(x))&(A&B->A))->(A&B->A)->@x(@xP(x)&Q(x))&(A&B->A)
(((A&B->A)->A&B->A)->((A&B->A)->(A&B->A)->@x(@xP(x)&Q(x))&(A&B->A))->(A&B->A)->@x(@xP(x)&Q(x))&(A&B->A))->@x(@xP(x)&Q(x))->((A&B->A)->A&B->A)->((A&B->A)->(A&B->A)->@x(@xP(x)&Q(x))&(A&B->A))->(A&B->A)->@x(@xP(x)&Q(x))&(A&B->A)
@x(@xP(x)&Q(x))->((A&B->A)->A&B->A)->((A&B->A)->(A&B->A)->@x(@xP(x)&Q(x))&(A&B->A))->(A&B->A)->@x(@xP(x)&Q(x))&(A&B->A)
(@x(@xP(x)&Q(x))->(A&B->A)->A&B->A)->(@x(@xP(x)&Q(x))->((A&B->A)->A&B->A)->((A&B->A)->(A&B->A)->@x(@xP(x)&Q(x))&(A&B->A))->(A&B->A)->@x(@xP(x)&Q(x))&(A&B->A))->@x(@xP(x)&Q(x))->((A&B->A)->(A&B->A)->@x(@xP(x)&Q(x))&(A&B->A))->(A&B->A)->@x(@xP(x)&Q(x))&(A&B->A)
(@x(@xP(x)&Q(x))->((A&B->A)->A&B->A)->((A&B->A)->(A&B->A)->@x(@xP(x)&Q(x))&(A&B->A))->(A&B->A)->@x(@xP(x)&Q(x))&(A&B->A))->@x(@xP(x)&Q(x))->((A&B->A)->(A&B->A)->@x(@xP(x)&Q(x))&(A&B->A))->(A&B->A)->@x(@xP(x)&Q(x))&(A&B->A)
@x(@xP(x)&Q(x))->((A&B->A)->(A&B->A)->@x(@xP(x)&Q(x))&(A&B->A))->(A&B->A)->@x(@xP(x)&Q(x))&(A&B->A)
(@x(@xP(x)&Q(x))->@x(@xP(x)&Q(x)))->(@x(@xP(x)&Q(x))->@x(@xP(x)&Q(x))->(A&B->A)->@x(@xP(x)&Q(x))&(A&B->A))->@x(@xP(x)&Q(x))->(A&B->A)->@x(@xP(x)&Q(x))&(A&B->A)
(@x(@xP(x)&Q(x))->@x(@xP(x)&Q(x))->(A&B->A)->@x(@xP(x)&Q(x))&(A&B->A))->@x(@xP(x)&Q(x))->(A&B->A)->@x(@xP(x)&Q(x))&(A&B->A)
@x(@xP(x)&Q(x))->(A&B->A)->@x(@xP(x)&Q(x))&(A&B->A)
(@x(@xP(x)&Q(x))&(A&B->A)->@xP(x))->@x(@xP(x)&Q(x))->@x(@xP(x)&Q(x))&(A&B->A)->@xP(x)
@x(@xP(x)&Q(x))->@x(@xP(x)&Q(x))&(A&B->A)->@xP(x)
(@x(@xP(x)&Q(x))&(A&B->A)->@xP(x))->(A&B->A)->@x(@xP(x)&Q(x))&(A&B->A)->@xP(x)
((@x(@xP(x)&Q(x))&(A&B->A)->@xP(x))->(A&B->A)->@x(@xP(x)&Q(x))&(A&B->A)->@xP(x))->@x(@xP(x)&Q(x))->(@x(@xP(x)&Q(x))&(A&B->A)->@xP(x))->(A&B->A)->@x(@xP(x)&Q(x))&(A&B->A)->@xP(x)
@x(@xP(x)&Q(x))->(@x(@xP(x)&Q(x))&(A&B->A)->@xP(x))->(A&B->A)->@x(@xP(x)&Q(x))&(A&B->A)->@xP(x)
(@x(@xP(x)&Q(x))->@x(@xP(x)&Q(x))&(A&B->A)->@xP(x))->(@x(@xP(x)&Q(x))->(@x(@xP(x)&Q(x))&(A&B->A)->@xP(x))->(A&B->A)->@x(@xP(x)&Q(x))&(A&B->A)->@xP(x))->@x(@xP(x)&Q(x))->(A&B->A)->@x(@xP(x)&Q(x))&(A&B->A)->@xP(x)
(@x(@xP(x)&Q(x))->(@x(@xP(x)&Q(x))&(A&B->A)->@xP(x))->(A&B->A)->@x(@xP(x)&Q(x))&(A&B->A)->@xP(x))->@x(@xP(x)&Q(x))->(A&B->A)->@x(@xP(x)&Q(x))&(A&B->A)->@xP(x)
@x(@xP(x)&Q(x))->(A&B->A)->@x(@xP(x)&Q(x))&(A&B->A)->@xP(x)
((A&B->A)->@x(@xP(x)&Q(x))&(A&B->A))->((A&B->A)->@x(@xP(x)&Q(x))&(A&B->A)->@xP(x))->(A&B->A)->@xP(x)
(((A&B->A)->@x(@xP(x)&Q(x))&(A&B->A))->((A&B->A)->@x(@xP(x)&Q(x))&(A&B->A)->@xP(x))->(A&B->A)->@xP(x))->@x(@xP(x)&Q(x))->((A&B->A)->@x(@xP(x)&Q(x))&(A&B->A))->((A&B->A)->@x(@xP(x)&Q(x))&(A&B->A)->@xP(x))->(A&B->A)->@xP(x)
@x(@xP(x)&Q(x))->((A&B->A)->@x(@xP(x)&Q(x))&(A&B->A))->((A&B->A)->@x(@xP(x)&Q(x))&(A&B->A)->@xP(x))->(A&B->A)->@xP(x)
(@x(@xP(x)&Q(x))->(A&B->A)->@x(@xP(x)&Q(x))&(A&B->A))->(@x(@xP(x)&Q(x))->((A&B->A)->@x(@xP(x)&Q(x))&(A&B->A))->((A&B->A)->@x(@xP(x)&Q(x))&(A&B->A)->@xP(x))->(A&B->A)->@xP(x))->@x(@xP(x)&Q(x))->((A&B->A)->@x(@xP(x)&Q(x))&(A&B->A)->@xP(x))->(A&B->A)->@xP(x)
(@x(@xP(x)&Q(x))->((A&B->A)->@x(@xP(x)&Q(x))&(A&B->A))->((A&B->A)->@x(@xP(x)&Q(x))&(A&B->A)->@xP(x))->(A&B->A)->@xP(x))->@x(@xP(x)&Q(x))->((A&B->A)->@x(@xP(x)&Q(x))&(A&B->A)->@xP(x))->(A&B->A)->@xP(x)
@x(@xP(x)&Q(x))->((A&B->A)->@x(@xP(x)&Q(x))&(A&B->A)->@xP(x))->(A&B->A)->@xP(x)
(@x(@xP(x)&Q(x))->(A&B->A)->@x(@xP(x)&Q(x))&(A&B->A)->@xP(x))->(@x(@xP(x)&Q(x))->((A&B->A)->@x(@xP(x)&Q(x))&(A&B->A)->@xP(x))->(A&B->A)->@xP(x))->@x(@xP(x)&Q(x))->(A&B->A)->@xP(x)
(@x(@xP(x)&Q(x))->((A&B->A)->@x(@xP(x)&Q(x))&(A&B->A)->@xP(x))->(A&B->A)->@xP(x))->@x(@xP(x)&Q(x))->(A&B->A)->@xP(x)
@x(@xP(x)&Q(x))->(A&B->A)->@xP(x)
A&B->A
(A&B->A)->@x(@xP(x)&Q(x))->A&B->A
@x(@xP(x)&Q(x))->A&B->A
(@x(@xP(x)&Q(x))->A&B->A)->(@x(@xP(x)&Q(x))->(A&B->A)->@xP(x))->@x(@xP(x)&Q(x))->@xP(x)
(@x(@xP(x)&Q(x))->(A&B->A)->@xP(x))->@x(@xP(x)&Q(x))->@xP(x)
@x(@xP(x)&Q(x))->@xP(x)

