(1) A&C->(A&C->A&C)->A&C (Сх. акс. 1)
(2) (A&C->(A&C->A&C)->A&C)->(A->C->B)->A&C->(A&C->A&C)->A&C (Сх. акс. 1)
(3) (A->C->B)->A&C->(A&C->A&C)->A&C (M.P. 1, 2)
(4) A&C->A&C->A&C (Сх. акс. 1)
(5) (A&C->A&C->A&C)->(A->C->B)->A&C->A&C->A&C (Сх. акс. 1)
(6) (A->C->B)->A&C->A&C->A&C (M.P. 4, 5)
(7) (A&C->A&C->A&C)->(A&C->(A&C->A&C)->A&C)->A&C->A&C (Сх. акс. 2)
(8) ((A&C->A&C->A&C)->(A&C->(A&C->A&C)->A&C)->A&C->A&C)->(A->C->B)->(A&C->A&C->A&C)->(A&C->(A&C->A&C)->A&C)->A&C->A&C (Сх. акс. 1)
(9) (A->C->B)->(A&C->A&C->A&C)->(A&C->(A&C->A&C)->A&C)->A&C->A&C (M.P. 7, 8)
(10) ((A->C->B)->A&C->A&C->A&C)->((A->C->B)->(A&C->A&C->A&C)->(A&C->(A&C->A&C)->A&C)->A&C->A&C)->(A->C->B)->(A&C->(A&C->A&C)->A&C)->A&C->A&C (Сх. акс. 2)
(11) ((A->C->B)->(A&C->A&C->A&C)->(A&C->(A&C->A&C)->A&C)->A&C->A&C)->(A->C->B)->(A&C->(A&C->A&C)->A&C)->A&C->A&C (M.P. 6, 10)
(12) (A->C->B)->(A&C->(A&C->A&C)->A&C)->A&C->A&C (M.P. 9, 11)
(13) ((A->C->B)->A&C->(A&C->A&C)->A&C)->((A->C->B)->(A&C->(A&C->A&C)->A&C)->A&C->A&C)->(A->C->B)->A&C->A&C (Сх. акс. 2)
(14) ((A->C->B)->(A&C->(A&C->A&C)->A&C)->A&C->A&C)->(A->C->B)->A&C->A&C (M.P. 3, 13)
(15) (A->C->B)->A&C->A&C (M.P. 12, 14)
(16) A&C->A (Сх. акс. 4)
(17) (A&C->A)->(A->C->B)->A&C->A (Сх. акс. 1)
(18) (A->C->B)->A&C->A (M.P. 16, 17)
(19) (A&C->A)->A&C->A&C->A (Сх. акс. 1)
(20) ((A&C->A)->A&C->A&C->A)->(A->C->B)->(A&C->A)->A&C->A&C->A (Сх. акс. 1)
(21) (A->C->B)->(A&C->A)->A&C->A&C->A (M.P. 19, 20)
(22) ((A->C->B)->A&C->A)->((A->C->B)->(A&C->A)->A&C->A&C->A)->(A->C->B)->A&C->A&C->A (Сх. акс. 2)
(23) ((A->C->B)->(A&C->A)->A&C->A&C->A)->(A->C->B)->A&C->A&C->A (M.P. 18, 22)
(24) (A->C->B)->A&C->A&C->A (M.P. 21, 23)
(25) (A&C->A&C)->(A&C->A&C->A)->A&C->A (Сх. акс. 2)
(26) ((A&C->A&C)->(A&C->A&C->A)->A&C->A)->(A->C->B)->(A&C->A&C)->(A&C->A&C->A)->A&C->A (Сх. акс. 1)
(27) (A->C->B)->(A&C->A&C)->(A&C->A&C->A)->A&C->A (M.P. 25, 26)
(28) ((A->C->B)->A&C->A&C)->((A->C->B)->(A&C->A&C)->(A&C->A&C->A)->A&C->A)->(A->C->B)->(A&C->A&C->A)->A&C->A (Сх. акс. 2)
(29) ((A->C->B)->(A&C->A&C)->(A&C->A&C->A)->A&C->A)->(A->C->B)->(A&C->A&C->A)->A&C->A (M.P. 15, 28)
(30) (A->C->B)->(A&C->A&C->A)->A&C->A (M.P. 27, 29)
(31) A&C->A (Сх. акс. 4)
(32) (A&C->A)->(A->C->B)->A&C->A (Сх. акс. 1)
(33) (A->C->B)->A&C->A (M.P. 31, 17)
(34) A&C->C (Сх. акс. 5)
(35) (A&C->C)->(A->C->B)->A&C->C (Сх. акс. 1)
(36) (A->C->B)->A&C->C (M.P. 34, 35)
(37) (A&C->C)->A&C->A&C->C (Сх. акс. 1)
(38) ((A&C->C)->A&C->A&C->C)->(A->C->B)->(A&C->C)->A&C->A&C->C (Сх. акс. 1)
(39) (A->C->B)->(A&C->C)->A&C->A&C->C (M.P. 37, 38)
(40) ((A->C->B)->A&C->C)->((A->C->B)->(A&C->C)->A&C->A&C->C)->(A->C->B)->A&C->A&C->C (Сх. акс. 2)
(41) ((A->C->B)->(A&C->C)->A&C->A&C->C)->(A->C->B)->A&C->A&C->C (M.P. 36, 40)
(42) (A->C->B)->A&C->A&C->C (M.P. 39, 41)
(43) (A&C->A&C)->(A&C->A&C->C)->A&C->C (Сх. акс. 2)
(44) ((A&C->A&C)->(A&C->A&C->C)->A&C->C)->(A->C->B)->(A&C->A&C)->(A&C->A&C->C)->A&C->C (Сх. акс. 1)
(45) (A->C->B)->(A&C->A&C)->(A&C->A&C->C)->A&C->C (M.P. 43, 44)
(46) ((A->C->B)->A&C->A&C)->((A->C->B)->(A&C->A&C)->(A&C->A&C->C)->A&C->C)->(A->C->B)->(A&C->A&C->C)->A&C->C (Сх. акс. 2)
(47) ((A->C->B)->(A&C->A&C)->(A&C->A&C->C)->A&C->C)->(A->C->B)->(A&C->A&C->C)->A&C->C (M.P. 15, 46)
(48) (A->C->B)->(A&C->A&C->C)->A&C->C (M.P. 45, 47)
(49) A&C->C (Сх. акс. 5)
(50) (A&C->C)->(A->C->B)->A&C->C (Сх. акс. 1)
(51) (A->C->B)->A&C->C (M.P. 49, 35)
(52) (A->C->B)->((A->C->B)->A->C->B)->A->C->B (Сх. акс. 1)
(53) (A->C->B)->(A->C->B)->A->C->B (Сх. акс. 1)
(54) ((A->C->B)->(A->C->B)->A->C->B)->((A->C->B)->((A->C->B)->A->C->B)->A->C->B)->(A->C->B)->A->C->B (Сх. акс. 2)
(55) ((A->C->B)->((A->C->B)->A->C->B)->A->C->B)->(A->C->B)->A->C->B (M.P. 53, 54)
(56) (A->C->B)->A->C->B (M.P. 52, 55)
(57) (A->C->B)->A&C->A->C->B (Сх. акс. 1)
(58) ((A->C->B)->A&C->A->C->B)->(A->C->B)->(A->C->B)->A&C->A->C->B (Сх. акс. 1)
(59) (A->C->B)->(A->C->B)->A&C->A->C->B (M.P. 57, 58)
(60) ((A->C->B)->A->C->B)->((A->C->B)->(A->C->B)->A&C->A->C->B)->(A->C->B)->A&C->A->C->B (Сх. акс. 2)
(61) ((A->C->B)->(A->C->B)->A&C->A->C->B)->(A->C->B)->A&C->A->C->B (M.P. 56, 60)
(62) (A->C->B)->A&C->A->C->B (Сх. акс. 1)
(63) (A&C->A)->(A&C->A->C->B)->A&C->C->B (Сх. акс. 2)
(64) ((A&C->A)->(A&C->A->C->B)->A&C->C->B)->(A->C->B)->(A&C->A)->(A&C->A->C->B)->A&C->C->B (Сх. акс. 1)
(65) (A->C->B)->(A&C->A)->(A&C->A->C->B)->A&C->C->B (M.P. 63, 64)
(66) ((A->C->B)->A&C->A)->((A->C->B)->(A&C->A)->(A&C->A->C->B)->A&C->C->B)->(A->C->B)->(A&C->A->C->B)->A&C->C->B (Сх. акс. 2)
(67) ((A->C->B)->(A&C->A)->(A&C->A->C->B)->A&C->C->B)->(A->C->B)->(A&C->A->C->B)->A&C->C->B (M.P. 33, 66)
(68) (A->C->B)->(A&C->A->C->B)->A&C->C->B (M.P. 65, 67)
(69) ((A->C->B)->A&C->A->C->B)->((A->C->B)->(A&C->A->C->B)->A&C->C->B)->(A->C->B)->A&C->C->B (Сх. акс. 2)
(70) ((A->C->B)->(A&C->A->C->B)->A&C->C->B)->(A->C->B)->A&C->C->B (M.P. 62, 69)
(71) (A->C->B)->A&C->C->B (M.P. 68, 70)
(72) (A&C->C)->(A&C->C->B)->A&C->B (Сх. акс. 2)
(73) ((A&C->C)->(A&C->C->B)->A&C->B)->(A->C->B)->(A&C->C)->(A&C->C->B)->A&C->B (Сх. акс. 1)
(74) (A->C->B)->(A&C->C)->(A&C->C->B)->A&C->B (M.P. 72, 73)
(75) ((A->C->B)->A&C->C)->((A->C->B)->(A&C->C)->(A&C->C->B)->A&C->B)->(A->C->B)->(A&C->C->B)->A&C->B (Сх. акс. 2)
(76) ((A->C->B)->(A&C->C)->(A&C->C->B)->A&C->B)->(A->C->B)->(A&C->C->B)->A&C->B (M.P. 51, 75)
(77) (A->C->B)->(A&C->C->B)->A&C->B (M.P. 74, 76)
(78) ((A->C->B)->A&C->C->B)->((A->C->B)->(A&C->C->B)->A&C->B)->(A->C->B)->A&C->B (Сх. акс. 2)
(79) ((A->C->B)->(A&C->C->B)->A&C->B)->(A->C->B)->A&C->B (M.P. 71, 78)
(80) (A->C->B)->A&C->B (M.P. 77, 79)
(81) A&C->B (Не доказано)
(82) A&C->@xB (Не доказано)
(83) A->(A->A)->A (Сх. акс. 1)
(84) (A->(A->A)->A)->(A&C->@xB)->A->(A->A)->A (Сх. акс. 1)
(85) (A&C->@xB)->A->(A->A)->A (M.P. 83, 84)
(86) A->A->A (Сх. акс. 1)
(87) (A->A->A)->(A&C->@xB)->A->A->A (Сх. акс. 1)
(88) (A&C->@xB)->A->A->A (M.P. 86, 87)
(89) (A->A->A)->(A->(A->A)->A)->A->A (Сх. акс. 2)
(90) ((A->A->A)->(A->(A->A)->A)->A->A)->(A&C->@xB)->(A->A->A)->(A->(A->A)->A)->A->A (Сх. акс. 1)
(91) (A&C->@xB)->(A->A->A)->(A->(A->A)->A)->A->A (M.P. 89, 90)
(92) ((A&C->@xB)->A->A->A)->((A&C->@xB)->(A->A->A)->(A->(A->A)->A)->A->A)->(A&C->@xB)->(A->(A->A)->A)->A->A (Сх. акс. 2)
(93) ((A&C->@xB)->(A->A->A)->(A->(A->A)->A)->A->A)->(A&C->@xB)->(A->(A->A)->A)->A->A (M.P. 88, 92)
(94) (A&C->@xB)->(A->(A->A)->A)->A->A (M.P. 91, 93)
(95) ((A&C->@xB)->A->(A->A)->A)->((A&C->@xB)->(A->(A->A)->A)->A->A)->(A&C->@xB)->A->A (Сх. акс. 2)
(96) ((A&C->@xB)->(A->(A->A)->A)->A->A)->(A&C->@xB)->A->A (M.P. 85, 95)
(97) (A&C->@xB)->A->A (M.P. 94, 96)
(98) A->C->A (Сх. акс. 1)
(99) (A->C->A)->(A&C->@xB)->A->C->A (Сх. акс. 1)
(100) (A&C->@xB)->A->C->A (M.P. 98, 99)
(101) (A->C->A)->A->A->C->A (Сх. акс. 1)
(102) ((A->C->A)->A->A->C->A)->(A&C->@xB)->(A->C->A)->A->A->C->A (Сх. акс. 1)
(103) (A&C->@xB)->(A->C->A)->A->A->C->A (M.P. 101, 102)
(104) ((A&C->@xB)->A->C->A)->((A&C->@xB)->(A->C->A)->A->A->C->A)->(A&C->@xB)->A->A->C->A (Сх. акс. 2)
(105) ((A&C->@xB)->(A->C->A)->A->A->C->A)->(A&C->@xB)->A->A->C->A (M.P. 100, 104)
(106) (A&C->@xB)->A->A->C->A (M.P. 103, 105)
(107) (A->A)->(A->A->C->A)->A->C->A (Сх. акс. 2)
(108) ((A->A)->(A->A->C->A)->A->C->A)->(A&C->@xB)->(A->A)->(A->A->C->A)->A->C->A (Сх. акс. 1)
(109) (A&C->@xB)->(A->A)->(A->A->C->A)->A->C->A (M.P. 107, 108)
(110) ((A&C->@xB)->A->A)->((A&C->@xB)->(A->A)->(A->A->C->A)->A->C->A)->(A&C->@xB)->(A->A->C->A)->A->C->A (Сх. акс. 2)
(111) ((A&C->@xB)->(A->A)->(A->A->C->A)->A->C->A)->(A&C->@xB)->(A->A->C->A)->A->C->A (M.P. 97, 110)
(112) (A&C->@xB)->(A->A->C->A)->A->C->A (M.P. 109, 111)
(113) A->C->A (Сх. акс. 1)
(114) (A->C->A)->(A&C->@xB)->A->C->A (Сх. акс. 1)
(115) (A&C->@xB)->A->C->A (M.P. 113, 99)
(116) C->(C->C)->C (Сх. акс. 1)
(117) (C->(C->C)->C)->(A&C->@xB)->C->(C->C)->C (Сх. акс. 1)
(118) (A&C->@xB)->C->(C->C)->C (M.P. 116, 117)
(119) (C->(C->C)->C)->A->C->(C->C)->C (Сх. акс. 1)
(120) ((C->(C->C)->C)->A->C->(C->C)->C)->(A&C->@xB)->(C->(C->C)->C)->A->C->(C->C)->C (Сх. акс. 1)
(121) (A&C->@xB)->(C->(C->C)->C)->A->C->(C->C)->C (M.P. 119, 120)
(122) ((A&C->@xB)->C->(C->C)->C)->((A&C->@xB)->(C->(C->C)->C)->A->C->(C->C)->C)->(A&C->@xB)->A->C->(C->C)->C (Сх. акс. 2)
(123) ((A&C->@xB)->(C->(C->C)->C)->A->C->(C->C)->C)->(A&C->@xB)->A->C->(C->C)->C (M.P. 118, 122)
(124) (A&C->@xB)->A->C->(C->C)->C (M.P. 121, 123)
(125) C->C->C (Сх. акс. 1)
(126) (C->C->C)->(A&C->@xB)->C->C->C (Сх. акс. 1)
(127) (A&C->@xB)->C->C->C (M.P. 125, 126)
(128) (C->C->C)->A->C->C->C (Сх. акс. 1)
(129) ((C->C->C)->A->C->C->C)->(A&C->@xB)->(C->C->C)->A->C->C->C (Сх. акс. 1)
(130) (A&C->@xB)->(C->C->C)->A->C->C->C (M.P. 128, 129)
(131) ((A&C->@xB)->C->C->C)->((A&C->@xB)->(C->C->C)->A->C->C->C)->(A&C->@xB)->A->C->C->C (Сх. акс. 2)
(132) ((A&C->@xB)->(C->C->C)->A->C->C->C)->(A&C->@xB)->A->C->C->C (M.P. 127, 131)
(133) (A&C->@xB)->A->C->C->C (M.P. 130, 132)
(134) (C->C->C)->(C->(C->C)->C)->C->C (Сх. акс. 2)
(135) ((C->C->C)->(C->(C->C)->C)->C->C)->(A&C->@xB)->(C->C->C)->(C->(C->C)->C)->C->C (Сх. акс. 1)
(136) (A&C->@xB)->(C->C->C)->(C->(C->C)->C)->C->C (M.P. 134, 135)
(137) ((C->C->C)->(C->(C->C)->C)->C->C)->A->(C->C->C)->(C->(C->C)->C)->C->C (Сх. акс. 1)
(138) (((C->C->C)->(C->(C->C)->C)->C->C)->A->(C->C->C)->(C->(C->C)->C)->C->C)->(A&C->@xB)->((C->C->C)->(C->(C->C)->C)->C->C)->A->(C->C->C)->(C->(C->C)->C)->C->C (Сх. акс. 1)
(139) (A&C->@xB)->((C->C->C)->(C->(C->C)->C)->C->C)->A->(C->C->C)->(C->(C->C)->C)->C->C (M.P. 137, 138)
(140) ((A&C->@xB)->(C->C->C)->(C->(C->C)->C)->C->C)->((A&C->@xB)->((C->C->C)->(C->(C->C)->C)->C->C)->A->(C->C->C)->(C->(C->C)->C)->C->C)->(A&C->@xB)->A->(C->C->C)->(C->(C->C)->C)->C->C (Сх. акс. 2)
(141) ((A&C->@xB)->((C->C->C)->(C->(C->C)->C)->C->C)->A->(C->C->C)->(C->(C->C)->C)->C->C)->(A&C->@xB)->A->(C->C->C)->(C->(C->C)->C)->C->C (M.P. 136, 140)
(142) (A&C->@xB)->A->(C->C->C)->(C->(C->C)->C)->C->C (M.P. 139, 141)
(143) (A->C->C->C)->(A->(C->C->C)->(C->(C->C)->C)->C->C)->A->(C->(C->C)->C)->C->C (Сх. акс. 2)
(144) ((A->C->C->C)->(A->(C->C->C)->(C->(C->C)->C)->C->C)->A->(C->(C->C)->C)->C->C)->(A&C->@xB)->(A->C->C->C)->(A->(C->C->C)->(C->(C->C)->C)->C->C)->A->(C->(C->C)->C)->C->C (Сх. акс. 1)
(145) (A&C->@xB)->(A->C->C->C)->(A->(C->C->C)->(C->(C->C)->C)->C->C)->A->(C->(C->C)->C)->C->C (M.P. 143, 144)
(146) ((A&C->@xB)->A->C->C->C)->((A&C->@xB)->(A->C->C->C)->(A->(C->C->C)->(C->(C->C)->C)->C->C)->A->(C->(C->C)->C)->C->C)->(A&C->@xB)->(A->(C->C->C)->(C->(C->C)->C)->C->C)->A->(C->(C->C)->C)->C->C (Сх. акс. 2)
(147) ((A&C->@xB)->(A->C->C->C)->(A->(C->C->C)->(C->(C->C)->C)->C->C)->A->(C->(C->C)->C)->C->C)->(A&C->@xB)->(A->(C->C->C)->(C->(C->C)->C)->C->C)->A->(C->(C->C)->C)->C->C (M.P. 133, 146)
(148) (A&C->@xB)->(A->(C->C->C)->(C->(C->C)->C)->C->C)->A->(C->(C->C)->C)->C->C (M.P. 145, 147)
(149) ((A&C->@xB)->A->(C->C->C)->(C->(C->C)->C)->C->C)->((A&C->@xB)->(A->(C->C->C)->(C->(C->C)->C)->C->C)->A->(C->(C->C)->C)->C->C)->(A&C->@xB)->A->(C->(C->C)->C)->C->C (Сх. акс. 2)
(150) ((A&C->@xB)->(A->(C->C->C)->(C->(C->C)->C)->C->C)->A->(C->(C->C)->C)->C->C)->(A&C->@xB)->A->(C->(C->C)->C)->C->C (M.P. 142, 149)
(151) (A&C->@xB)->A->(C->(C->C)->C)->C->C (M.P. 148, 150)
(152) (A->C->(C->C)->C)->(A->(C->(C->C)->C)->C->C)->A->C->C (Сх. акс. 2)
(153) ((A->C->(C->C)->C)->(A->(C->(C->C)->C)->C->C)->A->C->C)->(A&C->@xB)->(A->C->(C->C)->C)->(A->(C->(C->C)->C)->C->C)->A->C->C (Сх. акс. 1)
(154) (A&C->@xB)->(A->C->(C->C)->C)->(A->(C->(C->C)->C)->C->C)->A->C->C (M.P. 152, 153)
(155) ((A&C->@xB)->A->C->(C->C)->C)->((A&C->@xB)->(A->C->(C->C)->C)->(A->(C->(C->C)->C)->C->C)->A->C->C)->(A&C->@xB)->(A->(C->(C->C)->C)->C->C)->A->C->C (Сх. акс. 2)
(156) ((A&C->@xB)->(A->C->(C->C)->C)->(A->(C->(C->C)->C)->C->C)->A->C->C)->(A&C->@xB)->(A->(C->(C->C)->C)->C->C)->A->C->C (M.P. 124, 155)
(157) (A&C->@xB)->(A->(C->(C->C)->C)->C->C)->A->C->C (M.P. 154, 156)
(158) ((A&C->@xB)->A->(C->(C->C)->C)->C->C)->((A&C->@xB)->(A->(C->(C->C)->C)->C->C)->A->C->C)->(A&C->@xB)->A->C->C (Сх. акс. 2)
(159) ((A&C->@xB)->(A->(C->(C->C)->C)->C->C)->A->C->C)->(A&C->@xB)->A->C->C (M.P. 151, 158)
(160) (A&C->@xB)->A->C->C (M.P. 157, 159)
(161) A->C->A&C (Сх. акс. 3)
(162) (A->C->A&C)->(A&C->@xB)->A->C->A&C (Сх. акс. 1)
(163) (A&C->@xB)->A->C->A&C (M.P. 161, 162)
(164) (A->C->A&C)->A->A->C->A&C (Сх. акс. 1)
(165) ((A->C->A&C)->A->A->C->A&C)->(A&C->@xB)->(A->C->A&C)->A->A->C->A&C (Сх. акс. 1)
(166) (A&C->@xB)->(A->C->A&C)->A->A->C->A&C (M.P. 164, 165)
(167) ((A&C->@xB)->A->C->A&C)->((A&C->@xB)->(A->C->A&C)->A->A->C->A&C)->(A&C->@xB)->A->A->C->A&C (Сх. акс. 2)
(168) ((A&C->@xB)->(A->C->A&C)->A->A->C->A&C)->(A&C->@xB)->A->A->C->A&C (M.P. 163, 167)
(169) (A&C->@xB)->A->A->C->A&C (M.P. 166, 168)
(170) (A->C->A&C)->C->A->C->A&C (Сх. акс. 1)
(171) ((A->C->A&C)->C->A->C->A&C)->(A&C->@xB)->(A->C->A&C)->C->A->C->A&C (Сх. акс. 1)
(172) (A&C->@xB)->(A->C->A&C)->C->A->C->A&C (M.P. 170, 171)
(173) ((A->C->A&C)->C->A->C->A&C)->A->(A->C->A&C)->C->A->C->A&C (Сх. акс. 1)
(174) (((A->C->A&C)->C->A->C->A&C)->A->(A->C->A&C)->C->A->C->A&C)->(A&C->@xB)->((A->C->A&C)->C->A->C->A&C)->A->(A->C->A&C)->C->A->C->A&C (Сх. акс. 1)
(175) (A&C->@xB)->((A->C->A&C)->C->A->C->A&C)->A->(A->C->A&C)->C->A->C->A&C (M.P. 173, 174)
(176) ((A&C->@xB)->(A->C->A&C)->C->A->C->A&C)->((A&C->@xB)->((A->C->A&C)->C->A->C->A&C)->A->(A->C->A&C)->C->A->C->A&C)->(A&C->@xB)->A->(A->C->A&C)->C->A->C->A&C (Сх. акс. 2)
(177) ((A&C->@xB)->((A->C->A&C)->C->A->C->A&C)->A->(A->C->A&C)->C->A->C->A&C)->(A&C->@xB)->A->(A->C->A&C)->C->A->C->A&C (M.P. 172, 176)
(178) (A&C->@xB)->A->(A->C->A&C)->C->A->C->A&C (M.P. 175, 177)
(179) (A->A->C->A&C)->(A->(A->C->A&C)->C->A->C->A&C)->A->C->A->C->A&C (Сх. акс. 2)
(180) ((A->A->C->A&C)->(A->(A->C->A&C)->C->A->C->A&C)->A->C->A->C->A&C)->(A&C->@xB)->(A->A->C->A&C)->(A->(A->C->A&C)->C->A->C->A&C)->A->C->A->C->A&C (Сх. акс. 1)
(181) (A&C->@xB)->(A->A->C->A&C)->(A->(A->C->A&C)->C->A->C->A&C)->A->C->A->C->A&C (M.P. 179, 180)
(182) ((A&C->@xB)->A->A->C->A&C)->((A&C->@xB)->(A->A->C->A&C)->(A->(A->C->A&C)->C->A->C->A&C)->A->C->A->C->A&C)->(A&C->@xB)->(A->(A->C->A&C)->C->A->C->A&C)->A->C->A->C->A&C (Сх. акс. 2)
(183) ((A&C->@xB)->(A->A->C->A&C)->(A->(A->C->A&C)->C->A->C->A&C)->A->C->A->C->A&C)->(A&C->@xB)->(A->(A->C->A&C)->C->A->C->A&C)->A->C->A->C->A&C (M.P. 169, 182)
(184) (A&C->@xB)->(A->(A->C->A&C)->C->A->C->A&C)->A->C->A->C->A&C (M.P. 181, 183)
(185) ((A&C->@xB)->A->(A->C->A&C)->C->A->C->A&C)->((A&C->@xB)->(A->(A->C->A&C)->C->A->C->A&C)->A->C->A->C->A&C)->(A&C->@xB)->A->C->A->C->A&C (Сх. акс. 2)
(186) ((A&C->@xB)->(A->(A->C->A&C)->C->A->C->A&C)->A->C->A->C->A&C)->(A&C->@xB)->A->C->A->C->A&C (M.P. 178, 185)
(187) (A&C->@xB)->A->C->A->C->A&C (M.P. 184, 186)
(188) (C->A)->(C->A->C->A&C)->C->C->A&C (Сх. акс. 2)
(189) ((C->A)->(C->A->C->A&C)->C->C->A&C)->(A&C->@xB)->(C->A)->(C->A->C->A&C)->C->C->A&C (Сх. акс. 1)
(190) (A&C->@xB)->(C->A)->(C->A->C->A&C)->C->C->A&C (M.P. 188, 189)
(191) ((C->A)->(C->A->C->A&C)->C->C->A&C)->A->(C->A)->(C->A->C->A&C)->C->C->A&C (Сх. акс. 1)
(192) (((C->A)->(C->A->C->A&C)->C->C->A&C)->A->(C->A)->(C->A->C->A&C)->C->C->A&C)->(A&C->@xB)->((C->A)->(C->A->C->A&C)->C->C->A&C)->A->(C->A)->(C->A->C->A&C)->C->C->A&C (Сх. акс. 1)
(193) (A&C->@xB)->((C->A)->(C->A->C->A&C)->C->C->A&C)->A->(C->A)->(C->A->C->A&C)->C->C->A&C (M.P. 191, 192)
(194) ((A&C->@xB)->(C->A)->(C->A->C->A&C)->C->C->A&C)->((A&C->@xB)->((C->A)->(C->A->C->A&C)->C->C->A&C)->A->(C->A)->(C->A->C->A&C)->C->C->A&C)->(A&C->@xB)->A->(C->A)->(C->A->C->A&C)->C->C->A&C (Сх. акс. 2)
(195) ((A&C->@xB)->((C->A)->(C->A->C->A&C)->C->C->A&C)->A->(C->A)->(C->A->C->A&C)->C->C->A&C)->(A&C->@xB)->A->(C->A)->(C->A->C->A&C)->C->C->A&C (M.P. 190, 194)
(196) (A&C->@xB)->A->(C->A)->(C->A->C->A&C)->C->C->A&C (M.P. 193, 195)
(197) (A->C->A)->(A->(C->A)->(C->A->C->A&C)->C->C->A&C)->A->(C->A->C->A&C)->C->C->A&C (Сх. акс. 2)
(198) ((A->C->A)->(A->(C->A)->(C->A->C->A&C)->C->C->A&C)->A->(C->A->C->A&C)->C->C->A&C)->(A&C->@xB)->(A->C->A)->(A->(C->A)->(C->A->C->A&C)->C->C->A&C)->A->(C->A->C->A&C)->C->C->A&C (Сх. акс. 1)
(199) (A&C->@xB)->(A->C->A)->(A->(C->A)->(C->A->C->A&C)->C->C->A&C)->A->(C->A->C->A&C)->C->C->A&C (M.P. 197, 198)
(200) ((A&C->@xB)->A->C->A)->((A&C->@xB)->(A->C->A)->(A->(C->A)->(C->A->C->A&C)->C->C->A&C)->A->(C->A->C->A&C)->C->C->A&C)->(A&C->@xB)->(A->(C->A)->(C->A->C->A&C)->C->C->A&C)->A->(C->A->C->A&C)->C->C->A&C (Сх. акс. 2)
(201) ((A&C->@xB)->(A->C->A)->(A->(C->A)->(C->A->C->A&C)->C->C->A&C)->A->(C->A->C->A&C)->C->C->A&C)->(A&C->@xB)->(A->(C->A)->(C->A->C->A&C)->C->C->A&C)->A->(C->A->C->A&C)->C->C->A&C (M.P. 115, 200)
(202) (A&C->@xB)->(A->(C->A)->(C->A->C->A&C)->C->C->A&C)->A->(C->A->C->A&C)->C->C->A&C (M.P. 199, 201)
(203) ((A&C->@xB)->A->(C->A)->(C->A->C->A&C)->C->C->A&C)->((A&C->@xB)->(A->(C->A)->(C->A->C->A&C)->C->C->A&C)->A->(C->A->C->A&C)->C->C->A&C)->(A&C->@xB)->A->(C->A->C->A&C)->C->C->A&C (Сх. акс. 2)
(204) ((A&C->@xB)->(A->(C->A)->(C->A->C->A&C)->C->C->A&C)->A->(C->A->C->A&C)->C->C->A&C)->(A&C->@xB)->A->(C->A->C->A&C)->C->C->A&C (M.P. 196, 203)
(205) (A&C->@xB)->A->(C->A->C->A&C)->C->C->A&C (M.P. 202, 204)
(206) (A->C->A->C->A&C)->(A->(C->A->C->A&C)->C->C->A&C)->A->C->C->A&C (Сх. акс. 2)
(207) ((A->C->A->C->A&C)->(A->(C->A->C->A&C)->C->C->A&C)->A->C->C->A&C)->(A&C->@xB)->(A->C->A->C->A&C)->(A->(C->A->C->A&C)->C->C->A&C)->A->C->C->A&C (Сх. акс. 1)
(208) (A&C->@xB)->(A->C->A->C->A&C)->(A->(C->A->C->A&C)->C->C->A&C)->A->C->C->A&C (M.P. 206, 207)
(209) ((A&C->@xB)->A->C->A->C->A&C)->((A&C->@xB)->(A->C->A->C->A&C)->(A->(C->A->C->A&C)->C->C->A&C)->A->C->C->A&C)->(A&C->@xB)->(A->(C->A->C->A&C)->C->C->A&C)->A->C->C->A&C (Сх. акс. 2)
(210) ((A&C->@xB)->(A->C->A->C->A&C)->(A->(C->A->C->A&C)->C->C->A&C)->A->C->C->A&C)->(A&C->@xB)->(A->(C->A->C->A&C)->C->C->A&C)->A->C->C->A&C (M.P. 187, 209)
(211) (A&C->@xB)->(A->(C->A->C->A&C)->C->C->A&C)->A->C->C->A&C (M.P. 208, 210)
(212) ((A&C->@xB)->A->(C->A->C->A&C)->C->C->A&C)->((A&C->@xB)->(A->(C->A->C->A&C)->C->C->A&C)->A->C->C->A&C)->(A&C->@xB)->A->C->C->A&C (Сх. акс. 2)
(213) ((A&C->@xB)->(A->(C->A->C->A&C)->C->C->A&C)->A->C->C->A&C)->(A&C->@xB)->A->C->C->A&C (M.P. 205, 212)
(214) (A&C->@xB)->A->C->C->A&C (M.P. 211, 213)
(215) (C->C)->(C->C->A&C)->C->A&C (Сх. акс. 2)
(216) ((C->C)->(C->C->A&C)->C->A&C)->(A&C->@xB)->(C->C)->(C->C->A&C)->C->A&C (Сх. акс. 1)
(217) (A&C->@xB)->(C->C)->(C->C->A&C)->C->A&C (M.P. 215, 216)
(218) ((C->C)->(C->C->A&C)->C->A&C)->A->(C->C)->(C->C->A&C)->C->A&C (Сх. акс. 1)
(219) (((C->C)->(C->C->A&C)->C->A&C)->A->(C->C)->(C->C->A&C)->C->A&C)->(A&C->@xB)->((C->C)->(C->C->A&C)->C->A&C)->A->(C->C)->(C->C->A&C)->C->A&C (Сх. акс. 1)
(220) (A&C->@xB)->((C->C)->(C->C->A&C)->C->A&C)->A->(C->C)->(C->C->A&C)->C->A&C (M.P. 218, 219)
(221) ((A&C->@xB)->(C->C)->(C->C->A&C)->C->A&C)->((A&C->@xB)->((C->C)->(C->C->A&C)->C->A&C)->A->(C->C)->(C->C->A&C)->C->A&C)->(A&C->@xB)->A->(C->C)->(C->C->A&C)->C->A&C (Сх. акс. 2)
(222) ((A&C->@xB)->((C->C)->(C->C->A&C)->C->A&C)->A->(C->C)->(C->C->A&C)->C->A&C)->(A&C->@xB)->A->(C->C)->(C->C->A&C)->C->A&C (M.P. 217, 221)
(223) (A&C->@xB)->A->(C->C)->(C->C->A&C)->C->A&C (M.P. 220, 222)
(224) (A->C->C)->(A->(C->C)->(C->C->A&C)->C->A&C)->A->(C->C->A&C)->C->A&C (Сх. акс. 2)
(225) ((A->C->C)->(A->(C->C)->(C->C->A&C)->C->A&C)->A->(C->C->A&C)->C->A&C)->(A&C->@xB)->(A->C->C)->(A->(C->C)->(C->C->A&C)->C->A&C)->A->(C->C->A&C)->C->A&C (Сх. акс. 1)
(226) (A&C->@xB)->(A->C->C)->(A->(C->C)->(C->C->A&C)->C->A&C)->A->(C->C->A&C)->C->A&C (M.P. 224, 225)
(227) ((A&C->@xB)->A->C->C)->((A&C->@xB)->(A->C->C)->(A->(C->C)->(C->C->A&C)->C->A&C)->A->(C->C->A&C)->C->A&C)->(A&C->@xB)->(A->(C->C)->(C->C->A&C)->C->A&C)->A->(C->C->A&C)->C->A&C (Сх. акс. 2)
(228) ((A&C->@xB)->(A->C->C)->(A->(C->C)->(C->C->A&C)->C->A&C)->A->(C->C->A&C)->C->A&C)->(A&C->@xB)->(A->(C->C)->(C->C->A&C)->C->A&C)->A->(C->C->A&C)->C->A&C (M.P. 160, 227)
(229) (A&C->@xB)->(A->(C->C)->(C->C->A&C)->C->A&C)->A->(C->C->A&C)->C->A&C (M.P. 226, 228)
(230) ((A&C->@xB)->A->(C->C)->(C->C->A&C)->C->A&C)->((A&C->@xB)->(A->(C->C)->(C->C->A&C)->C->A&C)->A->(C->C->A&C)->C->A&C)->(A&C->@xB)->A->(C->C->A&C)->C->A&C (Сх. акс. 2)
(231) ((A&C->@xB)->(A->(C->C)->(C->C->A&C)->C->A&C)->A->(C->C->A&C)->C->A&C)->(A&C->@xB)->A->(C->C->A&C)->C->A&C (M.P. 223, 230)
(232) (A&C->@xB)->A->(C->C->A&C)->C->A&C (M.P. 229, 231)
(233) (A->C->C->A&C)->(A->(C->C->A&C)->C->A&C)->A->C->A&C (Сх. акс. 2)
(234) ((A->C->C->A&C)->(A->(C->C->A&C)->C->A&C)->A->C->A&C)->(A&C->@xB)->(A->C->C->A&C)->(A->(C->C->A&C)->C->A&C)->A->C->A&C (Сх. акс. 1)
(235) (A&C->@xB)->(A->C->C->A&C)->(A->(C->C->A&C)->C->A&C)->A->C->A&C (M.P. 233, 234)
(236) ((A&C->@xB)->A->C->C->A&C)->((A&C->@xB)->(A->C->C->A&C)->(A->(C->C->A&C)->C->A&C)->A->C->A&C)->(A&C->@xB)->(A->(C->C->A&C)->C->A&C)->A->C->A&C (Сх. акс. 2)
(237) ((A&C->@xB)->(A->C->C->A&C)->(A->(C->C->A&C)->C->A&C)->A->C->A&C)->(A&C->@xB)->(A->(C->C->A&C)->C->A&C)->A->C->A&C (M.P. 214, 236)
(238) (A&C->@xB)->(A->(C->C->A&C)->C->A&C)->A->C->A&C (M.P. 235, 237)
(239) A->C->A&C (Сх. акс. 3)
(240) (A->C->A&C)->(A&C->@xB)->A->C->A&C (Сх. акс. 1)
(241) (A&C->@xB)->A->C->A&C (M.P. 239, 162)
(242) (A&C->@xB)->((A&C->@xB)->A&C->@xB)->A&C->@xB (Сх. акс. 1)
(243) (A&C->@xB)->(A&C->@xB)->A&C->@xB (Сх. акс. 1)
(244) ((A&C->@xB)->(A&C->@xB)->A&C->@xB)->((A&C->@xB)->((A&C->@xB)->A&C->@xB)->A&C->@xB)->(A&C->@xB)->A&C->@xB (Сх. акс. 2)
(245) ((A&C->@xB)->((A&C->@xB)->A&C->@xB)->A&C->@xB)->(A&C->@xB)->A&C->@xB (M.P. 243, 244)
(246) (A&C->@xB)->A&C->@xB (M.P. 242, 245)
(247) (A&C->@xB)->A->A&C->@xB (Сх. акс. 1)
(248) ((A&C->@xB)->A->A&C->@xB)->(A&C->@xB)->(A&C->@xB)->A->A&C->@xB (Сх. акс. 1)
(249) (A&C->@xB)->(A&C->@xB)->A->A&C->@xB (M.P. 247, 248)
(250) ((A&C->@xB)->A&C->@xB)->((A&C->@xB)->(A&C->@xB)->A->A&C->@xB)->(A&C->@xB)->A->A&C->@xB (Сх. акс. 2)
(251) ((A&C->@xB)->(A&C->@xB)->A->A&C->@xB)->(A&C->@xB)->A->A&C->@xB (M.P. 246, 250)
(252) (A&C->@xB)->A->A&C->@xB (Сх. акс. 1)
(253) (A&C->@xB)->C->A&C->@xB (Сх. акс. 1)
(254) ((A&C->@xB)->C->A&C->@xB)->(A&C->@xB)->(A&C->@xB)->C->A&C->@xB (Сх. акс. 1)
(255) (A&C->@xB)->(A&C->@xB)->C->A&C->@xB (M.P. 253, 254)
(256) ((A&C->@xB)->C->A&C->@xB)->A->(A&C->@xB)->C->A&C->@xB (Сх. акс. 1)
(257) (((A&C->@xB)->C->A&C->@xB)->A->(A&C->@xB)->C->A&C->@xB)->(A&C->@xB)->((A&C->@xB)->C->A&C->@xB)->A->(A&C->@xB)->C->A&C->@xB (Сх. акс. 1)
(258) (A&C->@xB)->((A&C->@xB)->C->A&C->@xB)->A->(A&C->@xB)->C->A&C->@xB (M.P. 256, 257)
(259) ((A&C->@xB)->(A&C->@xB)->C->A&C->@xB)->((A&C->@xB)->((A&C->@xB)->C->A&C->@xB)->A->(A&C->@xB)->C->A&C->@xB)->(A&C->@xB)->A->(A&C->@xB)->C->A&C->@xB (Сх. акс. 2)
(260) ((A&C->@xB)->((A&C->@xB)->C->A&C->@xB)->A->(A&C->@xB)->C->A&C->@xB)->(A&C->@xB)->A->(A&C->@xB)->C->A&C->@xB (M.P. 255, 259)
(261) (A&C->@xB)->A->(A&C->@xB)->C->A&C->@xB (M.P. 258, 260)
(262) (A->A&C->@xB)->(A->(A&C->@xB)->C->A&C->@xB)->A->C->A&C->@xB (Сх. акс. 2)
(263) ((A->A&C->@xB)->(A->(A&C->@xB)->C->A&C->@xB)->A->C->A&C->@xB)->(A&C->@xB)->(A->A&C->@xB)->(A->(A&C->@xB)->C->A&C->@xB)->A->C->A&C->@xB (Сх. акс. 1)
(264) (A&C->@xB)->(A->A&C->@xB)->(A->(A&C->@xB)->C->A&C->@xB)->A->C->A&C->@xB (M.P. 262, 263)
(265) ((A&C->@xB)->A->A&C->@xB)->((A&C->@xB)->(A->A&C->@xB)->(A->(A&C->@xB)->C->A&C->@xB)->A->C->A&C->@xB)->(A&C->@xB)->(A->(A&C->@xB)->C->A&C->@xB)->A->C->A&C->@xB (Сх. акс. 2)
(266) ((A&C->@xB)->(A->A&C->@xB)->(A->(A&C->@xB)->C->A&C->@xB)->A->C->A&C->@xB)->(A&C->@xB)->(A->(A&C->@xB)->C->A&C->@xB)->A->C->A&C->@xB (M.P. 252, 265)
(267) (A&C->@xB)->(A->(A&C->@xB)->C->A&C->@xB)->A->C->A&C->@xB (M.P. 264, 266)
(268) ((A&C->@xB)->A->(A&C->@xB)->C->A&C->@xB)->((A&C->@xB)->(A->(A&C->@xB)->C->A&C->@xB)->A->C->A&C->@xB)->(A&C->@xB)->A->C->A&C->@xB (Сх. акс. 2)
(269) ((A&C->@xB)->(A->(A&C->@xB)->C->A&C->@xB)->A->C->A&C->@xB)->(A&C->@xB)->A->C->A&C->@xB (M.P. 261, 268)
(270) (A&C->@xB)->A->C->A&C->@xB (M.P. 267, 269)
(271) (C->A&C)->(C->A&C->@xB)->C->@xB (Сх. акс. 2)
(272) ((C->A&C)->(C->A&C->@xB)->C->@xB)->(A&C->@xB)->(C->A&C)->(C->A&C->@xB)->C->@xB (Сх. акс. 1)
(273) (A&C->@xB)->(C->A&C)->(C->A&C->@xB)->C->@xB (M.P. 271, 272)
(274) ((C->A&C)->(C->A&C->@xB)->C->@xB)->A->(C->A&C)->(C->A&C->@xB)->C->@xB (Сх. акс. 1)
(275) (((C->A&C)->(C->A&C->@xB)->C->@xB)->A->(C->A&C)->(C->A&C->@xB)->C->@xB)->(A&C->@xB)->((C->A&C)->(C->A&C->@xB)->C->@xB)->A->(C->A&C)->(C->A&C->@xB)->C->@xB (Сх. акс. 1)
(276) (A&C->@xB)->((C->A&C)->(C->A&C->@xB)->C->@xB)->A->(C->A&C)->(C->A&C->@xB)->C->@xB (M.P. 274, 275)
(277) ((A&C->@xB)->(C->A&C)->(C->A&C->@xB)->C->@xB)->((A&C->@xB)->((C->A&C)->(C->A&C->@xB)->C->@xB)->A->(C->A&C)->(C->A&C->@xB)->C->@xB)->(A&C->@xB)->A->(C->A&C)->(C->A&C->@xB)->C->@xB (Сх. акс. 2)
(278) ((A&C->@xB)->((C->A&C)->(C->A&C->@xB)->C->@xB)->A->(C->A&C)->(C->A&C->@xB)->C->@xB)->(A&C->@xB)->A->(C->A&C)->(C->A&C->@xB)->C->@xB (M.P. 273, 277)
(279) (A&C->@xB)->A->(C->A&C)->(C->A&C->@xB)->C->@xB (M.P. 276, 278)
(280) (A->C->A&C)->(A->(C->A&C)->(C->A&C->@xB)->C->@xB)->A->(C->A&C->@xB)->C->@xB (Сх. акс. 2)
(281) ((A->C->A&C)->(A->(C->A&C)->(C->A&C->@xB)->C->@xB)->A->(C->A&C->@xB)->C->@xB)->(A&C->@xB)->(A->C->A&C)->(A->(C->A&C)->(C->A&C->@xB)->C->@xB)->A->(C->A&C->@xB)->C->@xB (Сх. акс. 1)
(282) (A&C->@xB)->(A->C->A&C)->(A->(C->A&C)->(C->A&C->@xB)->C->@xB)->A->(C->A&C->@xB)->C->@xB (M.P. 280, 281)
(283) ((A&C->@xB)->A->C->A&C)->((A&C->@xB)->(A->C->A&C)->(A->(C->A&C)->(C->A&C->@xB)->C->@xB)->A->(C->A&C->@xB)->C->@xB)->(A&C->@xB)->(A->(C->A&C)->(C->A&C->@xB)->C->@xB)->A->(C->A&C->@xB)->C->@xB (Сх. акс. 2)
(284) ((A&C->@xB)->(A->C->A&C)->(A->(C->A&C)->(C->A&C->@xB)->C->@xB)->A->(C->A&C->@xB)->C->@xB)->(A&C->@xB)->(A->(C->A&C)->(C->A&C->@xB)->C->@xB)->A->(C->A&C->@xB)->C->@xB (M.P. 241, 283)
(285) (A&C->@xB)->(A->(C->A&C)->(C->A&C->@xB)->C->@xB)->A->(C->A&C->@xB)->C->@xB (M.P. 282, 284)
(286) ((A&C->@xB)->A->(C->A&C)->(C->A&C->@xB)->C->@xB)->((A&C->@xB)->(A->(C->A&C)->(C->A&C->@xB)->C->@xB)->A->(C->A&C->@xB)->C->@xB)->(A&C->@xB)->A->(C->A&C->@xB)->C->@xB (Сх. акс. 2)
(287) ((A&C->@xB)->(A->(C->A&C)->(C->A&C->@xB)->C->@xB)->A->(C->A&C->@xB)->C->@xB)->(A&C->@xB)->A->(C->A&C->@xB)->C->@xB (M.P. 279, 286)
(288) (A&C->@xB)->A->(C->A&C->@xB)->C->@xB (M.P. 285, 287)
(289) (A->C->A&C->@xB)->(A->(C->A&C->@xB)->C->@xB)->A->C->@xB (Сх. акс. 2)
(290) ((A->C->A&C->@xB)->(A->(C->A&C->@xB)->C->@xB)->A->C->@xB)->(A&C->@xB)->(A->C->A&C->@xB)->(A->(C->A&C->@xB)->C->@xB)->A->C->@xB (Сх. акс. 1)
(291) (A&C->@xB)->(A->C->A&C->@xB)->(A->(C->A&C->@xB)->C->@xB)->A->C->@xB (M.P. 289, 290)
(292) ((A&C->@xB)->A->C->A&C->@xB)->((A&C->@xB)->(A->C->A&C->@xB)->(A->(C->A&C->@xB)->C->@xB)->A->C->@xB)->(A&C->@xB)->(A->(C->A&C->@xB)->C->@xB)->A->C->@xB (Сх. акс. 2)
(293) ((A&C->@xB)->(A->C->A&C->@xB)->(A->(C->A&C->@xB)->C->@xB)->A->C->@xB)->(A&C->@xB)->(A->(C->A&C->@xB)->C->@xB)->A->C->@xB (M.P. 270, 292)
(294) (A&C->@xB)->(A->(C->A&C->@xB)->C->@xB)->A->C->@xB (M.P. 291, 293)
(295) ((A&C->@xB)->A->(C->A&C->@xB)->C->@xB)->((A&C->@xB)->(A->(C->A&C->@xB)->C->@xB)->A->C->@xB)->(A&C->@xB)->A->C->@xB (Сх. акс. 2)
(296) ((A&C->@xB)->(A->(C->A&C->@xB)->C->@xB)->A->C->@xB)->(A&C->@xB)->A->C->@xB (M.P. 288, 295)
(297) (A&C->@xB)->A->C->@xB (M.P. 294, 296)
(298) A->C->@xB (Не доказано)

