(1) A->A->A (Сх. акс. 1)
(2) A->(A->A)->A (Сх. акс. 1)
(3) (A->A->A)->(A->(A->A)->A)->A->A (Сх. акс. 2)
(4) (A->(A->A)->A)->A->A (M.P. 1, 3)
(5) A->A (M.P. 2, 4)
(6) A->A->A (Сх. акс. 1)
(7) A->(A->A)->A (Сх. акс. 1)
(8) (A->A->A)->(A->(A->A)->A)->A->A (Сх. акс. 2)
(9) (A->(A->A)->A)->A->A (M.P. 6, 3)
(10) A->A (M.P. 7, 4)
(11) A->A->A (Сх. акс. 1)
(12) (A->A->A)->A->A->A->A (Сх. акс. 1)
(13) A->A->A->A (M.P. 11, 12)
(14) A->A->A (Сх. акс. 1)
(15) A->(A->A)->A (Сх. акс. 1)
(16) (A->A->A)->(A->(A->A)->A)->A->A (Сх. акс. 2)
(17) (A->(A->A)->A)->A->A (M.P. 14, 3)
(18) A->A (M.P. 15, 4)
(19) (A->A)->(A->A->A->A)->A->A->A (Сх. акс. 2)
(20) (A->A->A->A)->A->A->A (M.P. 18, 19)
(21) A->A->A (Сх. акс. 1)
(22) !A->!A->!A (Сх. акс. 1)
(23) !A->(!A->!A)->!A (Сх. акс. 1)
(24) (!A->!A->!A)->(!A->(!A->!A)->!A)->!A->!A (Сх. акс. 2)
(25) (!A->(!A->!A)->!A)->!A->!A (M.P. 22, 24)
(26) !A->!A (M.P. 23, 25)
(27) !A->!A->!A (Сх. акс. 1)
(28) !A->(!A->!A)->!A (Сх. акс. 1)
(29) (!A->!A->!A)->(!A->(!A->!A)->!A)->!A->!A (Сх. акс. 2)
(30) (!A->(!A->!A)->!A)->!A->!A (M.P. 27, 24)
(31) !A->!A (M.P. 28, 25)
(32) !A->!A->!A (Сх. акс. 1)
(33) !A->(!A->!A)->!A (Сх. акс. 1)
(34) (!A->!A->!A)->(!A->(!A->!A)->!A)->!A->!A (Сх. акс. 2)
(35) (!A->(!A->!A)->!A)->!A->!A (M.P. 32, 24)
(36) !A->!A (M.P. 33, 25)
(37) !A->!A->!A (Сх. акс. 1)
(38) !A->(!A->!A)->!A (Сх. акс. 1)
(39) (!A->!A->!A)->(!A->(!A->!A)->!A)->!A->!A (Сх. акс. 2)
(40) (!A->(!A->!A)->!A)->!A->!A (M.P. 37, 24)
(41) !A->!A (M.P. 38, 25)
(42) (A->!A->A)->A->A->!A->A (Сх. акс. 1)
(43) ((A->!A->A)->A->A->!A->A)->!A->(A->!A->A)->A->A->!A->A (Сх. акс. 1)
(44) !A->(A->!A->A)->A->A->!A->A (M.P. 42, 43)
(45) A->!A->A (Сх. акс. 1)
(46) (A->!A->A)->!A->A->!A->A (Сх. акс. 1)
(47) !A->A->!A->A (M.P. 45, 46)
(48) (!A->A->!A->A)->(!A->(A->!A->A)->A->A->!A->A)->!A->A->A->!A->A (Сх. акс. 2)
(49) (!A->(A->!A->A)->A->A->!A->A)->!A->A->A->!A->A (M.P. 47, 48)
(50) !A->A->A->!A->A (M.P. 44, 49)
(51) A->(A->A)->A (Сх. акс. 1)
(52) (A->(A->A)->A)->!A->A->(A->A)->A (Сх. акс. 1)
(53) !A->A->(A->A)->A (M.P. 51, 52)
(54) A->A->A (Сх. акс. 1)
(55) (A->A->A)->!A->A->A->A (Сх. акс. 1)
(56) !A->A->A->A (M.P. 54, 55)
(57) (A->A->A)->(A->(A->A)->A)->A->A (Сх. акс. 2)
(58) ((A->A->A)->(A->(A->A)->A)->A->A)->!A->(A->A->A)->(A->(A->A)->A)->A->A (Сх. акс. 1)
(59) !A->(A->A->A)->(A->(A->A)->A)->A->A (M.P. 57, 58)
(60) (!A->A->A->A)->(!A->(A->A->A)->(A->(A->A)->A)->A->A)->!A->(A->(A->A)->A)->A->A (Сх. акс. 2)
(61) (!A->(A->A->A)->(A->(A->A)->A)->A->A)->!A->(A->(A->A)->A)->A->A (M.P. 56, 60)
(62) !A->(A->(A->A)->A)->A->A (M.P. 59, 61)
(63) (!A->A->(A->A)->A)->(!A->(A->(A->A)->A)->A->A)->!A->A->A (Сх. акс. 2)
(64) (!A->(A->(A->A)->A)->A->A)->!A->A->A (M.P. 53, 63)
(65) !A->A->A (M.P. 62, 64)
(66) (A->A)->(A->A->!A->A)->A->!A->A (Сх. акс. 2)
(67) ((A->A)->(A->A->!A->A)->A->!A->A)->!A->(A->A)->(A->A->!A->A)->A->!A->A (Сх. акс. 1)
(68) !A->(A->A)->(A->A->!A->A)->A->!A->A (M.P. 66, 67)
(69) (!A->A->A)->(!A->(A->A)->(A->A->!A->A)->A->!A->A)->!A->(A->A->!A->A)->A->!A->A (Сх. акс. 2)
(70) (!A->(A->A)->(A->A->!A->A)->A->!A->A)->!A->(A->A->!A->A)->A->!A->A (M.P. 65, 69)
(71) !A->(A->A->!A->A)->A->!A->A (M.P. 68, 70)
(72) A->!A->A (Сх. акс. 1)
(73) (A->!A->A)->!A->A->!A->A (Сх. акс. 1)
(74) !A->A->!A->A (M.P. 72, 46)
(75) (!A->!A->!A)->A->!A->!A->!A (Сх. акс. 1)
(76) ((!A->!A->!A)->A->!A->!A->!A)->!A->(!A->!A->!A)->A->!A->!A->!A (Сх. акс. 1)
(77) !A->(!A->!A->!A)->A->!A->!A->!A (M.P. 75, 76)
(78) !A->!A->!A (Сх. акс. 1)
(79) (!A->!A->!A)->!A->!A->!A->!A (Сх. акс. 1)
(80) !A->!A->!A->!A (M.P. 78, 79)
(81) (!A->!A->!A->!A)->(!A->(!A->!A->!A)->A->!A->!A->!A)->!A->A->!A->!A->!A (Сх. акс. 2)
(82) (!A->(!A->!A->!A)->A->!A->!A->!A)->!A->A->!A->!A->!A (M.P. 80, 81)
(83) !A->A->!A->!A->!A (M.P. 77, 82)
(84) !A->A->!A (Сх. акс. 1)
(85) (!A->A->!A)->!A->!A->A->!A (Сх. акс. 1)
(86) !A->!A->A->!A (M.P. 84, 85)
(87) !A->!A->!A (Сх. акс. 1)
(88) !A->(!A->!A)->!A (Сх. акс. 1)
(89) (!A->!A->!A)->(!A->(!A->!A)->!A)->!A->!A (Сх. акс. 2)
(90) (!A->(!A->!A)->!A)->!A->!A (M.P. 87, 24)
(91) !A->!A (M.P. 88, 25)
(92) (!A->!A)->(!A->!A->A->!A)->!A->A->!A (Сх. акс. 2)
(93) (!A->!A->A->!A)->!A->A->!A (M.P. 91, 92)
(94) !A->A->!A (Сх. акс. 1)
(95) (A->!A)->(A->!A->!A->!A)->A->!A->!A (Сх. акс. 2)
(96) ((A->!A)->(A->!A->!A->!A)->A->!A->!A)->!A->(A->!A)->(A->!A->!A->!A)->A->!A->!A (Сх. акс. 1)
(97) !A->(A->!A)->(A->!A->!A->!A)->A->!A->!A (M.P. 95, 96)
(98) (!A->A->!A)->(!A->(A->!A)->(A->!A->!A->!A)->A->!A->!A)->!A->(A->!A->!A->!A)->A->!A->!A (Сх. акс. 2)
(99) (!A->(A->!A)->(A->!A->!A->!A)->A->!A->!A)->!A->(A->!A->!A->!A)->A->!A->!A (M.P. 94, 98)
(100) !A->(A->!A->!A->!A)->A->!A->!A (M.P. 97, 99)
(101) (!A->A->!A->!A->!A)->(!A->(A->!A->!A->!A)->A->!A->!A)->!A->A->!A->!A (Сх. акс. 2)
(102) (!A->(A->!A->!A->!A)->A->!A->!A)->!A->A->!A->!A (M.P. 83, 101)
(103) !A->A->!A->!A (M.P. 100, 102)
(104) ((!A->A)->(!A->!A)->!!A)->A->(!A->A)->(!A->!A)->!!A (Сх. акс. 1)
(105) (((!A->A)->(!A->!A)->!!A)->A->(!A->A)->(!A->!A)->!!A)->!A->((!A->A)->(!A->!A)->!!A)->A->(!A->A)->(!A->!A)->!!A (Сх. акс. 1)
(106) !A->((!A->A)->(!A->!A)->!!A)->A->(!A->A)->(!A->!A)->!!A (M.P. 104, 105)
(107) (!A->A)->(!A->!A)->!!A (Сх. акс. 9)
(108) ((!A->A)->(!A->!A)->!!A)->!A->(!A->A)->(!A->!A)->!!A (Сх. акс. 1)
(109) !A->(!A->A)->(!A->!A)->!!A (M.P. 107, 108)
(110) (!A->(!A->A)->(!A->!A)->!!A)->(!A->((!A->A)->(!A->!A)->!!A)->A->(!A->A)->(!A->!A)->!!A)->!A->A->(!A->A)->(!A->!A)->!!A (Сх. акс. 2)
(111) (!A->((!A->A)->(!A->!A)->!!A)->A->(!A->A)->(!A->!A)->!!A)->!A->A->(!A->A)->(!A->!A)->!!A (M.P. 109, 110)
(112) !A->A->(!A->A)->(!A->!A)->!!A (M.P. 106, 111)
(113) (A->!A->A)->(A->(!A->A)->(!A->!A)->!!A)->A->(!A->!A)->!!A (Сх. акс. 2)
(114) ((A->!A->A)->(A->(!A->A)->(!A->!A)->!!A)->A->(!A->!A)->!!A)->!A->(A->!A->A)->(A->(!A->A)->(!A->!A)->!!A)->A->(!A->!A)->!!A (Сх. акс. 1)
(115) !A->(A->!A->A)->(A->(!A->A)->(!A->!A)->!!A)->A->(!A->!A)->!!A (M.P. 113, 114)
(116) (!A->A->!A->A)->(!A->(A->!A->A)->(A->(!A->A)->(!A->!A)->!!A)->A->(!A->!A)->!!A)->!A->(A->(!A->A)->(!A->!A)->!!A)->A->(!A->!A)->!!A (Сх. акс. 2)
(117) (!A->(A->!A->A)->(A->(!A->A)->(!A->!A)->!!A)->A->(!A->!A)->!!A)->!A->(A->(!A->A)->(!A->!A)->!!A)->A->(!A->!A)->!!A (M.P. 74, 116)
(118) !A->(A->(!A->A)->(!A->!A)->!!A)->A->(!A->!A)->!!A (M.P. 115, 117)
(119) (!A->A->(!A->A)->(!A->!A)->!!A)->(!A->(A->(!A->A)->(!A->!A)->!!A)->A->(!A->!A)->!!A)->!A->A->(!A->!A)->!!A (Сх. акс. 2)
(120) (!A->(A->(!A->A)->(!A->!A)->!!A)->A->(!A->!A)->!!A)->!A->A->(!A->!A)->!!A (M.P. 112, 119)
(121) !A->A->(!A->!A)->!!A (M.P. 118, 120)
(122) (A->!A->!A)->(A->(!A->!A)->!!A)->A->!!A (Сх. акс. 2)
(123) ((A->!A->!A)->(A->(!A->!A)->!!A)->A->!!A)->!A->(A->!A->!A)->(A->(!A->!A)->!!A)->A->!!A (Сх. акс. 1)
(124) !A->(A->!A->!A)->(A->(!A->!A)->!!A)->A->!!A (M.P. 122, 123)
(125) (!A->A->!A->!A)->(!A->(A->!A->!A)->(A->(!A->!A)->!!A)->A->!!A)->!A->(A->(!A->!A)->!!A)->A->!!A (Сх. акс. 2)
(126) (!A->(A->!A->!A)->(A->(!A->!A)->!!A)->A->!!A)->!A->(A->(!A->!A)->!!A)->A->!!A (M.P. 103, 125)
(127) !A->(A->(!A->!A)->!!A)->A->!!A (M.P. 124, 126)
(128) (!A->A->(!A->!A)->!!A)->(!A->(A->(!A->!A)->!!A)->A->!!A)->!A->A->!!A (Сх. акс. 2)
(129) (!A->(A->(!A->!A)->!!A)->A->!!A)->!A->A->!!A (M.P. 121, 128)
(130) !A->A->!!A (M.P. 127, 129)
(131) (!!A->A)->A->!!A->A (Сх. акс. 1)
(132) ((!!A->A)->A->!!A->A)->!A->(!!A->A)->A->!!A->A (Сх. акс. 1)
(133) !A->(!!A->A)->A->!!A->A (M.P. 131, 132)
(134) !!A->A (Сх. акс. 10)
(135) (!!A->A)->!A->!!A->A (Сх. акс. 1)
(136) !A->!!A->A (M.P. 134, 135)
(137) A->!!A->A (Сх. акс. 1)
(138) (A->!!A->A)->!A->A->!!A->A (Сх. акс. 1)
(139) !A->A->!!A->A (M.P. 137, 138)
(140) (A->!!A)->(A->!!A->A)->A->A (Сх. акс. 2)
(141) ((A->!!A)->(A->!!A->A)->A->A)->!A->(A->!!A)->(A->!!A->A)->A->A (Сх. акс. 1)
(142) !A->(A->!!A)->(A->!!A->A)->A->A (M.P. 140, 141)
(143) (!A->A->!!A)->(!A->(A->!!A)->(A->!!A->A)->A->A)->!A->(A->!!A->A)->A->A (Сх. акс. 2)
(144) (!A->(A->!!A)->(A->!!A->A)->A->A)->!A->(A->!!A->A)->A->A (M.P. 130, 143)
(145) !A->(A->!!A->A)->A->A (M.P. 142, 144)
(146) (!A->A->(A->A)->A)->(!A->(A->(A->A)->A)->A->A)->!A->A->A (Сх. акс. 2)
(147) (!A->(A->(A->A)->A)->A->A)->!A->A->A (M.P. 53, 63)
(148) !A->A->A (M.P. 62, 64)
(149) A->A|!A (Сх. акс. 6)
(150) !A->A|!A (Сх. акс. 7)
(151) (A->A|!A)->(A->!(A|!A))->!A (Сх. акс. 9)
(152) ((A->A|!A)->(A->!(A|!A))->!A)->(A->A|!A)->(A->A|!A)->(A->!(A|!A))->!A (Сх. акс. 1)
(153) (A->A|!A)->(A->A|!A)->(A->!(A|!A))->!A (M.P. 151, 152)
(154) ((A->A|!A)->(A->!(A|!A))->!A)->!(A|!A)->(A->A|!A)->(A->!(A|!A))->!A (Сх. акс. 1)
(155) (((A->A|!A)->(A->!(A|!A))->!A)->!(A|!A)->(A->A|!A)->(A->!(A|!A))->!A)->(A->A|!A)->((A->A|!A)->(A->!(A|!A))->!A)->!(A|!A)->(A->A|!A)->(A->!(A|!A))->!A (Сх. акс. 1)
(156) (A->A|!A)->((A->A|!A)->(A->!(A|!A))->!A)->!(A|!A)->(A->A|!A)->(A->!(A|!A))->!A (M.P. 154, 155)
(157) ((A->A|!A)->(A->A|!A)->(A->!(A|!A))->!A)->((A->A|!A)->((A->A|!A)->(A->!(A|!A))->!A)->!(A|!A)->(A->A|!A)->(A->!(A|!A))->!A)->(A->A|!A)->!(A|!A)->(A->A|!A)->(A->!(A|!A))->!A (Сх. акс. 2)
(158) ((A->A|!A)->((A->A|!A)->(A->!(A|!A))->!A)->!(A|!A)->(A->A|!A)->(A->!(A|!A))->!A)->(A->A|!A)->!(A|!A)->(A->A|!A)->(A->!(A|!A))->!A (M.P. 153, 157)
(159) (A->A|!A)->!(A|!A)->(A->A|!A)->(A->!(A|!A))->!A (M.P. 156, 158)
(160) (A->A|!A)->(A->A|!A)->A->A|!A (Сх. акс. 1)
(161) (A->A|!A)->((A->A|!A)->A->A|!A)->A->A|!A (Сх. акс. 1)
(162) ((A->A|!A)->(A->A|!A)->A->A|!A)->((A->A|!A)->((A->A|!A)->A->A|!A)->A->A|!A)->(A->A|!A)->A->A|!A (Сх. акс. 2)
(163) ((A->A|!A)->((A->A|!A)->A->A|!A)->A->A|!A)->(A->A|!A)->A->A|!A (M.P. 160, 162)
(164) (A->A|!A)->A->A|!A (M.P. 149, 160)
(165) (A->A|!A)->!(A|!A)->A->A|!A (Сх. акс. 1)
(166) ((A->A|!A)->!(A|!A)->A->A|!A)->(A->A|!A)->(A->A|!A)->!(A|!A)->A->A|!A (Сх. акс. 1)
(167) (A->A|!A)->(A->A|!A)->!(A|!A)->A->A|!A (M.P. 165, 166)
(168) ((A->A|!A)->A->A|!A)->((A->A|!A)->(A->A|!A)->!(A|!A)->A->A|!A)->(A->A|!A)->!(A|!A)->A->A|!A (Сх. акс. 2)
(169) ((A->A|!A)->(A->A|!A)->!(A|!A)->A->A|!A)->(A->A|!A)->!(A|!A)->A->A|!A (M.P. 164, 168)
(170) (A->A|!A)->!(A|!A)->A->A|!A (Сх. акс. 1)
(171) (!(A|!A)->A->A|!A)->(!(A|!A)->(A->A|!A)->(A->!(A|!A))->!A)->!(A|!A)->(A->!(A|!A))->!A (Сх. акс. 2)
(172) ((!(A|!A)->A->A|!A)->(!(A|!A)->(A->A|!A)->(A->!(A|!A))->!A)->!(A|!A)->(A->!(A|!A))->!A)->(A->A|!A)->(!(A|!A)->A->A|!A)->(!(A|!A)->(A->A|!A)->(A->!(A|!A))->!A)->!(A|!A)->(A->!(A|!A))->!A (Сх. акс. 1)
(173) (A->A|!A)->(!(A|!A)->A->A|!A)->(!(A|!A)->(A->A|!A)->(A->!(A|!A))->!A)->!(A|!A)->(A->!(A|!A))->!A (M.P. 171, 172)
(174) ((A->A|!A)->!(A|!A)->A->A|!A)->((A->A|!A)->(!(A|!A)->A->A|!A)->(!(A|!A)->(A->A|!A)->(A->!(A|!A))->!A)->!(A|!A)->(A->!(A|!A))->!A)->(A->A|!A)->(!(A|!A)->(A->A|!A)->(A->!(A|!A))->!A)->!(A|!A)->(A->!(A|!A))->!A (Сх. акс. 2)
(175) ((A->A|!A)->(!(A|!A)->A->A|!A)->(!(A|!A)->(A->A|!A)->(A->!(A|!A))->!A)->!(A|!A)->(A->!(A|!A))->!A)->(A->A|!A)->(!(A|!A)->(A->A|!A)->(A->!(A|!A))->!A)->!(A|!A)->(A->!(A|!A))->!A (M.P. 170, 174)
(176) (A->A|!A)->(!(A|!A)->(A->A|!A)->(A->!(A|!A))->!A)->!(A|!A)->(A->!(A|!A))->!A (M.P. 173, 175)
(177) ((A->A|!A)->!(A|!A)->(A->A|!A)->(A->!(A|!A))->!A)->((A->A|!A)->(!(A|!A)->(A->A|!A)->(A->!(A|!A))->!A)->!(A|!A)->(A->!(A|!A))->!A)->(A->A|!A)->!(A|!A)->(A->!(A|!A))->!A (Сх. акс. 2)
(178) ((A->A|!A)->(!(A|!A)->(A->A|!A)->(A->!(A|!A))->!A)->!(A|!A)->(A->!(A|!A))->!A)->(A->A|!A)->!(A|!A)->(A->!(A|!A))->!A (M.P. 159, 177)
(179) (A->A|!A)->!(A|!A)->(A->!(A|!A))->!A (M.P. 176, 178)
(180) !(A|!A)->A->!(A|!A) (Сх. акс. 1)
(181) (!(A|!A)->A->!(A|!A))->(A->A|!A)->!(A|!A)->A->!(A|!A) (Сх. акс. 1)
(182) (A->A|!A)->!(A|!A)->A->!(A|!A) (M.P. 180, 181)
(183) (!(A|!A)->A->!(A|!A))->!(A|!A)->!(A|!A)->A->!(A|!A) (Сх. акс. 1)
(184) ((!(A|!A)->A->!(A|!A))->!(A|!A)->!(A|!A)->A->!(A|!A))->(A->A|!A)->(!(A|!A)->A->!(A|!A))->!(A|!A)->!(A|!A)->A->!(A|!A) (Сх. акс. 1)
(185) (A->A|!A)->(!(A|!A)->A->!(A|!A))->!(A|!A)->!(A|!A)->A->!(A|!A) (M.P. 183, 184)
(186) ((A->A|!A)->!(A|!A)->A->!(A|!A))->((A->A|!A)->(!(A|!A)->A->!(A|!A))->!(A|!A)->!(A|!A)->A->!(A|!A))->(A->A|!A)->!(A|!A)->!(A|!A)->A->!(A|!A) (Сх. акс. 2)
(187) ((A->A|!A)->(!(A|!A)->A->!(A|!A))->!(A|!A)->!(A|!A)->A->!(A|!A))->(A->A|!A)->!(A|!A)->!(A|!A)->A->!(A|!A) (M.P. 182, 186)
(188) (A->A|!A)->!(A|!A)->!(A|!A)->A->!(A|!A) (M.P. 185, 187)
(189) !(A|!A)->!(A|!A)->!(A|!A) (Сх. акс. 1)
(190) (!(A|!A)->!(A|!A)->!(A|!A))->(A->A|!A)->!(A|!A)->!(A|!A)->!(A|!A) (Сх. акс. 1)
(191) (A->A|!A)->!(A|!A)->!(A|!A)->!(A|!A) (M.P. 189, 190)
(192) (!(A|!A)->!(A|!A)->!(A|!A))->(!(A|!A)->(!(A|!A)->!(A|!A))->!(A|!A))->!(A|!A)->!(A|!A) (Сх. акс. 2)
(193) ((!(A|!A)->!(A|!A)->!(A|!A))->(!(A|!A)->(!(A|!A)->!(A|!A))->!(A|!A))->!(A|!A)->!(A|!A))->(A->A|!A)->(!(A|!A)->!(A|!A)->!(A|!A))->(!(A|!A)->(!(A|!A)->!(A|!A))->!(A|!A))->!(A|!A)->!(A|!A) (Сх. акс. 1)
(194) (A->A|!A)->(!(A|!A)->!(A|!A)->!(A|!A))->(!(A|!A)->(!(A|!A)->!(A|!A))->!(A|!A))->!(A|!A)->!(A|!A) (M.P. 192, 193)
(195) ((A->A|!A)->!(A|!A)->!(A|!A)->!(A|!A))->((A->A|!A)->(!(A|!A)->!(A|!A)->!(A|!A))->(!(A|!A)->(!(A|!A)->!(A|!A))->!(A|!A))->!(A|!A)->!(A|!A))->(A->A|!A)->(!(A|!A)->(!(A|!A)->!(A|!A))->!(A|!A))->!(A|!A)->!(A|!A) (Сх. акс. 2)
(196) ((A->A|!A)->(!(A|!A)->!(A|!A)->!(A|!A))->(!(A|!A)->(!(A|!A)->!(A|!A))->!(A|!A))->!(A|!A)->!(A|!A))->(A->A|!A)->(!(A|!A)->(!(A|!A)->!(A|!A))->!(A|!A))->!(A|!A)->!(A|!A) (M.P. 191, 195)
(197) (A->A|!A)->(!(A|!A)->(!(A|!A)->!(A|!A))->!(A|!A))->!(A|!A)->!(A|!A) (M.P. 194, 196)
(198) !(A|!A)->(!(A|!A)->!(A|!A))->!(A|!A) (Сх. акс. 1)
(199) (!(A|!A)->(!(A|!A)->!(A|!A))->!(A|!A))->(A->A|!A)->!(A|!A)->(!(A|!A)->!(A|!A))->!(A|!A) (Сх. акс. 1)
(200) (A->A|!A)->!(A|!A)->(!(A|!A)->!(A|!A))->!(A|!A) (M.P. 198, 199)
(201) ((A->A|!A)->!(A|!A)->(!(A|!A)->!(A|!A))->!(A|!A))->((A->A|!A)->(!(A|!A)->(!(A|!A)->!(A|!A))->!(A|!A))->!(A|!A)->!(A|!A))->(A->A|!A)->!(A|!A)->!(A|!A) (Сх. акс. 2)
(202) ((A->A|!A)->(!(A|!A)->(!(A|!A)->!(A|!A))->!(A|!A))->!(A|!A)->!(A|!A))->(A->A|!A)->!(A|!A)->!(A|!A) (M.P. 200, 201)
(203) (A->A|!A)->!(A|!A)->!(A|!A) (M.P. 197, 202)
(204) (!(A|!A)->!(A|!A))->(!(A|!A)->!(A|!A)->A->!(A|!A))->!(A|!A)->A->!(A|!A) (Сх. акс. 2)
(205) ((!(A|!A)->!(A|!A))->(!(A|!A)->!(A|!A)->A->!(A|!A))->!(A|!A)->A->!(A|!A))->(A->A|!A)->(!(A|!A)->!(A|!A))->(!(A|!A)->!(A|!A)->A->!(A|!A))->!(A|!A)->A->!(A|!A) (Сх. акс. 1)
(206) (A->A|!A)->(!(A|!A)->!(A|!A))->(!(A|!A)->!(A|!A)->A->!(A|!A))->!(A|!A)->A->!(A|!A) (M.P. 204, 205)
(207) ((A->A|!A)->!(A|!A)->!(A|!A))->((A->A|!A)->(!(A|!A)->!(A|!A))->(!(A|!A)->!(A|!A)->A->!(A|!A))->!(A|!A)->A->!(A|!A))->(A->A|!A)->(!(A|!A)->!(A|!A)->A->!(A|!A))->!(A|!A)->A->!(A|!A) (Сх. акс. 2)
(208) ((A->A|!A)->(!(A|!A)->!(A|!A))->(!(A|!A)->!(A|!A)->A->!(A|!A))->!(A|!A)->A->!(A|!A))->(A->A|!A)->(!(A|!A)->!(A|!A)->A->!(A|!A))->!(A|!A)->A->!(A|!A) (M.P. 203, 207)
(209) (A->A|!A)->(!(A|!A)->!(A|!A)->A->!(A|!A))->!(A|!A)->A->!(A|!A) (M.P. 206, 208)
(210) !(A|!A)->A->!(A|!A) (Сх. акс. 1)
(211) (!(A|!A)->A->!(A|!A))->(A->A|!A)->!(A|!A)->A->!(A|!A) (Сх. акс. 1)
(212) (A->A|!A)->!(A|!A)->A->!(A|!A) (M.P. 210, 181)
(213) (!(A|!A)->A->!(A|!A))->(!(A|!A)->(A->!(A|!A))->!A)->!(A|!A)->!A (Сх. акс. 2)
(214) ((!(A|!A)->A->!(A|!A))->(!(A|!A)->(A->!(A|!A))->!A)->!(A|!A)->!A)->(A->A|!A)->(!(A|!A)->A->!(A|!A))->(!(A|!A)->(A->!(A|!A))->!A)->!(A|!A)->!A (Сх. акс. 1)
(215) (A->A|!A)->(!(A|!A)->A->!(A|!A))->(!(A|!A)->(A->!(A|!A))->!A)->!(A|!A)->!A (M.P. 213, 214)
(216) ((A->A|!A)->!(A|!A)->A->!(A|!A))->((A->A|!A)->(!(A|!A)->A->!(A|!A))->(!(A|!A)->(A->!(A|!A))->!A)->!(A|!A)->!A)->(A->A|!A)->(!(A|!A)->(A->!(A|!A))->!A)->!(A|!A)->!A (Сх. акс. 2)
(217) ((A->A|!A)->(!(A|!A)->A->!(A|!A))->(!(A|!A)->(A->!(A|!A))->!A)->!(A|!A)->!A)->(A->A|!A)->(!(A|!A)->(A->!(A|!A))->!A)->!(A|!A)->!A (M.P. 212, 216)
(218) (A->A|!A)->(!(A|!A)->(A->!(A|!A))->!A)->!(A|!A)->!A (M.P. 215, 217)
(219) ((A->A|!A)->!(A|!A)->(A->!(A|!A))->!A)->((A->A|!A)->(!(A|!A)->(A->!(A|!A))->!A)->!(A|!A)->!A)->(A->A|!A)->!(A|!A)->!A (Сх. акс. 2)
(220) ((A->A|!A)->(!(A|!A)->(A->!(A|!A))->!A)->!(A|!A)->!A)->(A->A|!A)->!(A|!A)->!A (M.P. 179, 219)
(221) (A->A|!A)->!(A|!A)->!A (M.P. 218, 220)
(222) (!A->A|!A)->(!A->!(A|!A))->!!A (Сх. акс. 9)
(223) ((!A->A|!A)->(!A->!(A|!A))->!!A)->(!A->A|!A)->(!A->A|!A)->(!A->!(A|!A))->!!A (Сх. акс. 1)
(224) (!A->A|!A)->(!A->A|!A)->(!A->!(A|!A))->!!A (M.P. 222, 223)
(225) ((!A->A|!A)->(!A->!(A|!A))->!!A)->!(A|!A)->(!A->A|!A)->(!A->!(A|!A))->!!A (Сх. акс. 1)
(226) (((!A->A|!A)->(!A->!(A|!A))->!!A)->!(A|!A)->(!A->A|!A)->(!A->!(A|!A))->!!A)->(!A->A|!A)->((!A->A|!A)->(!A->!(A|!A))->!!A)->!(A|!A)->(!A->A|!A)->(!A->!(A|!A))->!!A (Сх. акс. 1)
(227) (!A->A|!A)->((!A->A|!A)->(!A->!(A|!A))->!!A)->!(A|!A)->(!A->A|!A)->(!A->!(A|!A))->!!A (M.P. 225, 226)
(228) ((!A->A|!A)->(!A->A|!A)->(!A->!(A|!A))->!!A)->((!A->A|!A)->((!A->A|!A)->(!A->!(A|!A))->!!A)->!(A|!A)->(!A->A|!A)->(!A->!(A|!A))->!!A)->(!A->A|!A)->!(A|!A)->(!A->A|!A)->(!A->!(A|!A))->!!A (Сх. акс. 2)
(229) ((!A->A|!A)->((!A->A|!A)->(!A->!(A|!A))->!!A)->!(A|!A)->(!A->A|!A)->(!A->!(A|!A))->!!A)->(!A->A|!A)->!(A|!A)->(!A->A|!A)->(!A->!(A|!A))->!!A (M.P. 224, 228)
(230) (!A->A|!A)->!(A|!A)->(!A->A|!A)->(!A->!(A|!A))->!!A (M.P. 227, 229)
(231) (!A->A|!A)->(!A->A|!A)->!A->A|!A (Сх. акс. 1)
(232) (!A->A|!A)->((!A->A|!A)->!A->A|!A)->!A->A|!A (Сх. акс. 1)
(233) ((!A->A|!A)->(!A->A|!A)->!A->A|!A)->((!A->A|!A)->((!A->A|!A)->!A->A|!A)->!A->A|!A)->(!A->A|!A)->!A->A|!A (Сх. акс. 2)
(234) ((!A->A|!A)->((!A->A|!A)->!A->A|!A)->!A->A|!A)->(!A->A|!A)->!A->A|!A (M.P. 231, 233)
(235) (!A->A|!A)->!A->A|!A (M.P. 150, 231)
(236) (!A->A|!A)->!(A|!A)->!A->A|!A (Сх. акс. 1)
(237) ((!A->A|!A)->!(A|!A)->!A->A|!A)->(!A->A|!A)->(!A->A|!A)->!(A|!A)->!A->A|!A (Сх. акс. 1)
(238) (!A->A|!A)->(!A->A|!A)->!(A|!A)->!A->A|!A (M.P. 236, 237)
(239) ((!A->A|!A)->!A->A|!A)->((!A->A|!A)->(!A->A|!A)->!(A|!A)->!A->A|!A)->(!A->A|!A)->!(A|!A)->!A->A|!A (Сх. акс. 2)
(240) ((!A->A|!A)->(!A->A|!A)->!(A|!A)->!A->A|!A)->(!A->A|!A)->!(A|!A)->!A->A|!A (M.P. 235, 239)
(241) (!A->A|!A)->!(A|!A)->!A->A|!A (Сх. акс. 1)
(242) (!(A|!A)->!A->A|!A)->(!(A|!A)->(!A->A|!A)->(!A->!(A|!A))->!!A)->!(A|!A)->(!A->!(A|!A))->!!A (Сх. акс. 2)
(243) ((!(A|!A)->!A->A|!A)->(!(A|!A)->(!A->A|!A)->(!A->!(A|!A))->!!A)->!(A|!A)->(!A->!(A|!A))->!!A)->(!A->A|!A)->(!(A|!A)->!A->A|!A)->(!(A|!A)->(!A->A|!A)->(!A->!(A|!A))->!!A)->!(A|!A)->(!A->!(A|!A))->!!A (Сх. акс. 1)
(244) (!A->A|!A)->(!(A|!A)->!A->A|!A)->(!(A|!A)->(!A->A|!A)->(!A->!(A|!A))->!!A)->!(A|!A)->(!A->!(A|!A))->!!A (M.P. 242, 243)
(245) ((!A->A|!A)->!(A|!A)->!A->A|!A)->((!A->A|!A)->(!(A|!A)->!A->A|!A)->(!(A|!A)->(!A->A|!A)->(!A->!(A|!A))->!!A)->!(A|!A)->(!A->!(A|!A))->!!A)->(!A->A|!A)->(!(A|!A)->(!A->A|!A)->(!A->!(A|!A))->!!A)->!(A|!A)->(!A->!(A|!A))->!!A (Сх. акс. 2)
(246) ((!A->A|!A)->(!(A|!A)->!A->A|!A)->(!(A|!A)->(!A->A|!A)->(!A->!(A|!A))->!!A)->!(A|!A)->(!A->!(A|!A))->!!A)->(!A->A|!A)->(!(A|!A)->(!A->A|!A)->(!A->!(A|!A))->!!A)->!(A|!A)->(!A->!(A|!A))->!!A (M.P. 241, 245)
(247) (!A->A|!A)->(!(A|!A)->(!A->A|!A)->(!A->!(A|!A))->!!A)->!(A|!A)->(!A->!(A|!A))->!!A (M.P. 244, 246)
(248) ((!A->A|!A)->!(A|!A)->(!A->A|!A)->(!A->!(A|!A))->!!A)->((!A->A|!A)->(!(A|!A)->(!A->A|!A)->(!A->!(A|!A))->!!A)->!(A|!A)->(!A->!(A|!A))->!!A)->(!A->A|!A)->!(A|!A)->(!A->!(A|!A))->!!A (Сх. акс. 2)
(249) ((!A->A|!A)->(!(A|!A)->(!A->A|!A)->(!A->!(A|!A))->!!A)->!(A|!A)->(!A->!(A|!A))->!!A)->(!A->A|!A)->!(A|!A)->(!A->!(A|!A))->!!A (M.P. 230, 248)
(250) (!A->A|!A)->!(A|!A)->(!A->!(A|!A))->!!A (M.P. 247, 249)
(251) !(A|!A)->!A->!(A|!A) (Сх. акс. 1)
(252) (!(A|!A)->!A->!(A|!A))->(!A->A|!A)->!(A|!A)->!A->!(A|!A) (Сх. акс. 1)
(253) (!A->A|!A)->!(A|!A)->!A->!(A|!A) (M.P. 251, 252)
(254) (!(A|!A)->!A->!(A|!A))->!(A|!A)->!(A|!A)->!A->!(A|!A) (Сх. акс. 1)
(255) ((!(A|!A)->!A->!(A|!A))->!(A|!A)->!(A|!A)->!A->!(A|!A))->(!A->A|!A)->(!(A|!A)->!A->!(A|!A))->!(A|!A)->!(A|!A)->!A->!(A|!A) (Сх. акс. 1)
(256) (!A->A|!A)->(!(A|!A)->!A->!(A|!A))->!(A|!A)->!(A|!A)->!A->!(A|!A) (M.P. 254, 255)
(257) ((!A->A|!A)->!(A|!A)->!A->!(A|!A))->((!A->A|!A)->(!(A|!A)->!A->!(A|!A))->!(A|!A)->!(A|!A)->!A->!(A|!A))->(!A->A|!A)->!(A|!A)->!(A|!A)->!A->!(A|!A) (Сх. акс. 2)
(258) ((!A->A|!A)->(!(A|!A)->!A->!(A|!A))->!(A|!A)->!(A|!A)->!A->!(A|!A))->(!A->A|!A)->!(A|!A)->!(A|!A)->!A->!(A|!A) (M.P. 253, 257)
(259) (!A->A|!A)->!(A|!A)->!(A|!A)->!A->!(A|!A) (M.P. 256, 258)
(260) !(A|!A)->!(A|!A)->!(A|!A) (Сх. акс. 1)
(261) (!(A|!A)->!(A|!A)->!(A|!A))->(!A->A|!A)->!(A|!A)->!(A|!A)->!(A|!A) (Сх. акс. 1)
(262) (!A->A|!A)->!(A|!A)->!(A|!A)->!(A|!A) (M.P. 260, 261)
(263) (!(A|!A)->!(A|!A)->!(A|!A))->(!(A|!A)->(!(A|!A)->!(A|!A))->!(A|!A))->!(A|!A)->!(A|!A) (Сх. акс. 2)
(264) ((!(A|!A)->!(A|!A)->!(A|!A))->(!(A|!A)->(!(A|!A)->!(A|!A))->!(A|!A))->!(A|!A)->!(A|!A))->(!A->A|!A)->(!(A|!A)->!(A|!A)->!(A|!A))->(!(A|!A)->(!(A|!A)->!(A|!A))->!(A|!A))->!(A|!A)->!(A|!A) (Сх. акс. 1)
(265) (!A->A|!A)->(!(A|!A)->!(A|!A)->!(A|!A))->(!(A|!A)->(!(A|!A)->!(A|!A))->!(A|!A))->!(A|!A)->!(A|!A) (M.P. 263, 264)
(266) ((!A->A|!A)->!(A|!A)->!(A|!A)->!(A|!A))->((!A->A|!A)->(!(A|!A)->!(A|!A)->!(A|!A))->(!(A|!A)->(!(A|!A)->!(A|!A))->!(A|!A))->!(A|!A)->!(A|!A))->(!A->A|!A)->(!(A|!A)->(!(A|!A)->!(A|!A))->!(A|!A))->!(A|!A)->!(A|!A) (Сх. акс. 2)
(267) ((!A->A|!A)->(!(A|!A)->!(A|!A)->!(A|!A))->(!(A|!A)->(!(A|!A)->!(A|!A))->!(A|!A))->!(A|!A)->!(A|!A))->(!A->A|!A)->(!(A|!A)->(!(A|!A)->!(A|!A))->!(A|!A))->!(A|!A)->!(A|!A) (M.P. 262, 266)
(268) (!A->A|!A)->(!(A|!A)->(!(A|!A)->!(A|!A))->!(A|!A))->!(A|!A)->!(A|!A) (M.P. 265, 267)
(269) !(A|!A)->(!(A|!A)->!(A|!A))->!(A|!A) (Сх. акс. 1)
(270) (!(A|!A)->(!(A|!A)->!(A|!A))->!(A|!A))->(!A->A|!A)->!(A|!A)->(!(A|!A)->!(A|!A))->!(A|!A) (Сх. акс. 1)
(271) (!A->A|!A)->!(A|!A)->(!(A|!A)->!(A|!A))->!(A|!A) (M.P. 269, 270)
(272) ((!A->A|!A)->!(A|!A)->(!(A|!A)->!(A|!A))->!(A|!A))->((!A->A|!A)->(!(A|!A)->(!(A|!A)->!(A|!A))->!(A|!A))->!(A|!A)->!(A|!A))->(!A->A|!A)->!(A|!A)->!(A|!A) (Сх. акс. 2)
(273) ((!A->A|!A)->(!(A|!A)->(!(A|!A)->!(A|!A))->!(A|!A))->!(A|!A)->!(A|!A))->(!A->A|!A)->!(A|!A)->!(A|!A) (M.P. 271, 272)
(274) (!A->A|!A)->!(A|!A)->!(A|!A) (M.P. 268, 273)
(275) (!(A|!A)->!(A|!A))->(!(A|!A)->!(A|!A)->!A->!(A|!A))->!(A|!A)->!A->!(A|!A) (Сх. акс. 2)
(276) ((!(A|!A)->!(A|!A))->(!(A|!A)->!(A|!A)->!A->!(A|!A))->!(A|!A)->!A->!(A|!A))->(!A->A|!A)->(!(A|!A)->!(A|!A))->(!(A|!A)->!(A|!A)->!A->!(A|!A))->!(A|!A)->!A->!(A|!A) (Сх. акс. 1)
(277) (!A->A|!A)->(!(A|!A)->!(A|!A))->(!(A|!A)->!(A|!A)->!A->!(A|!A))->!(A|!A)->!A->!(A|!A) (M.P. 275, 276)
(278) ((!A->A|!A)->!(A|!A)->!(A|!A))->((!A->A|!A)->(!(A|!A)->!(A|!A))->(!(A|!A)->!(A|!A)->!A->!(A|!A))->!(A|!A)->!A->!(A|!A))->(!A->A|!A)->(!(A|!A)->!(A|!A)->!A->!(A|!A))->!(A|!A)->!A->!(A|!A) (Сх. акс. 2)
(279) ((!A->A|!A)->(!(A|!A)->!(A|!A))->(!(A|!A)->!(A|!A)->!A->!(A|!A))->!(A|!A)->!A->!(A|!A))->(!A->A|!A)->(!(A|!A)->!(A|!A)->!A->!(A|!A))->!(A|!A)->!A->!(A|!A) (M.P. 274, 278)
(280) (!A->A|!A)->(!(A|!A)->!(A|!A)->!A->!(A|!A))->!(A|!A)->!A->!(A|!A) (M.P. 277, 279)
(281) !(A|!A)->!A->!(A|!A) (Сх. акс. 1)
(282) (!(A|!A)->!A->!(A|!A))->(!A->A|!A)->!(A|!A)->!A->!(A|!A) (Сх. акс. 1)
(283) (!A->A|!A)->!(A|!A)->!A->!(A|!A) (M.P. 281, 252)
(284) (!(A|!A)->!A->!(A|!A))->(!(A|!A)->(!A->!(A|!A))->!!A)->!(A|!A)->!!A (Сх. акс. 2)
(285) ((!(A|!A)->!A->!(A|!A))->(!(A|!A)->(!A->!(A|!A))->!!A)->!(A|!A)->!!A)->(!A->A|!A)->(!(A|!A)->!A->!(A|!A))->(!(A|!A)->(!A->!(A|!A))->!!A)->!(A|!A)->!!A (Сх. акс. 1)
(286) (!A->A|!A)->(!(A|!A)->!A->!(A|!A))->(!(A|!A)->(!A->!(A|!A))->!!A)->!(A|!A)->!!A (M.P. 284, 285)
(287) ((!A->A|!A)->!(A|!A)->!A->!(A|!A))->((!A->A|!A)->(!(A|!A)->!A->!(A|!A))->(!(A|!A)->(!A->!(A|!A))->!!A)->!(A|!A)->!!A)->(!A->A|!A)->(!(A|!A)->(!A->!(A|!A))->!!A)->!(A|!A)->!!A (Сх. акс. 2)
(288) ((!A->A|!A)->(!(A|!A)->!A->!(A|!A))->(!(A|!A)->(!A->!(A|!A))->!!A)->!(A|!A)->!!A)->(!A->A|!A)->(!(A|!A)->(!A->!(A|!A))->!!A)->!(A|!A)->!!A (M.P. 283, 287)
(289) (!A->A|!A)->(!(A|!A)->(!A->!(A|!A))->!!A)->!(A|!A)->!!A (M.P. 286, 288)
(290) ((!A->A|!A)->!(A|!A)->(!A->!(A|!A))->!!A)->((!A->A|!A)->(!(A|!A)->(!A->!(A|!A))->!!A)->!(A|!A)->!!A)->(!A->A|!A)->!(A|!A)->!!A (Сх. акс. 2)
(291) ((!A->A|!A)->(!(A|!A)->(!A->!(A|!A))->!!A)->!(A|!A)->!!A)->(!A->A|!A)->!(A|!A)->!!A (M.P. 250, 290)
(292) (!A->A|!A)->!(A|!A)->!!A (M.P. 289, 291)
(293) !(A|!A)->!A (M.P. 149, 221)
(294) !(A|!A)->!!A (M.P. 150, 292)
(295) (!(A|!A)->!A)->(!(A|!A)->!!A)->!(!(A|!A)) (Сх. акс. 9)
(296) (!(A|!A)->!!A)->!(!(A|!A)) (M.P. 293, 295)
(297) !(!(A|!A)) (M.P. 294, 296)
(298) !(!(A|!A))->A|!A (Сх. акс. 10)
(299) A|!A (M.P. 297, 298)
(300) (A->A->A)->(!A->A->A)->A|!A->A->A (Сх. акс. 8)
(301) (!A->A->A)->A|!A->A->A (M.P. 54, 300)
(302) A|!A->A->A (M.P. 148, 301)
(303) A->A (M.P. 51, 4)

