(1) A->A|!A (Сх. акс. 6)
(2) !A->A|!A (Сх. акс. 7)
(3) (A->A|!A)->(A->!(A|!A))->!A (Сх. акс. 9)
(4) ((A->A|!A)->(A->!(A|!A))->!A)->(A->A|!A)->(A->A|!A)->(A->!(A|!A))->!A (Сх. акс. 1)
(5) (A->A|!A)->(A->A|!A)->(A->!(A|!A))->!A (M.P. 3, 4)
(6) ((A->A|!A)->(A->!(A|!A))->!A)->!(A|!A)->(A->A|!A)->(A->!(A|!A))->!A (Сх. акс. 1)
(7) (((A->A|!A)->(A->!(A|!A))->!A)->!(A|!A)->(A->A|!A)->(A->!(A|!A))->!A)->(A->A|!A)->((A->A|!A)->(A->!(A|!A))->!A)->!(A|!A)->(A->A|!A)->(A->!(A|!A))->!A (Сх. акс. 1)
(8) (A->A|!A)->((A->A|!A)->(A->!(A|!A))->!A)->!(A|!A)->(A->A|!A)->(A->!(A|!A))->!A (M.P. 6, 7)
(9) ((A->A|!A)->(A->A|!A)->(A->!(A|!A))->!A)->((A->A|!A)->((A->A|!A)->(A->!(A|!A))->!A)->!(A|!A)->(A->A|!A)->(A->!(A|!A))->!A)->(A->A|!A)->!(A|!A)->(A->A|!A)->(A->!(A|!A))->!A (Сх. акс. 2)
(10) ((A->A|!A)->((A->A|!A)->(A->!(A|!A))->!A)->!(A|!A)->(A->A|!A)->(A->!(A|!A))->!A)->(A->A|!A)->!(A|!A)->(A->A|!A)->(A->!(A|!A))->!A (M.P. 5, 9)
(11) (A->A|!A)->!(A|!A)->(A->A|!A)->(A->!(A|!A))->!A (M.P. 8, 10)
(12) (A->A|!A)->(A->A|!A)->A->A|!A (Сх. акс. 1)
(13) (A->A|!A)->((A->A|!A)->A->A|!A)->A->A|!A (Сх. акс. 1)
(14) ((A->A|!A)->(A->A|!A)->A->A|!A)->((A->A|!A)->((A->A|!A)->A->A|!A)->A->A|!A)->(A->A|!A)->A->A|!A (Сх. акс. 2)
(15) ((A->A|!A)->((A->A|!A)->A->A|!A)->A->A|!A)->(A->A|!A)->A->A|!A (M.P. 12, 14)
(16) (A->A|!A)->A->A|!A (M.P. 1, 12)
(17) (A->A|!A)->!(A|!A)->A->A|!A (Сх. акс. 1)
(18) ((A->A|!A)->!(A|!A)->A->A|!A)->(A->A|!A)->(A->A|!A)->!(A|!A)->A->A|!A (Сх. акс. 1)
(19) (A->A|!A)->(A->A|!A)->!(A|!A)->A->A|!A (M.P. 17, 18)
(20) ((A->A|!A)->A->A|!A)->((A->A|!A)->(A->A|!A)->!(A|!A)->A->A|!A)->(A->A|!A)->!(A|!A)->A->A|!A (Сх. акс. 2)
(21) ((A->A|!A)->(A->A|!A)->!(A|!A)->A->A|!A)->(A->A|!A)->!(A|!A)->A->A|!A (M.P. 16, 20)
(22) (A->A|!A)->!(A|!A)->A->A|!A (Сх. акс. 1)
(23) (!(A|!A)->A->A|!A)->(!(A|!A)->(A->A|!A)->(A->!(A|!A))->!A)->!(A|!A)->(A->!(A|!A))->!A (Сх. акс. 2)
(24) ((!(A|!A)->A->A|!A)->(!(A|!A)->(A->A|!A)->(A->!(A|!A))->!A)->!(A|!A)->(A->!(A|!A))->!A)->(A->A|!A)->(!(A|!A)->A->A|!A)->(!(A|!A)->(A->A|!A)->(A->!(A|!A))->!A)->!(A|!A)->(A->!(A|!A))->!A (Сх. акс. 1)
(25) (A->A|!A)->(!(A|!A)->A->A|!A)->(!(A|!A)->(A->A|!A)->(A->!(A|!A))->!A)->!(A|!A)->(A->!(A|!A))->!A (M.P. 23, 24)
(26) ((A->A|!A)->!(A|!A)->A->A|!A)->((A->A|!A)->(!(A|!A)->A->A|!A)->(!(A|!A)->(A->A|!A)->(A->!(A|!A))->!A)->!(A|!A)->(A->!(A|!A))->!A)->(A->A|!A)->(!(A|!A)->(A->A|!A)->(A->!(A|!A))->!A)->!(A|!A)->(A->!(A|!A))->!A (Сх. акс. 2)
(27) ((A->A|!A)->(!(A|!A)->A->A|!A)->(!(A|!A)->(A->A|!A)->(A->!(A|!A))->!A)->!(A|!A)->(A->!(A|!A))->!A)->(A->A|!A)->(!(A|!A)->(A->A|!A)->(A->!(A|!A))->!A)->!(A|!A)->(A->!(A|!A))->!A (M.P. 22, 26)
(28) (A->A|!A)->(!(A|!A)->(A->A|!A)->(A->!(A|!A))->!A)->!(A|!A)->(A->!(A|!A))->!A (M.P. 25, 27)
(29) ((A->A|!A)->!(A|!A)->(A->A|!A)->(A->!(A|!A))->!A)->((A->A|!A)->(!(A|!A)->(A->A|!A)->(A->!(A|!A))->!A)->!(A|!A)->(A->!(A|!A))->!A)->(A->A|!A)->!(A|!A)->(A->!(A|!A))->!A (Сх. акс. 2)
(30) ((A->A|!A)->(!(A|!A)->(A->A|!A)->(A->!(A|!A))->!A)->!(A|!A)->(A->!(A|!A))->!A)->(A->A|!A)->!(A|!A)->(A->!(A|!A))->!A (M.P. 11, 29)
(31) (A->A|!A)->!(A|!A)->(A->!(A|!A))->!A (M.P. 28, 30)
(32) !(A|!A)->A->!(A|!A) (Сх. акс. 1)
(33) (!(A|!A)->A->!(A|!A))->(A->A|!A)->!(A|!A)->A->!(A|!A) (Сх. акс. 1)
(34) (A->A|!A)->!(A|!A)->A->!(A|!A) (M.P. 32, 33)
(35) (!(A|!A)->A->!(A|!A))->!(A|!A)->!(A|!A)->A->!(A|!A) (Сх. акс. 1)
(36) ((!(A|!A)->A->!(A|!A))->!(A|!A)->!(A|!A)->A->!(A|!A))->(A->A|!A)->(!(A|!A)->A->!(A|!A))->!(A|!A)->!(A|!A)->A->!(A|!A) (Сх. акс. 1)
(37) (A->A|!A)->(!(A|!A)->A->!(A|!A))->!(A|!A)->!(A|!A)->A->!(A|!A) (M.P. 35, 36)
(38) ((A->A|!A)->!(A|!A)->A->!(A|!A))->((A->A|!A)->(!(A|!A)->A->!(A|!A))->!(A|!A)->!(A|!A)->A->!(A|!A))->(A->A|!A)->!(A|!A)->!(A|!A)->A->!(A|!A) (Сх. акс. 2)
(39) ((A->A|!A)->(!(A|!A)->A->!(A|!A))->!(A|!A)->!(A|!A)->A->!(A|!A))->(A->A|!A)->!(A|!A)->!(A|!A)->A->!(A|!A) (M.P. 34, 38)
(40) (A->A|!A)->!(A|!A)->!(A|!A)->A->!(A|!A) (M.P. 37, 39)
(41) !(A|!A)->!(A|!A)->!(A|!A) (Сх. акс. 1)
(42) (!(A|!A)->!(A|!A)->!(A|!A))->(A->A|!A)->!(A|!A)->!(A|!A)->!(A|!A) (Сх. акс. 1)
(43) (A->A|!A)->!(A|!A)->!(A|!A)->!(A|!A) (M.P. 41, 42)
(44) (!(A|!A)->!(A|!A)->!(A|!A))->(!(A|!A)->(!(A|!A)->!(A|!A))->!(A|!A))->!(A|!A)->!(A|!A) (Сх. акс. 2)
(45) ((!(A|!A)->!(A|!A)->!(A|!A))->(!(A|!A)->(!(A|!A)->!(A|!A))->!(A|!A))->!(A|!A)->!(A|!A))->(A->A|!A)->(!(A|!A)->!(A|!A)->!(A|!A))->(!(A|!A)->(!(A|!A)->!(A|!A))->!(A|!A))->!(A|!A)->!(A|!A) (Сх. акс. 1)
(46) (A->A|!A)->(!(A|!A)->!(A|!A)->!(A|!A))->(!(A|!A)->(!(A|!A)->!(A|!A))->!(A|!A))->!(A|!A)->!(A|!A) (M.P. 44, 45)
(47) ((A->A|!A)->!(A|!A)->!(A|!A)->!(A|!A))->((A->A|!A)->(!(A|!A)->!(A|!A)->!(A|!A))->(!(A|!A)->(!(A|!A)->!(A|!A))->!(A|!A))->!(A|!A)->!(A|!A))->(A->A|!A)->(!(A|!A)->(!(A|!A)->!(A|!A))->!(A|!A))->!(A|!A)->!(A|!A) (Сх. акс. 2)
(48) ((A->A|!A)->(!(A|!A)->!(A|!A)->!(A|!A))->(!(A|!A)->(!(A|!A)->!(A|!A))->!(A|!A))->!(A|!A)->!(A|!A))->(A->A|!A)->(!(A|!A)->(!(A|!A)->!(A|!A))->!(A|!A))->!(A|!A)->!(A|!A) (M.P. 43, 47)
(49) (A->A|!A)->(!(A|!A)->(!(A|!A)->!(A|!A))->!(A|!A))->!(A|!A)->!(A|!A) (M.P. 46, 48)
(50) !(A|!A)->(!(A|!A)->!(A|!A))->!(A|!A) (Сх. акс. 1)
(51) (!(A|!A)->(!(A|!A)->!(A|!A))->!(A|!A))->(A->A|!A)->!(A|!A)->(!(A|!A)->!(A|!A))->!(A|!A) (Сх. акс. 1)
(52) (A->A|!A)->!(A|!A)->(!(A|!A)->!(A|!A))->!(A|!A) (M.P. 50, 51)
(53) ((A->A|!A)->!(A|!A)->(!(A|!A)->!(A|!A))->!(A|!A))->((A->A|!A)->(!(A|!A)->(!(A|!A)->!(A|!A))->!(A|!A))->!(A|!A)->!(A|!A))->(A->A|!A)->!(A|!A)->!(A|!A) (Сх. акс. 2)
(54) ((A->A|!A)->(!(A|!A)->(!(A|!A)->!(A|!A))->!(A|!A))->!(A|!A)->!(A|!A))->(A->A|!A)->!(A|!A)->!(A|!A) (M.P. 52, 53)
(55) (A->A|!A)->!(A|!A)->!(A|!A) (M.P. 49, 54)
(56) (!(A|!A)->!(A|!A))->(!(A|!A)->!(A|!A)->A->!(A|!A))->!(A|!A)->A->!(A|!A) (Сх. акс. 2)
(57) ((!(A|!A)->!(A|!A))->(!(A|!A)->!(A|!A)->A->!(A|!A))->!(A|!A)->A->!(A|!A))->(A->A|!A)->(!(A|!A)->!(A|!A))->(!(A|!A)->!(A|!A)->A->!(A|!A))->!(A|!A)->A->!(A|!A) (Сх. акс. 1)
(58) (A->A|!A)->(!(A|!A)->!(A|!A))->(!(A|!A)->!(A|!A)->A->!(A|!A))->!(A|!A)->A->!(A|!A) (M.P. 56, 57)
(59) ((A->A|!A)->!(A|!A)->!(A|!A))->((A->A|!A)->(!(A|!A)->!(A|!A))->(!(A|!A)->!(A|!A)->A->!(A|!A))->!(A|!A)->A->!(A|!A))->(A->A|!A)->(!(A|!A)->!(A|!A)->A->!(A|!A))->!(A|!A)->A->!(A|!A) (Сх. акс. 2)
(60) ((A->A|!A)->(!(A|!A)->!(A|!A))->(!(A|!A)->!(A|!A)->A->!(A|!A))->!(A|!A)->A->!(A|!A))->(A->A|!A)->(!(A|!A)->!(A|!A)->A->!(A|!A))->!(A|!A)->A->!(A|!A) (M.P. 55, 59)
(61) (A->A|!A)->(!(A|!A)->!(A|!A)->A->!(A|!A))->!(A|!A)->A->!(A|!A) (M.P. 58, 60)
(62) !(A|!A)->A->!(A|!A) (Сх. акс. 1)
(63) (!(A|!A)->A->!(A|!A))->(A->A|!A)->!(A|!A)->A->!(A|!A) (Сх. акс. 1)
(64) (A->A|!A)->!(A|!A)->A->!(A|!A) (M.P. 62, 33)
(65) (!(A|!A)->A->!(A|!A))->(!(A|!A)->(A->!(A|!A))->!A)->!(A|!A)->!A (Сх. акс. 2)
(66) ((!(A|!A)->A->!(A|!A))->(!(A|!A)->(A->!(A|!A))->!A)->!(A|!A)->!A)->(A->A|!A)->(!(A|!A)->A->!(A|!A))->(!(A|!A)->(A->!(A|!A))->!A)->!(A|!A)->!A (Сх. акс. 1)
(67) (A->A|!A)->(!(A|!A)->A->!(A|!A))->(!(A|!A)->(A->!(A|!A))->!A)->!(A|!A)->!A (M.P. 65, 66)
(68) ((A->A|!A)->!(A|!A)->A->!(A|!A))->((A->A|!A)->(!(A|!A)->A->!(A|!A))->(!(A|!A)->(A->!(A|!A))->!A)->!(A|!A)->!A)->(A->A|!A)->(!(A|!A)->(A->!(A|!A))->!A)->!(A|!A)->!A (Сх. акс. 2)
(69) ((A->A|!A)->(!(A|!A)->A->!(A|!A))->(!(A|!A)->(A->!(A|!A))->!A)->!(A|!A)->!A)->(A->A|!A)->(!(A|!A)->(A->!(A|!A))->!A)->!(A|!A)->!A (M.P. 64, 68)
(70) (A->A|!A)->(!(A|!A)->(A->!(A|!A))->!A)->!(A|!A)->!A (M.P. 67, 69)
(71) ((A->A|!A)->!(A|!A)->(A->!(A|!A))->!A)->((A->A|!A)->(!(A|!A)->(A->!(A|!A))->!A)->!(A|!A)->!A)->(A->A|!A)->!(A|!A)->!A (Сх. акс. 2)
(72) ((A->A|!A)->(!(A|!A)->(A->!(A|!A))->!A)->!(A|!A)->!A)->(A->A|!A)->!(A|!A)->!A (M.P. 31, 71)
(73) (A->A|!A)->!(A|!A)->!A (M.P. 70, 72)
(74) (!A->A|!A)->(!A->!(A|!A))->!!A (Сх. акс. 9)
(75) ((!A->A|!A)->(!A->!(A|!A))->!!A)->(!A->A|!A)->(!A->A|!A)->(!A->!(A|!A))->!!A (Сх. акс. 1)
(76) (!A->A|!A)->(!A->A|!A)->(!A->!(A|!A))->!!A (M.P. 74, 75)
(77) ((!A->A|!A)->(!A->!(A|!A))->!!A)->!(A|!A)->(!A->A|!A)->(!A->!(A|!A))->!!A (Сх. акс. 1)
(78) (((!A->A|!A)->(!A->!(A|!A))->!!A)->!(A|!A)->(!A->A|!A)->(!A->!(A|!A))->!!A)->(!A->A|!A)->((!A->A|!A)->(!A->!(A|!A))->!!A)->!(A|!A)->(!A->A|!A)->(!A->!(A|!A))->!!A (Сх. акс. 1)
(79) (!A->A|!A)->((!A->A|!A)->(!A->!(A|!A))->!!A)->!(A|!A)->(!A->A|!A)->(!A->!(A|!A))->!!A (M.P. 77, 78)
(80) ((!A->A|!A)->(!A->A|!A)->(!A->!(A|!A))->!!A)->((!A->A|!A)->((!A->A|!A)->(!A->!(A|!A))->!!A)->!(A|!A)->(!A->A|!A)->(!A->!(A|!A))->!!A)->(!A->A|!A)->!(A|!A)->(!A->A|!A)->(!A->!(A|!A))->!!A (Сх. акс. 2)
(81) ((!A->A|!A)->((!A->A|!A)->(!A->!(A|!A))->!!A)->!(A|!A)->(!A->A|!A)->(!A->!(A|!A))->!!A)->(!A->A|!A)->!(A|!A)->(!A->A|!A)->(!A->!(A|!A))->!!A (M.P. 76, 80)
(82) (!A->A|!A)->!(A|!A)->(!A->A|!A)->(!A->!(A|!A))->!!A (M.P. 79, 81)
(83) (!A->A|!A)->(!A->A|!A)->!A->A|!A (Сх. акс. 1)
(84) (!A->A|!A)->((!A->A|!A)->!A->A|!A)->!A->A|!A (Сх. акс. 1)
(85) ((!A->A|!A)->(!A->A|!A)->!A->A|!A)->((!A->A|!A)->((!A->A|!A)->!A->A|!A)->!A->A|!A)->(!A->A|!A)->!A->A|!A (Сх. акс. 2)
(86) ((!A->A|!A)->((!A->A|!A)->!A->A|!A)->!A->A|!A)->(!A->A|!A)->!A->A|!A (M.P. 83, 85)
(87) (!A->A|!A)->!A->A|!A (M.P. 2, 83)
(88) (!A->A|!A)->!(A|!A)->!A->A|!A (Сх. акс. 1)
(89) ((!A->A|!A)->!(A|!A)->!A->A|!A)->(!A->A|!A)->(!A->A|!A)->!(A|!A)->!A->A|!A (Сх. акс. 1)
(90) (!A->A|!A)->(!A->A|!A)->!(A|!A)->!A->A|!A (M.P. 88, 89)
(91) ((!A->A|!A)->!A->A|!A)->((!A->A|!A)->(!A->A|!A)->!(A|!A)->!A->A|!A)->(!A->A|!A)->!(A|!A)->!A->A|!A (Сх. акс. 2)
(92) ((!A->A|!A)->(!A->A|!A)->!(A|!A)->!A->A|!A)->(!A->A|!A)->!(A|!A)->!A->A|!A (M.P. 87, 91)
(93) (!A->A|!A)->!(A|!A)->!A->A|!A (Сх. акс. 1)
(94) (!(A|!A)->!A->A|!A)->(!(A|!A)->(!A->A|!A)->(!A->!(A|!A))->!!A)->!(A|!A)->(!A->!(A|!A))->!!A (Сх. акс. 2)
(95) ((!(A|!A)->!A->A|!A)->(!(A|!A)->(!A->A|!A)->(!A->!(A|!A))->!!A)->!(A|!A)->(!A->!(A|!A))->!!A)->(!A->A|!A)->(!(A|!A)->!A->A|!A)->(!(A|!A)->(!A->A|!A)->(!A->!(A|!A))->!!A)->!(A|!A)->(!A->!(A|!A))->!!A (Сх. акс. 1)
(96) (!A->A|!A)->(!(A|!A)->!A->A|!A)->(!(A|!A)->(!A->A|!A)->(!A->!(A|!A))->!!A)->!(A|!A)->(!A->!(A|!A))->!!A (M.P. 94, 95)
(97) ((!A->A|!A)->!(A|!A)->!A->A|!A)->((!A->A|!A)->(!(A|!A)->!A->A|!A)->(!(A|!A)->(!A->A|!A)->(!A->!(A|!A))->!!A)->!(A|!A)->(!A->!(A|!A))->!!A)->(!A->A|!A)->(!(A|!A)->(!A->A|!A)->(!A->!(A|!A))->!!A)->!(A|!A)->(!A->!(A|!A))->!!A (Сх. акс. 2)
(98) ((!A->A|!A)->(!(A|!A)->!A->A|!A)->(!(A|!A)->(!A->A|!A)->(!A->!(A|!A))->!!A)->!(A|!A)->(!A->!(A|!A))->!!A)->(!A->A|!A)->(!(A|!A)->(!A->A|!A)->(!A->!(A|!A))->!!A)->!(A|!A)->(!A->!(A|!A))->!!A (M.P. 93, 97)
(99) (!A->A|!A)->(!(A|!A)->(!A->A|!A)->(!A->!(A|!A))->!!A)->!(A|!A)->(!A->!(A|!A))->!!A (M.P. 96, 98)
(100) ((!A->A|!A)->!(A|!A)->(!A->A|!A)->(!A->!(A|!A))->!!A)->((!A->A|!A)->(!(A|!A)->(!A->A|!A)->(!A->!(A|!A))->!!A)->!(A|!A)->(!A->!(A|!A))->!!A)->(!A->A|!A)->!(A|!A)->(!A->!(A|!A))->!!A (Сх. акс. 2)
(101) ((!A->A|!A)->(!(A|!A)->(!A->A|!A)->(!A->!(A|!A))->!!A)->!(A|!A)->(!A->!(A|!A))->!!A)->(!A->A|!A)->!(A|!A)->(!A->!(A|!A))->!!A (M.P. 82, 100)
(102) (!A->A|!A)->!(A|!A)->(!A->!(A|!A))->!!A (M.P. 99, 101)
(103) !(A|!A)->!A->!(A|!A) (Сх. акс. 1)
(104) (!(A|!A)->!A->!(A|!A))->(!A->A|!A)->!(A|!A)->!A->!(A|!A) (Сх. акс. 1)
(105) (!A->A|!A)->!(A|!A)->!A->!(A|!A) (M.P. 103, 104)
(106) (!(A|!A)->!A->!(A|!A))->!(A|!A)->!(A|!A)->!A->!(A|!A) (Сх. акс. 1)
(107) ((!(A|!A)->!A->!(A|!A))->!(A|!A)->!(A|!A)->!A->!(A|!A))->(!A->A|!A)->(!(A|!A)->!A->!(A|!A))->!(A|!A)->!(A|!A)->!A->!(A|!A) (Сх. акс. 1)
(108) (!A->A|!A)->(!(A|!A)->!A->!(A|!A))->!(A|!A)->!(A|!A)->!A->!(A|!A) (M.P. 106, 107)
(109) ((!A->A|!A)->!(A|!A)->!A->!(A|!A))->((!A->A|!A)->(!(A|!A)->!A->!(A|!A))->!(A|!A)->!(A|!A)->!A->!(A|!A))->(!A->A|!A)->!(A|!A)->!(A|!A)->!A->!(A|!A) (Сх. акс. 2)
(110) ((!A->A|!A)->(!(A|!A)->!A->!(A|!A))->!(A|!A)->!(A|!A)->!A->!(A|!A))->(!A->A|!A)->!(A|!A)->!(A|!A)->!A->!(A|!A) (M.P. 105, 109)
(111) (!A->A|!A)->!(A|!A)->!(A|!A)->!A->!(A|!A) (M.P. 108, 110)
(112) !(A|!A)->!(A|!A)->!(A|!A) (Сх. акс. 1)
(113) (!(A|!A)->!(A|!A)->!(A|!A))->(!A->A|!A)->!(A|!A)->!(A|!A)->!(A|!A) (Сх. акс. 1)
(114) (!A->A|!A)->!(A|!A)->!(A|!A)->!(A|!A) (M.P. 112, 113)
(115) (!(A|!A)->!(A|!A)->!(A|!A))->(!(A|!A)->(!(A|!A)->!(A|!A))->!(A|!A))->!(A|!A)->!(A|!A) (Сх. акс. 2)
(116) ((!(A|!A)->!(A|!A)->!(A|!A))->(!(A|!A)->(!(A|!A)->!(A|!A))->!(A|!A))->!(A|!A)->!(A|!A))->(!A->A|!A)->(!(A|!A)->!(A|!A)->!(A|!A))->(!(A|!A)->(!(A|!A)->!(A|!A))->!(A|!A))->!(A|!A)->!(A|!A) (Сх. акс. 1)
(117) (!A->A|!A)->(!(A|!A)->!(A|!A)->!(A|!A))->(!(A|!A)->(!(A|!A)->!(A|!A))->!(A|!A))->!(A|!A)->!(A|!A) (M.P. 115, 116)
(118) ((!A->A|!A)->!(A|!A)->!(A|!A)->!(A|!A))->((!A->A|!A)->(!(A|!A)->!(A|!A)->!(A|!A))->(!(A|!A)->(!(A|!A)->!(A|!A))->!(A|!A))->!(A|!A)->!(A|!A))->(!A->A|!A)->(!(A|!A)->(!(A|!A)->!(A|!A))->!(A|!A))->!(A|!A)->!(A|!A) (Сх. акс. 2)
(119) ((!A->A|!A)->(!(A|!A)->!(A|!A)->!(A|!A))->(!(A|!A)->(!(A|!A)->!(A|!A))->!(A|!A))->!(A|!A)->!(A|!A))->(!A->A|!A)->(!(A|!A)->(!(A|!A)->!(A|!A))->!(A|!A))->!(A|!A)->!(A|!A) (M.P. 114, 118)
(120) (!A->A|!A)->(!(A|!A)->(!(A|!A)->!(A|!A))->!(A|!A))->!(A|!A)->!(A|!A) (M.P. 117, 119)
(121) !(A|!A)->(!(A|!A)->!(A|!A))->!(A|!A) (Сх. акс. 1)
(122) (!(A|!A)->(!(A|!A)->!(A|!A))->!(A|!A))->(!A->A|!A)->!(A|!A)->(!(A|!A)->!(A|!A))->!(A|!A) (Сх. акс. 1)
(123) (!A->A|!A)->!(A|!A)->(!(A|!A)->!(A|!A))->!(A|!A) (M.P. 121, 122)
(124) ((!A->A|!A)->!(A|!A)->(!(A|!A)->!(A|!A))->!(A|!A))->((!A->A|!A)->(!(A|!A)->(!(A|!A)->!(A|!A))->!(A|!A))->!(A|!A)->!(A|!A))->(!A->A|!A)->!(A|!A)->!(A|!A) (Сх. акс. 2)
(125) ((!A->A|!A)->(!(A|!A)->(!(A|!A)->!(A|!A))->!(A|!A))->!(A|!A)->!(A|!A))->(!A->A|!A)->!(A|!A)->!(A|!A) (M.P. 123, 124)
(126) (!A->A|!A)->!(A|!A)->!(A|!A) (M.P. 120, 125)
(127) (!(A|!A)->!(A|!A))->(!(A|!A)->!(A|!A)->!A->!(A|!A))->!(A|!A)->!A->!(A|!A) (Сх. акс. 2)
(128) ((!(A|!A)->!(A|!A))->(!(A|!A)->!(A|!A)->!A->!(A|!A))->!(A|!A)->!A->!(A|!A))->(!A->A|!A)->(!(A|!A)->!(A|!A))->(!(A|!A)->!(A|!A)->!A->!(A|!A))->!(A|!A)->!A->!(A|!A) (Сх. акс. 1)
(129) (!A->A|!A)->(!(A|!A)->!(A|!A))->(!(A|!A)->!(A|!A)->!A->!(A|!A))->!(A|!A)->!A->!(A|!A) (M.P. 127, 128)
(130) ((!A->A|!A)->!(A|!A)->!(A|!A))->((!A->A|!A)->(!(A|!A)->!(A|!A))->(!(A|!A)->!(A|!A)->!A->!(A|!A))->!(A|!A)->!A->!(A|!A))->(!A->A|!A)->(!(A|!A)->!(A|!A)->!A->!(A|!A))->!(A|!A)->!A->!(A|!A) (Сх. акс. 2)
(131) ((!A->A|!A)->(!(A|!A)->!(A|!A))->(!(A|!A)->!(A|!A)->!A->!(A|!A))->!(A|!A)->!A->!(A|!A))->(!A->A|!A)->(!(A|!A)->!(A|!A)->!A->!(A|!A))->!(A|!A)->!A->!(A|!A) (M.P. 126, 130)
(132) (!A->A|!A)->(!(A|!A)->!(A|!A)->!A->!(A|!A))->!(A|!A)->!A->!(A|!A) (M.P. 129, 131)
(133) !(A|!A)->!A->!(A|!A) (Сх. акс. 1)
(134) (!(A|!A)->!A->!(A|!A))->(!A->A|!A)->!(A|!A)->!A->!(A|!A) (Сх. акс. 1)
(135) (!A->A|!A)->!(A|!A)->!A->!(A|!A) (M.P. 133, 104)
(136) (!(A|!A)->!A->!(A|!A))->(!(A|!A)->(!A->!(A|!A))->!!A)->!(A|!A)->!!A (Сх. акс. 2)
(137) ((!(A|!A)->!A->!(A|!A))->(!(A|!A)->(!A->!(A|!A))->!!A)->!(A|!A)->!!A)->(!A->A|!A)->(!(A|!A)->!A->!(A|!A))->(!(A|!A)->(!A->!(A|!A))->!!A)->!(A|!A)->!!A (Сх. акс. 1)
(138) (!A->A|!A)->(!(A|!A)->!A->!(A|!A))->(!(A|!A)->(!A->!(A|!A))->!!A)->!(A|!A)->!!A (M.P. 136, 137)
(139) ((!A->A|!A)->!(A|!A)->!A->!(A|!A))->((!A->A|!A)->(!(A|!A)->!A->!(A|!A))->(!(A|!A)->(!A->!(A|!A))->!!A)->!(A|!A)->!!A)->(!A->A|!A)->(!(A|!A)->(!A->!(A|!A))->!!A)->!(A|!A)->!!A (Сх. акс. 2)
(140) ((!A->A|!A)->(!(A|!A)->!A->!(A|!A))->(!(A|!A)->(!A->!(A|!A))->!!A)->!(A|!A)->!!A)->(!A->A|!A)->(!(A|!A)->(!A->!(A|!A))->!!A)->!(A|!A)->!!A (M.P. 135, 139)
(141) (!A->A|!A)->(!(A|!A)->(!A->!(A|!A))->!!A)->!(A|!A)->!!A (M.P. 138, 140)
(142) ((!A->A|!A)->!(A|!A)->(!A->!(A|!A))->!!A)->((!A->A|!A)->(!(A|!A)->(!A->!(A|!A))->!!A)->!(A|!A)->!!A)->(!A->A|!A)->!(A|!A)->!!A (Сх. акс. 2)
(143) ((!A->A|!A)->(!(A|!A)->(!A->!(A|!A))->!!A)->!(A|!A)->!!A)->(!A->A|!A)->!(A|!A)->!!A (M.P. 102, 142)
(144) (!A->A|!A)->!(A|!A)->!!A (M.P. 141, 143)
(145) !(A|!A)->!A (M.P. 1, 73)
(146) !(A|!A)->!!A (M.P. 2, 144)
(147) (!(A|!A)->!A)->(!(A|!A)->!!A)->!(!(A|!A)) (Сх. акс. 9)
(148) (!(A|!A)->!!A)->!(!(A|!A)) (M.P. 145, 147)
(149) !(!(A|!A)) (M.P. 146, 148)
(150) !(!(A|!A))->A|!A (Сх. акс. 10)
(151) A|!A (M.P. 149, 150)

