(1) (A->B)->(A->!B)->!A (Сх. акс. 9)
(2) ((A->B)->(A->!B)->!A)->(A->B)->(A->B)->(A->!B)->!A (Сх. акс. 1)
(3) (A->B)->(A->B)->(A->!B)->!A (M.P. 1, 2)
(4) ((A->B)->(A->!B)->!A)->!B->(A->B)->(A->!B)->!A (Сх. акс. 1)
(5) (((A->B)->(A->!B)->!A)->!B->(A->B)->(A->!B)->!A)->(A->B)->((A->B)->(A->!B)->!A)->!B->(A->B)->(A->!B)->!A (Сх. акс. 1)
(6) (A->B)->((A->B)->(A->!B)->!A)->!B->(A->B)->(A->!B)->!A (M.P. 4, 5)
(7) ((A->B)->(A->B)->(A->!B)->!A)->((A->B)->((A->B)->(A->!B)->!A)->!B->(A->B)->(A->!B)->!A)->(A->B)->!B->(A->B)->(A->!B)->!A (Сх. акс. 2)
(8) ((A->B)->((A->B)->(A->!B)->!A)->!B->(A->B)->(A->!B)->!A)->(A->B)->!B->(A->B)->(A->!B)->!A (M.P. 3, 7)
(9) (A->B)->!B->(A->B)->(A->!B)->!A (M.P. 6, 8)
(10) (A->B)->(A->B)->A->B (Сх. акс. 1)
(11) ((A->B)->(A->B)->A->B)->((A->B)->((A->B)->A->B)->A->B)->(A->B)->A->B (Сх. акс. 2)
(12) ((A->B)->((A->B)->A->B)->A->B)->(A->B)->A->B (M.P. 10, 11)
(13) (A->B)->((A->B)->A->B)->A->B (Сх. акс. 1)
(14) (A->B)->A->B (M.P. 13, 12)
(15) (A->B)->!B->A->B (Сх. акс. 1)
(16) ((A->B)->!B->A->B)->(A->B)->(A->B)->!B->A->B (Сх. акс. 1)
(17) (A->B)->(A->B)->!B->A->B (M.P. 15, 16)
(18) ((A->B)->A->B)->((A->B)->(A->B)->!B->A->B)->(A->B)->!B->A->B (Сх. акс. 2)
(19) ((A->B)->(A->B)->!B->A->B)->(A->B)->!B->A->B (M.P. 14, 18)
(20) (A->B)->!B->A->B (Сх. акс. 1)
(21) (!B->A->B)->(!B->(A->B)->(A->!B)->!A)->!B->(A->!B)->!A (Сх. акс. 2)
(22) ((!B->A->B)->(!B->(A->B)->(A->!B)->!A)->!B->(A->!B)->!A)->(A->B)->(!B->A->B)->(!B->(A->B)->(A->!B)->!A)->!B->(A->!B)->!A (Сх. акс. 1)
(23) (A->B)->(!B->A->B)->(!B->(A->B)->(A->!B)->!A)->!B->(A->!B)->!A (M.P. 21, 22)
(24) ((A->B)->!B->A->B)->((A->B)->(!B->A->B)->(!B->(A->B)->(A->!B)->!A)->!B->(A->!B)->!A)->(A->B)->(!B->(A->B)->(A->!B)->!A)->!B->(A->!B)->!A (Сх. акс. 2)
(25) ((A->B)->(!B->A->B)->(!B->(A->B)->(A->!B)->!A)->!B->(A->!B)->!A)->(A->B)->(!B->(A->B)->(A->!B)->!A)->!B->(A->!B)->!A (M.P. 20, 24)
(26) (A->B)->(!B->(A->B)->(A->!B)->!A)->!B->(A->!B)->!A (M.P. 23, 25)
(27) ((A->B)->!B->(A->B)->(A->!B)->!A)->((A->B)->(!B->(A->B)->(A->!B)->!A)->!B->(A->!B)->!A)->(A->B)->!B->(A->!B)->!A (Сх. акс. 2)
(28) ((A->B)->(!B->(A->B)->(A->!B)->!A)->!B->(A->!B)->!A)->(A->B)->!B->(A->!B)->!A (M.P. 9, 27)
(29) (A->B)->!B->(A->!B)->!A (M.P. 26, 28)
(30) !B->A->!B (Сх. акс. 1)
(31) (!B->A->!B)->(A->B)->!B->A->!B (Сх. акс. 1)
(32) (A->B)->!B->A->!B (M.P. 30, 31)
(33) (!B->A->!B)->!B->!B->A->!B (Сх. акс. 1)
(34) ((!B->A->!B)->!B->!B->A->!B)->(A->B)->(!B->A->!B)->!B->!B->A->!B (Сх. акс. 1)
(35) (A->B)->(!B->A->!B)->!B->!B->A->!B (M.P. 33, 34)
(36) ((A->B)->!B->A->!B)->((A->B)->(!B->A->!B)->!B->!B->A->!B)->(A->B)->!B->!B->A->!B (Сх. акс. 2)
(37) ((A->B)->(!B->A->!B)->!B->!B->A->!B)->(A->B)->!B->!B->A->!B (M.P. 32, 36)
(38) (A->B)->!B->!B->A->!B (M.P. 35, 37)
(39) !B->!B->!B (Сх. акс. 1)
(40) (!B->!B->!B)->(A->B)->!B->!B->!B (Сх. акс. 1)
(41) (A->B)->!B->!B->!B (M.P. 39, 40)
(42) (!B->!B->!B)->(!B->(!B->!B)->!B)->!B->!B (Сх. акс. 2)
(43) ((!B->!B->!B)->(!B->(!B->!B)->!B)->!B->!B)->(A->B)->(!B->!B->!B)->(!B->(!B->!B)->!B)->!B->!B (Сх. акс. 1)
(44) (A->B)->(!B->!B->!B)->(!B->(!B->!B)->!B)->!B->!B (M.P. 42, 43)
(45) ((A->B)->!B->!B->!B)->((A->B)->(!B->!B->!B)->(!B->(!B->!B)->!B)->!B->!B)->(A->B)->(!B->(!B->!B)->!B)->!B->!B (Сх. акс. 2)
(46) ((A->B)->(!B->!B->!B)->(!B->(!B->!B)->!B)->!B->!B)->(A->B)->(!B->(!B->!B)->!B)->!B->!B (M.P. 41, 45)
(47) (A->B)->(!B->(!B->!B)->!B)->!B->!B (M.P. 44, 46)
(48) !B->(!B->!B)->!B (Сх. акс. 1)
(49) (!B->(!B->!B)->!B)->(A->B)->!B->(!B->!B)->!B (Сх. акс. 1)
(50) (A->B)->!B->(!B->!B)->!B (M.P. 48, 49)
(51) ((A->B)->!B->(!B->!B)->!B)->((A->B)->(!B->(!B->!B)->!B)->!B->!B)->(A->B)->!B->!B (Сх. акс. 2)
(52) ((A->B)->(!B->(!B->!B)->!B)->!B->!B)->(A->B)->!B->!B (M.P. 50, 51)
(53) (A->B)->!B->!B (M.P. 47, 52)
(54) (!B->!B)->(!B->!B->A->!B)->!B->A->!B (Сх. акс. 2)
(55) ((!B->!B)->(!B->!B->A->!B)->!B->A->!B)->(A->B)->(!B->!B)->(!B->!B->A->!B)->!B->A->!B (Сх. акс. 1)
(56) (A->B)->(!B->!B)->(!B->!B->A->!B)->!B->A->!B (M.P. 54, 55)
(57) ((A->B)->!B->!B)->((A->B)->(!B->!B)->(!B->!B->A->!B)->!B->A->!B)->(A->B)->(!B->!B->A->!B)->!B->A->!B (Сх. акс. 2)
(58) ((A->B)->(!B->!B)->(!B->!B->A->!B)->!B->A->!B)->(A->B)->(!B->!B->A->!B)->!B->A->!B (M.P. 53, 57)
(59) (A->B)->(!B->!B->A->!B)->!B->A->!B (M.P. 56, 58)
(60) !B->A->!B (Сх. акс. 1)
(61) (!B->A->!B)->(A->B)->!B->A->!B (Сх. акс. 1)
(62) (A->B)->!B->A->!B (M.P. 60, 31)
(63) (!B->A->!B)->(!B->(A->!B)->!A)->!B->!A (Сх. акс. 2)
(64) ((!B->A->!B)->(!B->(A->!B)->!A)->!B->!A)->(A->B)->(!B->A->!B)->(!B->(A->!B)->!A)->!B->!A (Сх. акс. 1)
(65) (A->B)->(!B->A->!B)->(!B->(A->!B)->!A)->!B->!A (M.P. 63, 64)
(66) ((A->B)->!B->A->!B)->((A->B)->(!B->A->!B)->(!B->(A->!B)->!A)->!B->!A)->(A->B)->(!B->(A->!B)->!A)->!B->!A (Сх. акс. 2)
(67) ((A->B)->(!B->A->!B)->(!B->(A->!B)->!A)->!B->!A)->(A->B)->(!B->(A->!B)->!A)->!B->!A (M.P. 62, 66)
(68) (A->B)->(!B->(A->!B)->!A)->!B->!A (M.P. 65, 67)
(69) ((A->B)->!B->(A->!B)->!A)->((A->B)->(!B->(A->!B)->!A)->!B->!A)->(A->B)->!B->!A (Сх. акс. 2)
(70) ((A->B)->(!B->(A->!B)->!A)->!B->!A)->(A->B)->!B->!A (M.P. 29, 69)
(71) (A->B)->!B->!A (M.P. 68, 70)

